This file contains any messages produced by compilers while
running configure, to aid debugging if configure makes a mistake.

It was created by PostgreSQL configure 8.1.7, which was
generated by GNU Autoconf 2.59.  Invocation command line was

  $ ./configure 

## --------- ##
## Platform. ##
## --------- ##

hostname = Kat'sMacBookPro
uname -m = x86_64
uname -r = 13.4.0
uname -s = Darwin
uname -v = Darwin Kernel Version 13.4.0: Sun Aug 17 19:50:11 PDT 2014; root:xnu-2422.115.4~1/RELEASE_X86_64

/usr/bin/uname -p = i386
/bin/uname -X     = unknown

/bin/arch              = unknown
/usr/bin/arch -k       = unknown
/usr/convex/getsysinfo = unknown
hostinfo               = Mach kernel version:
	 Darwin Kernel Version 13.4.0: Sun Aug 17 19:50:11 PDT 2014; root:xnu-2422.115.4~1/RELEASE_X86_64
Kernel configured for up to 4 processors.
2 processors are physically available.
4 processors are logically available.
Processor type: i486 (Intel 80486)
Processors active: 0 1 2 3
Primary memory available: 4.00 gigabytes
Default processor set: 206 tasks, 949 threads, 4 processors
Load average: 1.29, Mach factor: 2.70
/bin/machine           = unknown
/usr/bin/oslevel       = unknown
/bin/universe          = unknown

PATH: /Library/Frameworks/Python.framework/Versions/3.4/bin
PATH: /usr/local/bin
PATH: /Users/katdrobnjakovic/.rvm/gems/ruby-2.0.0-p247/bin
PATH: /Users/katdrobnjakovic/.rvm/gems/ruby-2.0.0-p247@global/bin
PATH: /Users/katdrobnjakovic/.rvm/rubies/ruby-2.0.0-p247/bin
PATH: /Users/katdrobnjakovic/.rvm/bin
PATH: /usr/bin
PATH: /bin
PATH: /usr/sbin
PATH: /sbin
PATH: /usr/local/bin


## ----------- ##
## Core tests. ##
## ----------- ##

configure:1405: checking build system type
configure:1423: result: i686-apple-darwin13.4.0
configure:1431: checking host system type
configure:1445: result: i686-apple-darwin13.4.0
configure:1455: checking which template to use
configure:1556: result: darwin
configure:1694: checking whether to build with 64-bit integer date/time support
configure:1725: result: no
configure:1732: checking whether NLS is wanted
configure:1766: result: no
configure:1774: checking for default port number
configure:1803: result: 5432
configure:2028: checking for gcc
configure:2044: found /usr/bin/gcc
configure:2054: result: gcc
configure:2075: checking for C compiler version
configure:2078: gcc --version </dev/null >&5
Configured with: --prefix=/Applications/Xcode.app/Contents/Developer/usr --with-gxx-include-dir=/usr/include/c++/4.2.1
Apple LLVM version 6.0 (clang-600.0.54) (based on LLVM 3.5svn)
Target: x86_64-apple-darwin13.4.0
Thread model: posix
configure:2081: $? = 0
configure:2083: gcc -v </dev/null >&5
Configured with: --prefix=/Applications/Xcode.app/Contents/Developer/usr --with-gxx-include-dir=/usr/include/c++/4.2.1
Apple LLVM version 6.0 (clang-600.0.54) (based on LLVM 3.5svn)
Target: x86_64-apple-darwin13.4.0
Thread model: posix
configure:2086: $? = 0
configure:2088: gcc -V </dev/null >&5
clang: error: argument to '-V' is missing (expected 1 value)
clang: error: no input files
configure:2091: $? = 1
configure:2114: checking for C compiler default output file name
configure:2117: gcc    conftest.c  >&5
configure:2120: $? = 0
configure:2166: result: a.out
configure:2171: checking whether the C compiler works
configure:2177: ./a.out
configure:2180: $? = 0
configure:2197: result: yes
configure:2204: checking whether we are cross compiling
configure:2206: result: no
configure:2209: checking for suffix of executables
configure:2211: gcc -o conftest    conftest.c  >&5
configure:2214: $? = 0
configure:2239: result: 
configure:2245: checking for suffix of object files
configure:2266: gcc -c   conftest.c >&5
configure:2269: $? = 0
configure:2291: result: o
configure:2295: checking whether we are using the GNU C compiler
configure:2319: gcc -c   conftest.c >&5
configure:2325: $? = 0
configure:2329: test -z 
			 || test ! -s conftest.err
configure:2332: $? = 0
configure:2335: test -s conftest.o
configure:2338: $? = 0
configure:2351: result: yes
configure:2357: checking whether gcc accepts -g
configure:2378: gcc -c -g  conftest.c >&5
configure:2384: $? = 0
configure:2388: test -z 
			 || test ! -s conftest.err
configure:2391: $? = 0
configure:2394: test -s conftest.o
configure:2397: $? = 0
configure:2408: result: yes
configure:2425: checking for gcc option to accept ANSI C
configure:2495: gcc  -c -g -O2  conftest.c >&5
configure:2501: $? = 0
configure:2505: test -z 
			 || test ! -s conftest.err
configure:2508: $? = 0
configure:2511: test -s conftest.o
configure:2514: $? = 0
configure:2532: result: none needed
configure:2550: gcc -c -g -O2  conftest.c >&5
conftest.c:2:3: error: unknown type name 'choke'
  choke me
  ^
conftest.c:2:11: error: expected ';' after top level declarator
  choke me
          ^
          ;
2 errors generated.
configure:2556: $? = 1
configure: failed program was:
| #ifndef __cplusplus
|   choke me
| #endif
configure:2742: gcc -no-cpp-precomp -c -O2  conftest.c >&5
conftest.c:17:1: error: use of undeclared identifier 'choke'
choke me
^
1 error generated.
configure:2748: $? = 1
configure: failed program was:
| /* confdefs.h.  */
| 
| #define PACKAGE_NAME "PostgreSQL"
| #define PACKAGE_TARNAME "postgresql"
| #define PACKAGE_VERSION "8.1.7"
| #define PACKAGE_STRING "PostgreSQL 8.1.7"
| #define PACKAGE_BUGREPORT "pgsql-bugs@postgresql.org"
| #define PG_VERSION "8.1.7"
| #define DEF_PGPORT 5432
| #define DEF_PGPORT_STR "5432"
| /* end confdefs.h.  */
| 
| int
| main ()
| {
| #ifndef __INTEL_COMPILER
| choke me
| #endif
|   ;
|   return 0;
| }
configure:2775: checking if gcc -no-cpp-precomp supports -Wdeclaration-after-statement
configure:2795: gcc -no-cpp-precomp -c -O2 -Wall -Wmissing-prototypes -Wpointer-arith -Winline -Wdeclaration-after-statement  conftest.c >&5
configure:2801: $? = 0
configure:2805: test -z 
			 || test ! -s conftest.err
configure:2808: $? = 0
configure:2811: test -s conftest.o
configure:2814: $? = 0
configure:2816: result: yes
configure:2828: checking if gcc -no-cpp-precomp supports -Wendif-labels
configure:2848: gcc -no-cpp-precomp -c -O2 -Wall -Wmissing-prototypes -Wpointer-arith -Winline -Wdeclaration-after-statement -Wendif-labels  conftest.c >&5
configure:2854: $? = 0
configure:2858: test -z 
			 || test ! -s conftest.err
configure:2861: $? = 0
configure:2864: test -s conftest.o
configure:2867: $? = 0
configure:2869: result: yes
configure:2941: checking if gcc -no-cpp-precomp supports -fno-strict-aliasing
configure:2961: gcc -no-cpp-precomp -c -O2 -Wall -Wmissing-prototypes -Wpointer-arith -Winline -Wdeclaration-after-statement -Wendif-labels -fno-strict-aliasing  conftest.c >&5
configure:2967: $? = 0
configure:2971: test -z 
			 || test ! -s conftest.err
configure:2974: $? = 0
configure:2977: test -s conftest.o
configure:2980: $? = 0
configure:2982: result: yes
configure:3056: using CFLAGS=-O2 -Wall -Wmissing-prototypes -Wpointer-arith -Winline -Wdeclaration-after-statement -Wendif-labels -fno-strict-aliasing
configure:3065: checking whether the C compiler still works
configure:3083: gcc -no-cpp-precomp -o conftest -O2 -Wall -Wmissing-prototypes -Wpointer-arith -Winline -Wdeclaration-after-statement -Wendif-labels -fno-strict-aliasing   conftest.c  >&5
configure:3089: $? = 0
configure:3093: test -z 
			 || test ! -s conftest.err
configure:3096: $? = 0
configure:3099: test -s conftest
configure:3102: $? = 0
configure:3104: result: yes
configure:3139: gcc -no-cpp-precomp -c -O2 -Wall -Wmissing-prototypes -Wpointer-arith -Winline -Wdeclaration-after-statement -Wendif-labels -fno-strict-aliasing  conftest.c >&5
configure:3145: $? = 0
configure:3149: test -z 
			 || test ! -s conftest.err
configure:3152: $? = 0
configure:3155: test -s conftest.o
configure:3158: $? = 0
configure:3177: checking how to run the C preprocessor
configure:3212: gcc -no-cpp-precomp -E  conftest.c
configure:3218: $? = 0
configure:3250: gcc -no-cpp-precomp -E  conftest.c
conftest.c:12:10: fatal error: 'ac_nonexistent.h' file not found
#include <ac_nonexistent.h>
         ^
1 error generated.
configure:3256: $? = 1
configure: failed program was:
| /* confdefs.h.  */
| 
| #define PACKAGE_NAME "PostgreSQL"
| #define PACKAGE_TARNAME "postgresql"
| #define PACKAGE_VERSION "8.1.7"
| #define PACKAGE_STRING "PostgreSQL 8.1.7"
| #define PACKAGE_BUGREPORT "pgsql-bugs@postgresql.org"
| #define PG_VERSION "8.1.7"
| #define DEF_PGPORT 5432
| #define DEF_PGPORT_STR "5432"
| /* end confdefs.h.  */
| #include <ac_nonexistent.h>
configure:3295: result: gcc -no-cpp-precomp -E
configure:3319: gcc -no-cpp-precomp -E  conftest.c
configure:3325: $? = 0
configure:3357: gcc -no-cpp-precomp -E  conftest.c
conftest.c:12:10: fatal error: 'ac_nonexistent.h' file not found
#include <ac_nonexistent.h>
         ^
1 error generated.
configure:3363: $? = 1
configure: failed program was:
| /* confdefs.h.  */
| 
| #define PACKAGE_NAME "PostgreSQL"
| #define PACKAGE_TARNAME "postgresql"
| #define PACKAGE_VERSION "8.1.7"
| #define PACKAGE_STRING "PostgreSQL 8.1.7"
| #define PACKAGE_BUGREPORT "pgsql-bugs@postgresql.org"
| #define PG_VERSION "8.1.7"
| #define DEF_PGPORT 5432
| #define DEF_PGPORT_STR "5432"
| /* end confdefs.h.  */
| #include <ac_nonexistent.h>
configure:3538: checking allow thread-safe client libraries
configure:3599: result: no
configure:3606: checking whether to build with Tcl
configure:3634: result: no
configure:3670: checking whether to build Perl modules
configure:3698: result: no
configure:3705: checking whether to build Python modules
configure:3733: result: no
configure:3740: checking whether to build with Kerberos 5 support
configure:3775: result: no
configure:3823: checking whether to build with PAM support
configure:3855: result: no
configure:3863: checking whether to build with Bonjour support
configure:3895: result: no
configure:3903: checking whether to build with OpenSSL support
configure:3935: result: no
configure:4024: checking for egrep
configure:4034: result: grep -E
configure:4071: using CPPFLAGS= 
configure:4073: using LDFLAGS= 
configure:4082: checking for gawk
configure:4111: result: no
configure:4082: checking for mawk
configure:4111: result: no
configure:4082: checking for nawk
configure:4111: result: no
configure:4082: checking for awk
configure:4098: found /usr/bin/awk
configure:4108: result: awk
configure:4118: checking for flex
configure:4157: result: /usr/bin/flex
configure:4192: checking whether ln -s works
configure:4196: result: yes
configure:4214: checking for ld used by GCC
configure:4277: result: /Applications/Xcode.app/Contents/Developer/Toolchains/XcodeDefault.xctoolchain/usr/bin/ld
configure:4286: checking if the linker (/Applications/Xcode.app/Contents/Developer/Toolchains/XcodeDefault.xctoolchain/usr/bin/ld) is GNU ld
configure:4298: result: no
configure:4408: checking for ranlib
configure:4424: found /usr/bin/ranlib
configure:4435: result: ranlib
configure:4451: checking for lorder
configure:4467: found /usr/bin/lorder
configure:4477: result: lorder
configure:4489: checking for tar
configure:4507: found /usr/bin/tar
configure:4519: result: /usr/bin/tar
configure:4568: checking for strip
configure:4584: found /usr/bin/strip
configure:4595: result: strip
configure:4608: checking whether it is possible to strip libraries
configure:4618: result: no
configure:4629: checking for bison
configure:4645: found /usr/bin/bison
configure:4655: result: bison -y
configure:4699: checking for perl
configure:4717: found /usr/bin/perl
configure:4729: result: /usr/bin/perl
configure:4889: checking for main in -lbsd
configure:4913: gcc -no-cpp-precomp -o conftest -O2 -Wall -Wmissing-prototypes -Wpointer-arith -Winline -Wdeclaration-after-statement -Wendif-labels -fno-strict-aliasing     conftest.c -lbsd   >&5
ld: library not found for -lbsd
clang: error: linker command failed with exit code 1 (use -v to see invocation)
configure:4919: $? = 1
configure: failed program was:
| /* confdefs.h.  */
| 
| #define PACKAGE_NAME "PostgreSQL"
| #define PACKAGE_TARNAME "postgresql"
| #define PACKAGE_VERSION "8.1.7"
| #define PACKAGE_STRING "PostgreSQL 8.1.7"
| #define PACKAGE_BUGREPORT "pgsql-bugs@postgresql.org"
| #define PG_VERSION "8.1.7"
| #define DEF_PGPORT 5432
| #define DEF_PGPORT_STR "5432"
| #define PG_VERSION_STR "PostgreSQL 8.1.7 on i686-apple-darwin13.4.0, compiled by GCC Apple LLVM version 6.0 (clang-600.0.54) (based on LLVM 3.5svn)"
| #define PG_KRB_SRVNAM "postgres"
| /* end confdefs.h.  */
| 
| 
| int
| main ()
| {
| main ();
|   ;
|   return 0;
| }
configure:4945: result: no
configure:4958: checking for setproctitle in -lutil
configure:4988: gcc -no-cpp-precomp -o conftest -O2 -Wall -Wmissing-prototypes -Wpointer-arith -Winline -Wdeclaration-after-statement -Wendif-labels -fno-strict-aliasing     conftest.c -lutil   >&5
Undefined symbols for architecture x86_64:
  "_setproctitle", referenced from:
      _main in conftest-6881bd.o
ld: symbol(s) not found for architecture x86_64
clang: error: linker command failed with exit code 1 (use -v to see invocation)
configure:4994: $? = 1
configure: failed program was:
| /* confdefs.h.  */
| 
| #define PACKAGE_NAME "PostgreSQL"
| #define PACKAGE_TARNAME "postgresql"
| #define PACKAGE_VERSION "8.1.7"
| #define PACKAGE_STRING "PostgreSQL 8.1.7"
| #define PACKAGE_BUGREPORT "pgsql-bugs@postgresql.org"
| #define PG_VERSION "8.1.7"
| #define DEF_PGPORT 5432
| #define DEF_PGPORT_STR "5432"
| #define PG_VERSION_STR "PostgreSQL 8.1.7 on i686-apple-darwin13.4.0, compiled by GCC Apple LLVM version 6.0 (clang-600.0.54) (based on LLVM 3.5svn)"
| #define PG_KRB_SRVNAM "postgres"
| /* end confdefs.h.  */
| 
| /* Override any gcc2 internal prototype to avoid an error.  */
| #ifdef __cplusplus
| extern "C"
| #endif
| /* We use char because int might match the return type of a gcc2
|    builtin and then its argument prototype would still apply.  */
| char setproctitle ();
| int
| main ()
| {
| setproctitle ();
|   ;
|   return 0;
| }
configure:5020: result: no
configure:5032: checking for main in -lm
configure:5056: gcc -no-cpp-precomp -o conftest -O2 -Wall -Wmissing-prototypes -Wpointer-arith -Winline -Wdeclaration-after-statement -Wendif-labels -fno-strict-aliasing     conftest.c -lm   >&5
configure:5062: $? = 0
configure:5066: test -z 
			 || test ! -s conftest.err
configure:5069: $? = 0
configure:5072: test -s conftest
configure:5075: $? = 0
configure:5088: result: yes
configure:5100: checking for main in -ldl
configure:5124: gcc -no-cpp-precomp -o conftest -O2 -Wall -Wmissing-prototypes -Wpointer-arith -Winline -Wdeclaration-after-statement -Wendif-labels -fno-strict-aliasing     conftest.c -ldl  -lm  >&5
configure:5130: $? = 0
configure:5134: test -z 
			 || test ! -s conftest.err
configure:5137: $? = 0
configure:5140: test -s conftest
configure:5143: $? = 0
configure:5156: result: yes
configure:5168: checking for main in -lnsl
configure:5192: gcc -no-cpp-precomp -o conftest -O2 -Wall -Wmissing-prototypes -Wpointer-arith -Winline -Wdeclaration-after-statement -Wendif-labels -fno-strict-aliasing     conftest.c -lnsl  -ldl -lm  >&5
ld: library not found for -lnsl
clang: error: linker command failed with exit code 1 (use -v to see invocation)
configure:5198: $? = 1
configure: failed program was:
| /* confdefs.h.  */
| 
| #define PACKAGE_NAME "PostgreSQL"
| #define PACKAGE_TARNAME "postgresql"
| #define PACKAGE_VERSION "8.1.7"
| #define PACKAGE_STRING "PostgreSQL 8.1.7"
| #define PACKAGE_BUGREPORT "pgsql-bugs@postgresql.org"
| #define PG_VERSION "8.1.7"
| #define DEF_PGPORT 5432
| #define DEF_PGPORT_STR "5432"
| #define PG_VERSION_STR "PostgreSQL 8.1.7 on i686-apple-darwin13.4.0, compiled by GCC Apple LLVM version 6.0 (clang-600.0.54) (based on LLVM 3.5svn)"
| #define PG_KRB_SRVNAM "postgres"
| #define HAVE_LIBM 1
| #define HAVE_LIBDL 1
| /* end confdefs.h.  */
| 
| 
| int
| main ()
| {
| main ();
|   ;
|   return 0;
| }
configure:5224: result: no
configure:5236: checking for main in -lsocket
configure:5260: gcc -no-cpp-precomp -o conftest -O2 -Wall -Wmissing-prototypes -Wpointer-arith -Winline -Wdeclaration-after-statement -Wendif-labels -fno-strict-aliasing     conftest.c -lsocket  -ldl -lm  >&5
ld: library not found for -lsocket
clang: error: linker command failed with exit code 1 (use -v to see invocation)
configure:5266: $? = 1
configure: failed program was:
| /* confdefs.h.  */
| 
| #define PACKAGE_NAME "PostgreSQL"
| #define PACKAGE_TARNAME "postgresql"
| #define PACKAGE_VERSION "8.1.7"
| #define PACKAGE_STRING "PostgreSQL 8.1.7"
| #define PACKAGE_BUGREPORT "pgsql-bugs@postgresql.org"
| #define PG_VERSION "8.1.7"
| #define DEF_PGPORT 5432
| #define DEF_PGPORT_STR "5432"
| #define PG_VERSION_STR "PostgreSQL 8.1.7 on i686-apple-darwin13.4.0, compiled by GCC Apple LLVM version 6.0 (clang-600.0.54) (based on LLVM 3.5svn)"
| #define PG_KRB_SRVNAM "postgres"
| #define HAVE_LIBM 1
| #define HAVE_LIBDL 1
| /* end confdefs.h.  */
| 
| 
| int
| main ()
| {
| main ();
|   ;
|   return 0;
| }
configure:5292: result: no
configure:5304: checking for main in -lipc
configure:5328: gcc -no-cpp-precomp -o conftest -O2 -Wall -Wmissing-prototypes -Wpointer-arith -Winline -Wdeclaration-after-statement -Wendif-labels -fno-strict-aliasing     conftest.c -lipc  -ldl -lm  >&5
ld: library not found for -lipc
clang: error: linker command failed with exit code 1 (use -v to see invocation)
configure:5334: $? = 1
configure: failed program was:
| /* confdefs.h.  */
| 
| #define PACKAGE_NAME "PostgreSQL"
| #define PACKAGE_TARNAME "postgresql"
| #define PACKAGE_VERSION "8.1.7"
| #define PACKAGE_STRING "PostgreSQL 8.1.7"
| #define PACKAGE_BUGREPORT "pgsql-bugs@postgresql.org"
| #define PG_VERSION "8.1.7"
| #define DEF_PGPORT 5432
| #define DEF_PGPORT_STR "5432"
| #define PG_VERSION_STR "PostgreSQL 8.1.7 on i686-apple-darwin13.4.0, compiled by GCC Apple LLVM version 6.0 (clang-600.0.54) (based on LLVM 3.5svn)"
| #define PG_KRB_SRVNAM "postgres"
| #define HAVE_LIBM 1
| #define HAVE_LIBDL 1
| /* end confdefs.h.  */
| 
| 
| int
| main ()
| {
| main ();
|   ;
|   return 0;
| }
configure:5360: result: no
configure:5372: checking for main in -lIPC
configure:5396: gcc -no-cpp-precomp -o conftest -O2 -Wall -Wmissing-prototypes -Wpointer-arith -Winline -Wdeclaration-after-statement -Wendif-labels -fno-strict-aliasing     conftest.c -lIPC  -ldl -lm  >&5
ld: library not found for -lIPC
clang: error: linker command failed with exit code 1 (use -v to see invocation)
configure:5402: $? = 1
configure: failed program was:
| /* confdefs.h.  */
| 
| #define PACKAGE_NAME "PostgreSQL"
| #define PACKAGE_TARNAME "postgresql"
| #define PACKAGE_VERSION "8.1.7"
| #define PACKAGE_STRING "PostgreSQL 8.1.7"
| #define PACKAGE_BUGREPORT "pgsql-bugs@postgresql.org"
| #define PG_VERSION "8.1.7"
| #define DEF_PGPORT 5432
| #define DEF_PGPORT_STR "5432"
| #define PG_VERSION_STR "PostgreSQL 8.1.7 on i686-apple-darwin13.4.0, compiled by GCC Apple LLVM version 6.0 (clang-600.0.54) (based on LLVM 3.5svn)"
| #define PG_KRB_SRVNAM "postgres"
| #define HAVE_LIBM 1
| #define HAVE_LIBDL 1
| /* end confdefs.h.  */
| 
| 
| int
| main ()
| {
| main ();
|   ;
|   return 0;
| }
configure:5428: result: no
configure:5440: checking for main in -llc
configure:5464: gcc -no-cpp-precomp -o conftest -O2 -Wall -Wmissing-prototypes -Wpointer-arith -Winline -Wdeclaration-after-statement -Wendif-labels -fno-strict-aliasing     conftest.c -llc  -ldl -lm  >&5
ld: library not found for -llc
clang: error: linker command failed with exit code 1 (use -v to see invocation)
configure:5470: $? = 1
configure: failed program was:
| /* confdefs.h.  */
| 
| #define PACKAGE_NAME "PostgreSQL"
| #define PACKAGE_TARNAME "postgresql"
| #define PACKAGE_VERSION "8.1.7"
| #define PACKAGE_STRING "PostgreSQL 8.1.7"
| #define PACKAGE_BUGREPORT "pgsql-bugs@postgresql.org"
| #define PG_VERSION "8.1.7"
| #define DEF_PGPORT 5432
| #define DEF_PGPORT_STR "5432"
| #define PG_VERSION_STR "PostgreSQL 8.1.7 on i686-apple-darwin13.4.0, compiled by GCC Apple LLVM version 6.0 (clang-600.0.54) (based on LLVM 3.5svn)"
| #define PG_KRB_SRVNAM "postgres"
| #define HAVE_LIBM 1
| #define HAVE_LIBDL 1
| /* end confdefs.h.  */
| 
| 
| int
| main ()
| {
| main ();
|   ;
|   return 0;
| }
configure:5496: result: no
configure:5508: checking for main in -ldld
configure:5532: gcc -no-cpp-precomp -o conftest -O2 -Wall -Wmissing-prototypes -Wpointer-arith -Winline -Wdeclaration-after-statement -Wendif-labels -fno-strict-aliasing     conftest.c -ldld  -ldl -lm  >&5
ld: library not found for -ldld
clang: error: linker command failed with exit code 1 (use -v to see invocation)
configure:5538: $? = 1
configure: failed program was:
| /* confdefs.h.  */
| 
| #define PACKAGE_NAME "PostgreSQL"
| #define PACKAGE_TARNAME "postgresql"
| #define PACKAGE_VERSION "8.1.7"
| #define PACKAGE_STRING "PostgreSQL 8.1.7"
| #define PACKAGE_BUGREPORT "pgsql-bugs@postgresql.org"
| #define PG_VERSION "8.1.7"
| #define DEF_PGPORT 5432
| #define DEF_PGPORT_STR "5432"
| #define PG_VERSION_STR "PostgreSQL 8.1.7 on i686-apple-darwin13.4.0, compiled by GCC Apple LLVM version 6.0 (clang-600.0.54) (based on LLVM 3.5svn)"
| #define PG_KRB_SRVNAM "postgres"
| #define HAVE_LIBM 1
| #define HAVE_LIBDL 1
| /* end confdefs.h.  */
| 
| 
| int
| main ()
| {
| main ();
|   ;
|   return 0;
| }
configure:5564: result: no
configure:5576: checking for main in -lld
configure:5600: gcc -no-cpp-precomp -o conftest -O2 -Wall -Wmissing-prototypes -Wpointer-arith -Winline -Wdeclaration-after-statement -Wendif-labels -fno-strict-aliasing     conftest.c -lld  -ldl -lm  >&5
ld: library not found for -lld
clang: error: linker command failed with exit code 1 (use -v to see invocation)
configure:5606: $? = 1
configure: failed program was:
| /* confdefs.h.  */
| 
| #define PACKAGE_NAME "PostgreSQL"
| #define PACKAGE_TARNAME "postgresql"
| #define PACKAGE_VERSION "8.1.7"
| #define PACKAGE_STRING "PostgreSQL 8.1.7"
| #define PACKAGE_BUGREPORT "pgsql-bugs@postgresql.org"
| #define PG_VERSION "8.1.7"
| #define DEF_PGPORT 5432
| #define DEF_PGPORT_STR "5432"
| #define PG_VERSION_STR "PostgreSQL 8.1.7 on i686-apple-darwin13.4.0, compiled by GCC Apple LLVM version 6.0 (clang-600.0.54) (based on LLVM 3.5svn)"
| #define PG_KRB_SRVNAM "postgres"
| #define HAVE_LIBM 1
| #define HAVE_LIBDL 1
| /* end confdefs.h.  */
| 
| 
| int
| main ()
| {
| main ();
|   ;
|   return 0;
| }
configure:5632: result: no
configure:5644: checking for main in -lcompat
configure:5668: gcc -no-cpp-precomp -o conftest -O2 -Wall -Wmissing-prototypes -Wpointer-arith -Winline -Wdeclaration-after-statement -Wendif-labels -fno-strict-aliasing     conftest.c -lcompat  -ldl -lm  >&5
ld: library not found for -lcompat
clang: error: linker command failed with exit code 1 (use -v to see invocation)
configure:5674: $? = 1
configure: failed program was:
| /* confdefs.h.  */
| 
| #define PACKAGE_NAME "PostgreSQL"
| #define PACKAGE_TARNAME "postgresql"
| #define PACKAGE_VERSION "8.1.7"
| #define PACKAGE_STRING "PostgreSQL 8.1.7"
| #define PACKAGE_BUGREPORT "pgsql-bugs@postgresql.org"
| #define PG_VERSION "8.1.7"
| #define DEF_PGPORT 5432
| #define DEF_PGPORT_STR "5432"
| #define PG_VERSION_STR "PostgreSQL 8.1.7 on i686-apple-darwin13.4.0, compiled by GCC Apple LLVM version 6.0 (clang-600.0.54) (based on LLVM 3.5svn)"
| #define PG_KRB_SRVNAM "postgres"
| #define HAVE_LIBM 1
| #define HAVE_LIBDL 1
| /* end confdefs.h.  */
| 
| 
| int
| main ()
| {
| main ();
|   ;
|   return 0;
| }
configure:5700: result: no
configure:5712: checking for main in -lBSD
configure:5736: gcc -no-cpp-precomp -o conftest -O2 -Wall -Wmissing-prototypes -Wpointer-arith -Winline -Wdeclaration-after-statement -Wendif-labels -fno-strict-aliasing     conftest.c -lBSD  -ldl -lm  >&5
ld: library not found for -lBSD
clang: error: linker command failed with exit code 1 (use -v to see invocation)
configure:5742: $? = 1
configure: failed program was:
| /* confdefs.h.  */
| 
| #define PACKAGE_NAME "PostgreSQL"
| #define PACKAGE_TARNAME "postgresql"
| #define PACKAGE_VERSION "8.1.7"
| #define PACKAGE_STRING "PostgreSQL 8.1.7"
| #define PACKAGE_BUGREPORT "pgsql-bugs@postgresql.org"
| #define PG_VERSION "8.1.7"
| #define DEF_PGPORT 5432
| #define DEF_PGPORT_STR "5432"
| #define PG_VERSION_STR "PostgreSQL 8.1.7 on i686-apple-darwin13.4.0, compiled by GCC Apple LLVM version 6.0 (clang-600.0.54) (based on LLVM 3.5svn)"
| #define PG_KRB_SRVNAM "postgres"
| #define HAVE_LIBM 1
| #define HAVE_LIBDL 1
| /* end confdefs.h.  */
| 
| 
| int
| main ()
| {
| main ();
|   ;
|   return 0;
| }
configure:5768: result: no
configure:5780: checking for main in -lgen
configure:5804: gcc -no-cpp-precomp -o conftest -O2 -Wall -Wmissing-prototypes -Wpointer-arith -Winline -Wdeclaration-after-statement -Wendif-labels -fno-strict-aliasing     conftest.c -lgen  -ldl -lm  >&5
ld: library not found for -lgen
clang: error: linker command failed with exit code 1 (use -v to see invocation)
configure:5810: $? = 1
configure: failed program was:
| /* confdefs.h.  */
| 
| #define PACKAGE_NAME "PostgreSQL"
| #define PACKAGE_TARNAME "postgresql"
| #define PACKAGE_VERSION "8.1.7"
| #define PACKAGE_STRING "PostgreSQL 8.1.7"
| #define PACKAGE_BUGREPORT "pgsql-bugs@postgresql.org"
| #define PG_VERSION "8.1.7"
| #define DEF_PGPORT 5432
| #define DEF_PGPORT_STR "5432"
| #define PG_VERSION_STR "PostgreSQL 8.1.7 on i686-apple-darwin13.4.0, compiled by GCC Apple LLVM version 6.0 (clang-600.0.54) (based on LLVM 3.5svn)"
| #define PG_KRB_SRVNAM "postgres"
| #define HAVE_LIBM 1
| #define HAVE_LIBDL 1
| /* end confdefs.h.  */
| 
| 
| int
| main ()
| {
| main ();
|   ;
|   return 0;
| }
configure:5836: result: no
configure:5848: checking for main in -lPW
configure:5872: gcc -no-cpp-precomp -o conftest -O2 -Wall -Wmissing-prototypes -Wpointer-arith -Winline -Wdeclaration-after-statement -Wendif-labels -fno-strict-aliasing     conftest.c -lPW  -ldl -lm  >&5
ld: library not found for -lPW
clang: error: linker command failed with exit code 1 (use -v to see invocation)
configure:5878: $? = 1
configure: failed program was:
| /* confdefs.h.  */
| 
| #define PACKAGE_NAME "PostgreSQL"
| #define PACKAGE_TARNAME "postgresql"
| #define PACKAGE_VERSION "8.1.7"
| #define PACKAGE_STRING "PostgreSQL 8.1.7"
| #define PACKAGE_BUGREPORT "pgsql-bugs@postgresql.org"
| #define PG_VERSION "8.1.7"
| #define DEF_PGPORT 5432
| #define DEF_PGPORT_STR "5432"
| #define PG_VERSION_STR "PostgreSQL 8.1.7 on i686-apple-darwin13.4.0, compiled by GCC Apple LLVM version 6.0 (clang-600.0.54) (based on LLVM 3.5svn)"
| #define PG_KRB_SRVNAM "postgres"
| #define HAVE_LIBM 1
| #define HAVE_LIBDL 1
| /* end confdefs.h.  */
| 
| 
| int
| main ()
| {
| main ();
|   ;
|   return 0;
| }
configure:5904: result: no
configure:5916: checking for main in -lresolv
configure:5940: gcc -no-cpp-precomp -o conftest -O2 -Wall -Wmissing-prototypes -Wpointer-arith -Winline -Wdeclaration-after-statement -Wendif-labels -fno-strict-aliasing     conftest.c -lresolv  -ldl -lm  >&5
configure:5946: $? = 0
configure:5950: test -z 
			 || test ! -s conftest.err
configure:5953: $? = 0
configure:5956: test -s conftest
configure:5959: $? = 0
configure:5972: result: yes
configure:5983: checking for library containing getopt_long
configure:6013: gcc -no-cpp-precomp -o conftest -O2 -Wall -Wmissing-prototypes -Wpointer-arith -Winline -Wdeclaration-after-statement -Wendif-labels -fno-strict-aliasing     conftest.c -lresolv -ldl -lm  >&5
configure:6019: $? = 0
configure:6023: test -z 
			 || test ! -s conftest.err
configure:6026: $? = 0
configure:6029: test -s conftest
configure:6032: $? = 0
configure:6102: result: none required
configure:6111: checking for main in -lunix
configure:6135: gcc -no-cpp-precomp -o conftest -O2 -Wall -Wmissing-prototypes -Wpointer-arith -Winline -Wdeclaration-after-statement -Wendif-labels -fno-strict-aliasing     conftest.c -lunix  -lresolv -ldl -lm  >&5
ld: library not found for -lunix
clang: error: linker command failed with exit code 1 (use -v to see invocation)
configure:6141: $? = 1
configure: failed program was:
| /* confdefs.h.  */
| 
| #define PACKAGE_NAME "PostgreSQL"
| #define PACKAGE_TARNAME "postgresql"
| #define PACKAGE_VERSION "8.1.7"
| #define PACKAGE_STRING "PostgreSQL 8.1.7"
| #define PACKAGE_BUGREPORT "pgsql-bugs@postgresql.org"
| #define PG_VERSION "8.1.7"
| #define DEF_PGPORT 5432
| #define DEF_PGPORT_STR "5432"
| #define PG_VERSION_STR "PostgreSQL 8.1.7 on i686-apple-darwin13.4.0, compiled by GCC Apple LLVM version 6.0 (clang-600.0.54) (based on LLVM 3.5svn)"
| #define PG_KRB_SRVNAM "postgres"
| #define HAVE_LIBM 1
| #define HAVE_LIBDL 1
| #define HAVE_LIBRESOLV 1
| /* end confdefs.h.  */
| 
| 
| int
| main ()
| {
| main ();
|   ;
|   return 0;
| }
configure:6167: result: no
configure:6178: checking for library containing crypt
configure:6208: gcc -no-cpp-precomp -o conftest -O2 -Wall -Wmissing-prototypes -Wpointer-arith -Winline -Wdeclaration-after-statement -Wendif-labels -fno-strict-aliasing     conftest.c -lresolv -ldl -lm  >&5
configure:6214: $? = 0
configure:6218: test -z 
			 || test ! -s conftest.err
configure:6221: $? = 0
configure:6224: test -s conftest
configure:6227: $? = 0
configure:6297: result: none required
configure:6383: checking for library containing fdatasync
configure:6413: gcc -no-cpp-precomp -o conftest -O2 -Wall -Wmissing-prototypes -Wpointer-arith -Winline -Wdeclaration-after-statement -Wendif-labels -fno-strict-aliasing     conftest.c -lresolv -ldl -lm  >&5
configure:6419: $? = 0
configure:6423: test -z 
			 || test ! -s conftest.err
configure:6426: $? = 0
configure:6429: test -s conftest
configure:6432: $? = 0
configure:6502: result: none required
configure:6511: checking for shmget in -lcygipc
configure:6541: gcc -no-cpp-precomp -o conftest -O2 -Wall -Wmissing-prototypes -Wpointer-arith -Winline -Wdeclaration-after-statement -Wendif-labels -fno-strict-aliasing     conftest.c -lcygipc  -lresolv -ldl -lm  >&5
ld: library not found for -lcygipc
clang: error: linker command failed with exit code 1 (use -v to see invocation)
configure:6547: $? = 1
configure: failed program was:
| /* confdefs.h.  */
| 
| #define PACKAGE_NAME "PostgreSQL"
| #define PACKAGE_TARNAME "postgresql"
| #define PACKAGE_VERSION "8.1.7"
| #define PACKAGE_STRING "PostgreSQL 8.1.7"
| #define PACKAGE_BUGREPORT "pgsql-bugs@postgresql.org"
| #define PG_VERSION "8.1.7"
| #define DEF_PGPORT 5432
| #define DEF_PGPORT_STR "5432"
| #define PG_VERSION_STR "PostgreSQL 8.1.7 on i686-apple-darwin13.4.0, compiled by GCC Apple LLVM version 6.0 (clang-600.0.54) (based on LLVM 3.5svn)"
| #define PG_KRB_SRVNAM "postgres"
| #define HAVE_LIBM 1
| #define HAVE_LIBDL 1
| #define HAVE_LIBRESOLV 1
| /* end confdefs.h.  */
| 
| /* Override any gcc2 internal prototype to avoid an error.  */
| #ifdef __cplusplus
| extern "C"
| #endif
| /* We use char because int might match the return type of a gcc2
|    builtin and then its argument prototype would still apply.  */
| char shmget ();
| int
| main ()
| {
| shmget ();
|   ;
|   return 0;
| }
configure:6573: result: no
configure:6659: checking for readline
configure:6693: gcc -no-cpp-precomp -o conftest -O2 -Wall -Wmissing-prototypes -Wpointer-arith -Winline -Wdeclaration-after-statement -Wendif-labels -fno-strict-aliasing     conftest.c -lreadline -lresolv -ldl -lm  >&5
configure:6699: $? = 0
configure:6703: test -z 
			 || test ! -s conftest.err
configure:6706: $? = 0
configure:6709: test -s conftest
configure:6712: $? = 0
configure:6748: result: yes (-lreadline)
configure:6769: checking for inflate in -lz
configure:6799: gcc -no-cpp-precomp -o conftest -O2 -Wall -Wmissing-prototypes -Wpointer-arith -Winline -Wdeclaration-after-statement -Wendif-labels -fno-strict-aliasing     conftest.c -lz  -lreadline -lresolv -ldl -lm  >&5
configure:6805: $? = 0
configure:6809: test -z 
			 || test ! -s conftest.err
configure:6812: $? = 0
configure:6815: test -s conftest
configure:6818: $? = 0
configure:6831: result: yes
configure:7667: checking for ANSI C header files
configure:7692: gcc -no-cpp-precomp -c -O2 -Wall -Wmissing-prototypes -Wpointer-arith -Winline -Wdeclaration-after-statement -Wendif-labels -fno-strict-aliasing   conftest.c >&5
configure:7698: $? = 0
configure:7702: test -z 
			 || test ! -s conftest.err
configure:7705: $? = 0
configure:7708: test -s conftest.o
configure:7711: $? = 0
configure:7800: gcc -no-cpp-precomp -o conftest -O2 -Wall -Wmissing-prototypes -Wpointer-arith -Winline -Wdeclaration-after-statement -Wendif-labels -fno-strict-aliasing     conftest.c -lz -lreadline -lresolv -ldl -lm  >&5
conftest.c:37:7: warning: implicitly declaring library function 'exit' with type 'void (int) __attribute__((noreturn))'
      exit(2);
      ^
conftest.c:37:7: note: please include the header <stdlib.h> or explicitly provide a declaration for 'exit'
1 warning generated.
configure:7803: $? = 0
configure:7805: ./conftest
configure:7808: $? = 0
configure:7823: result: yes
configure:7847: checking for sys/types.h
configure:7863: gcc -no-cpp-precomp -c -O2 -Wall -Wmissing-prototypes -Wpointer-arith -Winline -Wdeclaration-after-statement -Wendif-labels -fno-strict-aliasing   conftest.c >&5
configure:7869: $? = 0
configure:7873: test -z 
			 || test ! -s conftest.err
configure:7876: $? = 0
configure:7879: test -s conftest.o
configure:7882: $? = 0
configure:7893: result: yes
configure:7847: checking for sys/stat.h
configure:7863: gcc -no-cpp-precomp -c -O2 -Wall -Wmissing-prototypes -Wpointer-arith -Winline -Wdeclaration-after-statement -Wendif-labels -fno-strict-aliasing   conftest.c >&5
configure:7869: $? = 0
configure:7873: test -z 
			 || test ! -s conftest.err
configure:7876: $? = 0
configure:7879: test -s conftest.o
configure:7882: $? = 0
configure:7893: result: yes
configure:7847: checking for stdlib.h
configure:7863: gcc -no-cpp-precomp -c -O2 -Wall -Wmissing-prototypes -Wpointer-arith -Winline -Wdeclaration-after-statement -Wendif-labels -fno-strict-aliasing   conftest.c >&5
configure:7869: $? = 0
configure:7873: test -z 
			 || test ! -s conftest.err
configure:7876: $? = 0
configure:7879: test -s conftest.o
configure:7882: $? = 0
configure:7893: result: yes
configure:7847: checking for string.h
configure:7863: gcc -no-cpp-precomp -c -O2 -Wall -Wmissing-prototypes -Wpointer-arith -Winline -Wdeclaration-after-statement -Wendif-labels -fno-strict-aliasing   conftest.c >&5
configure:7869: $? = 0
configure:7873: test -z 
			 || test ! -s conftest.err
configure:7876: $? = 0
configure:7879: test -s conftest.o
configure:7882: $? = 0
configure:7893: result: yes
configure:7847: checking for memory.h
configure:7863: gcc -no-cpp-precomp -c -O2 -Wall -Wmissing-prototypes -Wpointer-arith -Winline -Wdeclaration-after-statement -Wendif-labels -fno-strict-aliasing   conftest.c >&5
configure:7869: $? = 0
configure:7873: test -z 
			 || test ! -s conftest.err
configure:7876: $? = 0
configure:7879: test -s conftest.o
configure:7882: $? = 0
configure:7893: result: yes
configure:7847: checking for strings.h
configure:7863: gcc -no-cpp-precomp -c -O2 -Wall -Wmissing-prototypes -Wpointer-arith -Winline -Wdeclaration-after-statement -Wendif-labels -fno-strict-aliasing   conftest.c >&5
configure:7869: $? = 0
configure:7873: test -z 
			 || test ! -s conftest.err
configure:7876: $? = 0
configure:7879: test -s conftest.o
configure:7882: $? = 0
configure:7893: result: yes
configure:7847: checking for inttypes.h
configure:7863: gcc -no-cpp-precomp -c -O2 -Wall -Wmissing-prototypes -Wpointer-arith -Winline -Wdeclaration-after-statement -Wendif-labels -fno-strict-aliasing   conftest.c >&5
configure:7869: $? = 0
configure:7873: test -z 
			 || test ! -s conftest.err
configure:7876: $? = 0
configure:7879: test -s conftest.o
configure:7882: $? = 0
configure:7893: result: yes
configure:7847: checking for stdint.h
configure:7863: gcc -no-cpp-precomp -c -O2 -Wall -Wmissing-prototypes -Wpointer-arith -Winline -Wdeclaration-after-statement -Wendif-labels -fno-strict-aliasing   conftest.c >&5
configure:7869: $? = 0
configure:7873: test -z 
			 || test ! -s conftest.err
configure:7876: $? = 0
configure:7879: test -s conftest.o
configure:7882: $? = 0
configure:7893: result: yes
configure:7847: checking for unistd.h
configure:7863: gcc -no-cpp-precomp -c -O2 -Wall -Wmissing-prototypes -Wpointer-arith -Winline -Wdeclaration-after-statement -Wendif-labels -fno-strict-aliasing   conftest.c >&5
configure:7869: $? = 0
configure:7873: test -z 
			 || test ! -s conftest.err
configure:7876: $? = 0
configure:7879: test -s conftest.o
configure:7882: $? = 0
configure:7893: result: yes
configure:7943: checking crypt.h usability
configure:7955: gcc -no-cpp-precomp -c -O2 -Wall -Wmissing-prototypes -Wpointer-arith -Winline -Wdeclaration-after-statement -Wendif-labels -fno-strict-aliasing   conftest.c >&5
conftest.c:64:10: fatal error: 'crypt.h' file not found
#include <crypt.h>
         ^
1 error generated.
configure:7961: $? = 1
configure: failed program was:
| /* confdefs.h.  */
| 
| #define PACKAGE_NAME "PostgreSQL"
| #define PACKAGE_TARNAME "postgresql"
| #define PACKAGE_VERSION "8.1.7"
| #define PACKAGE_STRING "PostgreSQL 8.1.7"
| #define PACKAGE_BUGREPORT "pgsql-bugs@postgresql.org"
| #define PG_VERSION "8.1.7"
| #define DEF_PGPORT 5432
| #define DEF_PGPORT_STR "5432"
| #define PG_VERSION_STR "PostgreSQL 8.1.7 on i686-apple-darwin13.4.0, compiled by GCC Apple LLVM version 6.0 (clang-600.0.54) (based on LLVM 3.5svn)"
| #define PG_KRB_SRVNAM "postgres"
| #define HAVE_LIBM 1
| #define HAVE_LIBDL 1
| #define HAVE_LIBRESOLV 1
| #define HAVE_LIBREADLINE 1
| #define HAVE_LIBZ 1
| #define HAVE_SPINLOCKS 1
| #define STDC_HEADERS 1
| #define HAVE_SYS_TYPES_H 1
| #define HAVE_SYS_STAT_H 1
| #define HAVE_STDLIB_H 1
| #define HAVE_STRING_H 1
| #define HAVE_MEMORY_H 1
| #define HAVE_STRINGS_H 1
| #define HAVE_INTTYPES_H 1
| #define HAVE_STDINT_H 1
| #define HAVE_UNISTD_H 1
| /* end confdefs.h.  */
| #include <stdio.h>
| #if HAVE_SYS_TYPES_H
| # include <sys/types.h>
| #endif
| #if HAVE_SYS_STAT_H
| # include <sys/stat.h>
| #endif
| #if STDC_HEADERS
| # include <stdlib.h>
| # include <stddef.h>
| #else
| # if HAVE_STDLIB_H
| #  include <stdlib.h>
| # endif
| #endif
| #if HAVE_STRING_H
| # if !STDC_HEADERS && HAVE_MEMORY_H
| #  include <memory.h>
| # endif
| # include <string.h>
| #endif
| #if HAVE_STRINGS_H
| # include <strings.h>
| #endif
| #if HAVE_INTTYPES_H
| # include <inttypes.h>
| #else
| # if HAVE_STDINT_H
| #  include <stdint.h>
| # endif
| #endif
| #if HAVE_UNISTD_H
| # include <unistd.h>
| #endif
| #include <crypt.h>
configure:7984: result: no
configure:7988: checking crypt.h presence
configure:7998: gcc -no-cpp-precomp -E   conftest.c
conftest.c:30:10: fatal error: 'crypt.h' file not found
#include <crypt.h>
         ^
1 error generated.
configure:8004: $? = 1
configure: failed program was:
| /* confdefs.h.  */
| 
| #define PACKAGE_NAME "PostgreSQL"
| #define PACKAGE_TARNAME "postgresql"
| #define PACKAGE_VERSION "8.1.7"
| #define PACKAGE_STRING "PostgreSQL 8.1.7"
| #define PACKAGE_BUGREPORT "pgsql-bugs@postgresql.org"
| #define PG_VERSION "8.1.7"
| #define DEF_PGPORT 5432
| #define DEF_PGPORT_STR "5432"
| #define PG_VERSION_STR "PostgreSQL 8.1.7 on i686-apple-darwin13.4.0, compiled by GCC Apple LLVM version 6.0 (clang-600.0.54) (based on LLVM 3.5svn)"
| #define PG_KRB_SRVNAM "postgres"
| #define HAVE_LIBM 1
| #define HAVE_LIBDL 1
| #define HAVE_LIBRESOLV 1
| #define HAVE_LIBREADLINE 1
| #define HAVE_LIBZ 1
| #define HAVE_SPINLOCKS 1
| #define STDC_HEADERS 1
| #define HAVE_SYS_TYPES_H 1
| #define HAVE_SYS_STAT_H 1
| #define HAVE_STDLIB_H 1
| #define HAVE_STRING_H 1
| #define HAVE_MEMORY_H 1
| #define HAVE_STRINGS_H 1
| #define HAVE_INTTYPES_H 1
| #define HAVE_STDINT_H 1
| #define HAVE_UNISTD_H 1
| /* end confdefs.h.  */
| #include <crypt.h>
configure:8024: result: no
configure:8059: checking for crypt.h
configure:8066: result: no
configure:7943: checking dld.h usability
configure:7955: gcc -no-cpp-precomp -c -O2 -Wall -Wmissing-prototypes -Wpointer-arith -Winline -Wdeclaration-after-statement -Wendif-labels -fno-strict-aliasing   conftest.c >&5
conftest.c:64:10: fatal error: 'dld.h' file not found
#include <dld.h>
         ^
1 error generated.
configure:7961: $? = 1
configure: failed program was:
| /* confdefs.h.  */
| 
| #define PACKAGE_NAME "PostgreSQL"
| #define PACKAGE_TARNAME "postgresql"
| #define PACKAGE_VERSION "8.1.7"
| #define PACKAGE_STRING "PostgreSQL 8.1.7"
| #define PACKAGE_BUGREPORT "pgsql-bugs@postgresql.org"
| #define PG_VERSION "8.1.7"
| #define DEF_PGPORT 5432
| #define DEF_PGPORT_STR "5432"
| #define PG_VERSION_STR "PostgreSQL 8.1.7 on i686-apple-darwin13.4.0, compiled by GCC Apple LLVM version 6.0 (clang-600.0.54) (based on LLVM 3.5svn)"
| #define PG_KRB_SRVNAM "postgres"
| #define HAVE_LIBM 1
| #define HAVE_LIBDL 1
| #define HAVE_LIBRESOLV 1
| #define HAVE_LIBREADLINE 1
| #define HAVE_LIBZ 1
| #define HAVE_SPINLOCKS 1
| #define STDC_HEADERS 1
| #define HAVE_SYS_TYPES_H 1
| #define HAVE_SYS_STAT_H 1
| #define HAVE_STDLIB_H 1
| #define HAVE_STRING_H 1
| #define HAVE_MEMORY_H 1
| #define HAVE_STRINGS_H 1
| #define HAVE_INTTYPES_H 1
| #define HAVE_STDINT_H 1
| #define HAVE_UNISTD_H 1
| /* end confdefs.h.  */
| #include <stdio.h>
| #if HAVE_SYS_TYPES_H
| # include <sys/types.h>
| #endif
| #if HAVE_SYS_STAT_H
| # include <sys/stat.h>
| #endif
| #if STDC_HEADERS
| # include <stdlib.h>
| # include <stddef.h>
| #else
| # if HAVE_STDLIB_H
| #  include <stdlib.h>
| # endif
| #endif
| #if HAVE_STRING_H
| # if !STDC_HEADERS && HAVE_MEMORY_H
| #  include <memory.h>
| # endif
| # include <string.h>
| #endif
| #if HAVE_STRINGS_H
| # include <strings.h>
| #endif
| #if HAVE_INTTYPES_H
| # include <inttypes.h>
| #else
| # if HAVE_STDINT_H
| #  include <stdint.h>
| # endif
| #endif
| #if HAVE_UNISTD_H
| # include <unistd.h>
| #endif
| #include <dld.h>
configure:7984: result: no
configure:7988: checking dld.h presence
configure:7998: gcc -no-cpp-precomp -E   conftest.c
conftest.c:30:10: fatal error: 'dld.h' file not found
#include <dld.h>
         ^
1 error generated.
configure:8004: $? = 1
configure: failed program was:
| /* confdefs.h.  */
| 
| #define PACKAGE_NAME "PostgreSQL"
| #define PACKAGE_TARNAME "postgresql"
| #define PACKAGE_VERSION "8.1.7"
| #define PACKAGE_STRING "PostgreSQL 8.1.7"
| #define PACKAGE_BUGREPORT "pgsql-bugs@postgresql.org"
| #define PG_VERSION "8.1.7"
| #define DEF_PGPORT 5432
| #define DEF_PGPORT_STR "5432"
| #define PG_VERSION_STR "PostgreSQL 8.1.7 on i686-apple-darwin13.4.0, compiled by GCC Apple LLVM version 6.0 (clang-600.0.54) (based on LLVM 3.5svn)"
| #define PG_KRB_SRVNAM "postgres"
| #define HAVE_LIBM 1
| #define HAVE_LIBDL 1
| #define HAVE_LIBRESOLV 1
| #define HAVE_LIBREADLINE 1
| #define HAVE_LIBZ 1
| #define HAVE_SPINLOCKS 1
| #define STDC_HEADERS 1
| #define HAVE_SYS_TYPES_H 1
| #define HAVE_SYS_STAT_H 1
| #define HAVE_STDLIB_H 1
| #define HAVE_STRING_H 1
| #define HAVE_MEMORY_H 1
| #define HAVE_STRINGS_H 1
| #define HAVE_INTTYPES_H 1
| #define HAVE_STDINT_H 1
| #define HAVE_UNISTD_H 1
| /* end confdefs.h.  */
| #include <dld.h>
configure:8024: result: no
configure:8059: checking for dld.h
configure:8066: result: no
configure:7943: checking endian.h usability
configure:7955: gcc -no-cpp-precomp -c -O2 -Wall -Wmissing-prototypes -Wpointer-arith -Winline -Wdeclaration-after-statement -Wendif-labels -fno-strict-aliasing   conftest.c >&5
conftest.c:64:10: fatal error: 'endian.h' file not found
#include <endian.h>
         ^
1 error generated.
configure:7961: $? = 1
configure: failed program was:
| /* confdefs.h.  */
| 
| #define PACKAGE_NAME "PostgreSQL"
| #define PACKAGE_TARNAME "postgresql"
| #define PACKAGE_VERSION "8.1.7"
| #define PACKAGE_STRING "PostgreSQL 8.1.7"
| #define PACKAGE_BUGREPORT "pgsql-bugs@postgresql.org"
| #define PG_VERSION "8.1.7"
| #define DEF_PGPORT 5432
| #define DEF_PGPORT_STR "5432"
| #define PG_VERSION_STR "PostgreSQL 8.1.7 on i686-apple-darwin13.4.0, compiled by GCC Apple LLVM version 6.0 (clang-600.0.54) (based on LLVM 3.5svn)"
| #define PG_KRB_SRVNAM "postgres"
| #define HAVE_LIBM 1
| #define HAVE_LIBDL 1
| #define HAVE_LIBRESOLV 1
| #define HAVE_LIBREADLINE 1
| #define HAVE_LIBZ 1
| #define HAVE_SPINLOCKS 1
| #define STDC_HEADERS 1
| #define HAVE_SYS_TYPES_H 1
| #define HAVE_SYS_STAT_H 1
| #define HAVE_STDLIB_H 1
| #define HAVE_STRING_H 1
| #define HAVE_MEMORY_H 1
| #define HAVE_STRINGS_H 1
| #define HAVE_INTTYPES_H 1
| #define HAVE_STDINT_H 1
| #define HAVE_UNISTD_H 1
| /* end confdefs.h.  */
| #include <stdio.h>
| #if HAVE_SYS_TYPES_H
| # include <sys/types.h>
| #endif
| #if HAVE_SYS_STAT_H
| # include <sys/stat.h>
| #endif
| #if STDC_HEADERS
| # include <stdlib.h>
| # include <stddef.h>
| #else
| # if HAVE_STDLIB_H
| #  include <stdlib.h>
| # endif
| #endif
| #if HAVE_STRING_H
| # if !STDC_HEADERS && HAVE_MEMORY_H
| #  include <memory.h>
| # endif
| # include <string.h>
| #endif
| #if HAVE_STRINGS_H
| # include <strings.h>
| #endif
| #if HAVE_INTTYPES_H
| # include <inttypes.h>
| #else
| # if HAVE_STDINT_H
| #  include <stdint.h>
| # endif
| #endif
| #if HAVE_UNISTD_H
| # include <unistd.h>
| #endif
| #include <endian.h>
configure:7984: result: no
configure:7988: checking endian.h presence
configure:7998: gcc -no-cpp-precomp -E   conftest.c
conftest.c:30:10: fatal error: 'endian.h' file not found
#include <endian.h>
         ^
1 error generated.
configure:8004: $? = 1
configure: failed program was:
| /* confdefs.h.  */
| 
| #define PACKAGE_NAME "PostgreSQL"
| #define PACKAGE_TARNAME "postgresql"
| #define PACKAGE_VERSION "8.1.7"
| #define PACKAGE_STRING "PostgreSQL 8.1.7"
| #define PACKAGE_BUGREPORT "pgsql-bugs@postgresql.org"
| #define PG_VERSION "8.1.7"
| #define DEF_PGPORT 5432
| #define DEF_PGPORT_STR "5432"
| #define PG_VERSION_STR "PostgreSQL 8.1.7 on i686-apple-darwin13.4.0, compiled by GCC Apple LLVM version 6.0 (clang-600.0.54) (based on LLVM 3.5svn)"
| #define PG_KRB_SRVNAM "postgres"
| #define HAVE_LIBM 1
| #define HAVE_LIBDL 1
| #define HAVE_LIBRESOLV 1
| #define HAVE_LIBREADLINE 1
| #define HAVE_LIBZ 1
| #define HAVE_SPINLOCKS 1
| #define STDC_HEADERS 1
| #define HAVE_SYS_TYPES_H 1
| #define HAVE_SYS_STAT_H 1
| #define HAVE_STDLIB_H 1
| #define HAVE_STRING_H 1
| #define HAVE_MEMORY_H 1
| #define HAVE_STRINGS_H 1
| #define HAVE_INTTYPES_H 1
| #define HAVE_STDINT_H 1
| #define HAVE_UNISTD_H 1
| /* end confdefs.h.  */
| #include <endian.h>
configure:8024: result: no
configure:8059: checking for endian.h
configure:8066: result: no
configure:7943: checking fp_class.h usability
configure:7955: gcc -no-cpp-precomp -c -O2 -Wall -Wmissing-prototypes -Wpointer-arith -Winline -Wdeclaration-after-statement -Wendif-labels -fno-strict-aliasing   conftest.c >&5
conftest.c:64:10: fatal error: 'fp_class.h' file not found
#include <fp_class.h>
         ^
1 error generated.
configure:7961: $? = 1
configure: failed program was:
| /* confdefs.h.  */
| 
| #define PACKAGE_NAME "PostgreSQL"
| #define PACKAGE_TARNAME "postgresql"
| #define PACKAGE_VERSION "8.1.7"
| #define PACKAGE_STRING "PostgreSQL 8.1.7"
| #define PACKAGE_BUGREPORT "pgsql-bugs@postgresql.org"
| #define PG_VERSION "8.1.7"
| #define DEF_PGPORT 5432
| #define DEF_PGPORT_STR "5432"
| #define PG_VERSION_STR "PostgreSQL 8.1.7 on i686-apple-darwin13.4.0, compiled by GCC Apple LLVM version 6.0 (clang-600.0.54) (based on LLVM 3.5svn)"
| #define PG_KRB_SRVNAM "postgres"
| #define HAVE_LIBM 1
| #define HAVE_LIBDL 1
| #define HAVE_LIBRESOLV 1
| #define HAVE_LIBREADLINE 1
| #define HAVE_LIBZ 1
| #define HAVE_SPINLOCKS 1
| #define STDC_HEADERS 1
| #define HAVE_SYS_TYPES_H 1
| #define HAVE_SYS_STAT_H 1
| #define HAVE_STDLIB_H 1
| #define HAVE_STRING_H 1
| #define HAVE_MEMORY_H 1
| #define HAVE_STRINGS_H 1
| #define HAVE_INTTYPES_H 1
| #define HAVE_STDINT_H 1
| #define HAVE_UNISTD_H 1
| /* end confdefs.h.  */
| #include <stdio.h>
| #if HAVE_SYS_TYPES_H
| # include <sys/types.h>
| #endif
| #if HAVE_SYS_STAT_H
| # include <sys/stat.h>
| #endif
| #if STDC_HEADERS
| # include <stdlib.h>
| # include <stddef.h>
| #else
| # if HAVE_STDLIB_H
| #  include <stdlib.h>
| # endif
| #endif
| #if HAVE_STRING_H
| # if !STDC_HEADERS && HAVE_MEMORY_H
| #  include <memory.h>
| # endif
| # include <string.h>
| #endif
| #if HAVE_STRINGS_H
| # include <strings.h>
| #endif
| #if HAVE_INTTYPES_H
| # include <inttypes.h>
| #else
| # if HAVE_STDINT_H
| #  include <stdint.h>
| # endif
| #endif
| #if HAVE_UNISTD_H
| # include <unistd.h>
| #endif
| #include <fp_class.h>
configure:7984: result: no
configure:7988: checking fp_class.h presence
configure:7998: gcc -no-cpp-precomp -E   conftest.c
conftest.c:30:10: fatal error: 'fp_class.h' file not found
#include <fp_class.h>
         ^
1 error generated.
configure:8004: $? = 1
configure: failed program was:
| /* confdefs.h.  */
| 
| #define PACKAGE_NAME "PostgreSQL"
| #define PACKAGE_TARNAME "postgresql"
| #define PACKAGE_VERSION "8.1.7"
| #define PACKAGE_STRING "PostgreSQL 8.1.7"
| #define PACKAGE_BUGREPORT "pgsql-bugs@postgresql.org"
| #define PG_VERSION "8.1.7"
| #define DEF_PGPORT 5432
| #define DEF_PGPORT_STR "5432"
| #define PG_VERSION_STR "PostgreSQL 8.1.7 on i686-apple-darwin13.4.0, compiled by GCC Apple LLVM version 6.0 (clang-600.0.54) (based on LLVM 3.5svn)"
| #define PG_KRB_SRVNAM "postgres"
| #define HAVE_LIBM 1
| #define HAVE_LIBDL 1
| #define HAVE_LIBRESOLV 1
| #define HAVE_LIBREADLINE 1
| #define HAVE_LIBZ 1
| #define HAVE_SPINLOCKS 1
| #define STDC_HEADERS 1
| #define HAVE_SYS_TYPES_H 1
| #define HAVE_SYS_STAT_H 1
| #define HAVE_STDLIB_H 1
| #define HAVE_STRING_H 1
| #define HAVE_MEMORY_H 1
| #define HAVE_STRINGS_H 1
| #define HAVE_INTTYPES_H 1
| #define HAVE_STDINT_H 1
| #define HAVE_UNISTD_H 1
| /* end confdefs.h.  */
| #include <fp_class.h>
configure:8024: result: no
configure:8059: checking for fp_class.h
configure:8066: result: no
configure:7943: checking getopt.h usability
configure:7955: gcc -no-cpp-precomp -c -O2 -Wall -Wmissing-prototypes -Wpointer-arith -Winline -Wdeclaration-after-statement -Wendif-labels -fno-strict-aliasing   conftest.c >&5
configure:7961: $? = 0
configure:7965: test -z 
			 || test ! -s conftest.err
configure:7968: $? = 0
configure:7971: test -s conftest.o
configure:7974: $? = 0
configure:7984: result: yes
configure:7988: checking getopt.h presence
configure:7998: gcc -no-cpp-precomp -E   conftest.c
configure:8004: $? = 0
configure:8024: result: yes
configure:8059: checking for getopt.h
configure:8066: result: yes
configure:7943: checking ieeefp.h usability
configure:7955: gcc -no-cpp-precomp -c -O2 -Wall -Wmissing-prototypes -Wpointer-arith -Winline -Wdeclaration-after-statement -Wendif-labels -fno-strict-aliasing   conftest.c >&5
conftest.c:65:10: fatal error: 'ieeefp.h' file not found
#include <ieeefp.h>
         ^
1 error generated.
configure:7961: $? = 1
configure: failed program was:
| /* confdefs.h.  */
| 
| #define PACKAGE_NAME "PostgreSQL"
| #define PACKAGE_TARNAME "postgresql"
| #define PACKAGE_VERSION "8.1.7"
| #define PACKAGE_STRING "PostgreSQL 8.1.7"
| #define PACKAGE_BUGREPORT "pgsql-bugs@postgresql.org"
| #define PG_VERSION "8.1.7"
| #define DEF_PGPORT 5432
| #define DEF_PGPORT_STR "5432"
| #define PG_VERSION_STR "PostgreSQL 8.1.7 on i686-apple-darwin13.4.0, compiled by GCC Apple LLVM version 6.0 (clang-600.0.54) (based on LLVM 3.5svn)"
| #define PG_KRB_SRVNAM "postgres"
| #define HAVE_LIBM 1
| #define HAVE_LIBDL 1
| #define HAVE_LIBRESOLV 1
| #define HAVE_LIBREADLINE 1
| #define HAVE_LIBZ 1
| #define HAVE_SPINLOCKS 1
| #define STDC_HEADERS 1
| #define HAVE_SYS_TYPES_H 1
| #define HAVE_SYS_STAT_H 1
| #define HAVE_STDLIB_H 1
| #define HAVE_STRING_H 1
| #define HAVE_MEMORY_H 1
| #define HAVE_STRINGS_H 1
| #define HAVE_INTTYPES_H 1
| #define HAVE_STDINT_H 1
| #define HAVE_UNISTD_H 1
| #define HAVE_GETOPT_H 1
| /* end confdefs.h.  */
| #include <stdio.h>
| #if HAVE_SYS_TYPES_H
| # include <sys/types.h>
| #endif
| #if HAVE_SYS_STAT_H
| # include <sys/stat.h>
| #endif
| #if STDC_HEADERS
| # include <stdlib.h>
| # include <stddef.h>
| #else
| # if HAVE_STDLIB_H
| #  include <stdlib.h>
| # endif
| #endif
| #if HAVE_STRING_H
| # if !STDC_HEADERS && HAVE_MEMORY_H
| #  include <memory.h>
| # endif
| # include <string.h>
| #endif
| #if HAVE_STRINGS_H
| # include <strings.h>
| #endif
| #if HAVE_INTTYPES_H
| # include <inttypes.h>
| #else
| # if HAVE_STDINT_H
| #  include <stdint.h>
| # endif
| #endif
| #if HAVE_UNISTD_H
| # include <unistd.h>
| #endif
| #include <ieeefp.h>
configure:7984: result: no
configure:7988: checking ieeefp.h presence
configure:7998: gcc -no-cpp-precomp -E   conftest.c
conftest.c:31:10: fatal error: 'ieeefp.h' file not found
#include <ieeefp.h>
         ^
1 error generated.
configure:8004: $? = 1
configure: failed program was:
| /* confdefs.h.  */
| 
| #define PACKAGE_NAME "PostgreSQL"
| #define PACKAGE_TARNAME "postgresql"
| #define PACKAGE_VERSION "8.1.7"
| #define PACKAGE_STRING "PostgreSQL 8.1.7"
| #define PACKAGE_BUGREPORT "pgsql-bugs@postgresql.org"
| #define PG_VERSION "8.1.7"
| #define DEF_PGPORT 5432
| #define DEF_PGPORT_STR "5432"
| #define PG_VERSION_STR "PostgreSQL 8.1.7 on i686-apple-darwin13.4.0, compiled by GCC Apple LLVM version 6.0 (clang-600.0.54) (based on LLVM 3.5svn)"
| #define PG_KRB_SRVNAM "postgres"
| #define HAVE_LIBM 1
| #define HAVE_LIBDL 1
| #define HAVE_LIBRESOLV 1
| #define HAVE_LIBREADLINE 1
| #define HAVE_LIBZ 1
| #define HAVE_SPINLOCKS 1
| #define STDC_HEADERS 1
| #define HAVE_SYS_TYPES_H 1
| #define HAVE_SYS_STAT_H 1
| #define HAVE_STDLIB_H 1
| #define HAVE_STRING_H 1
| #define HAVE_MEMORY_H 1
| #define HAVE_STRINGS_H 1
| #define HAVE_INTTYPES_H 1
| #define HAVE_STDINT_H 1
| #define HAVE_UNISTD_H 1
| #define HAVE_GETOPT_H 1
| /* end confdefs.h.  */
| #include <ieeefp.h>
configure:8024: result: no
configure:8059: checking for ieeefp.h
configure:8066: result: no
configure:7943: checking langinfo.h usability
configure:7955: gcc -no-cpp-precomp -c -O2 -Wall -Wmissing-prototypes -Wpointer-arith -Winline -Wdeclaration-after-statement -Wendif-labels -fno-strict-aliasing   conftest.c >&5
configure:7961: $? = 0
configure:7965: test -z 
			 || test ! -s conftest.err
configure:7968: $? = 0
configure:7971: test -s conftest.o
configure:7974: $? = 0
configure:7984: result: yes
configure:7988: checking langinfo.h presence
configure:7998: gcc -no-cpp-precomp -E   conftest.c
configure:8004: $? = 0
configure:8024: result: yes
configure:8059: checking for langinfo.h
configure:8066: result: yes
configure:7943: checking poll.h usability
configure:7955: gcc -no-cpp-precomp -c -O2 -Wall -Wmissing-prototypes -Wpointer-arith -Winline -Wdeclaration-after-statement -Wendif-labels -fno-strict-aliasing   conftest.c >&5
configure:7961: $? = 0
configure:7965: test -z 
			 || test ! -s conftest.err
configure:7968: $? = 0
configure:7971: test -s conftest.o
configure:7974: $? = 0
configure:7984: result: yes
configure:7988: checking poll.h presence
configure:7998: gcc -no-cpp-precomp -E   conftest.c
configure:8004: $? = 0
configure:8024: result: yes
configure:8059: checking for poll.h
configure:8066: result: yes
configure:7943: checking pwd.h usability
configure:7955: gcc -no-cpp-precomp -c -O2 -Wall -Wmissing-prototypes -Wpointer-arith -Winline -Wdeclaration-after-statement -Wendif-labels -fno-strict-aliasing   conftest.c >&5
configure:7961: $? = 0
configure:7965: test -z 
			 || test ! -s conftest.err
configure:7968: $? = 0
configure:7971: test -s conftest.o
configure:7974: $? = 0
configure:7984: result: yes
configure:7988: checking pwd.h presence
configure:7998: gcc -no-cpp-precomp -E   conftest.c
configure:8004: $? = 0
configure:8024: result: yes
configure:8059: checking for pwd.h
configure:8066: result: yes
configure:7943: checking sys/ipc.h usability
configure:7955: gcc -no-cpp-precomp -c -O2 -Wall -Wmissing-prototypes -Wpointer-arith -Winline -Wdeclaration-after-statement -Wendif-labels -fno-strict-aliasing   conftest.c >&5
configure:7961: $? = 0
configure:7965: test -z 
			 || test ! -s conftest.err
configure:7968: $? = 0
configure:7971: test -s conftest.o
configure:7974: $? = 0
configure:7984: result: yes
configure:7988: checking sys/ipc.h presence
configure:7998: gcc -no-cpp-precomp -E   conftest.c
configure:8004: $? = 0
configure:8024: result: yes
configure:8059: checking for sys/ipc.h
configure:8066: result: yes
configure:7943: checking sys/poll.h usability
configure:7955: gcc -no-cpp-precomp -c -O2 -Wall -Wmissing-prototypes -Wpointer-arith -Winline -Wdeclaration-after-statement -Wendif-labels -fno-strict-aliasing   conftest.c >&5
configure:7961: $? = 0
configure:7965: test -z 
			 || test ! -s conftest.err
configure:7968: $? = 0
configure:7971: test -s conftest.o
configure:7974: $? = 0
configure:7984: result: yes
configure:7988: checking sys/poll.h presence
configure:7998: gcc -no-cpp-precomp -E   conftest.c
configure:8004: $? = 0
configure:8024: result: yes
configure:8059: checking for sys/poll.h
configure:8066: result: yes
configure:7943: checking sys/pstat.h usability
configure:7955: gcc -no-cpp-precomp -c -O2 -Wall -Wmissing-prototypes -Wpointer-arith -Winline -Wdeclaration-after-statement -Wendif-labels -fno-strict-aliasing   conftest.c >&5
conftest.c:70:10: fatal error: 'sys/pstat.h' file not found
#include <sys/pstat.h>
         ^
1 error generated.
configure:7961: $? = 1
configure: failed program was:
| /* confdefs.h.  */
| 
| #define PACKAGE_NAME "PostgreSQL"
| #define PACKAGE_TARNAME "postgresql"
| #define PACKAGE_VERSION "8.1.7"
| #define PACKAGE_STRING "PostgreSQL 8.1.7"
| #define PACKAGE_BUGREPORT "pgsql-bugs@postgresql.org"
| #define PG_VERSION "8.1.7"
| #define DEF_PGPORT 5432
| #define DEF_PGPORT_STR "5432"
| #define PG_VERSION_STR "PostgreSQL 8.1.7 on i686-apple-darwin13.4.0, compiled by GCC Apple LLVM version 6.0 (clang-600.0.54) (based on LLVM 3.5svn)"
| #define PG_KRB_SRVNAM "postgres"
| #define HAVE_LIBM 1
| #define HAVE_LIBDL 1
| #define HAVE_LIBRESOLV 1
| #define HAVE_LIBREADLINE 1
| #define HAVE_LIBZ 1
| #define HAVE_SPINLOCKS 1
| #define STDC_HEADERS 1
| #define HAVE_SYS_TYPES_H 1
| #define HAVE_SYS_STAT_H 1
| #define HAVE_STDLIB_H 1
| #define HAVE_STRING_H 1
| #define HAVE_MEMORY_H 1
| #define HAVE_STRINGS_H 1
| #define HAVE_INTTYPES_H 1
| #define HAVE_STDINT_H 1
| #define HAVE_UNISTD_H 1
| #define HAVE_GETOPT_H 1
| #define HAVE_LANGINFO_H 1
| #define HAVE_POLL_H 1
| #define HAVE_PWD_H 1
| #define HAVE_SYS_IPC_H 1
| #define HAVE_SYS_POLL_H 1
| /* end confdefs.h.  */
| #include <stdio.h>
| #if HAVE_SYS_TYPES_H
| # include <sys/types.h>
| #endif
| #if HAVE_SYS_STAT_H
| # include <sys/stat.h>
| #endif
| #if STDC_HEADERS
| # include <stdlib.h>
| # include <stddef.h>
| #else
| # if HAVE_STDLIB_H
| #  include <stdlib.h>
| # endif
| #endif
| #if HAVE_STRING_H
| # if !STDC_HEADERS && HAVE_MEMORY_H
| #  include <memory.h>
| # endif
| # include <string.h>
| #endif
| #if HAVE_STRINGS_H
| # include <strings.h>
| #endif
| #if HAVE_INTTYPES_H
| # include <inttypes.h>
| #else
| # if HAVE_STDINT_H
| #  include <stdint.h>
| # endif
| #endif
| #if HAVE_UNISTD_H
| # include <unistd.h>
| #endif
| #include <sys/pstat.h>
configure:7984: result: no
configure:7988: checking sys/pstat.h presence
configure:7998: gcc -no-cpp-precomp -E   conftest.c
conftest.c:36:10: fatal error: 'sys/pstat.h' file not found
#include <sys/pstat.h>
         ^
1 error generated.
configure:8004: $? = 1
configure: failed program was:
| /* confdefs.h.  */
| 
| #define PACKAGE_NAME "PostgreSQL"
| #define PACKAGE_TARNAME "postgresql"
| #define PACKAGE_VERSION "8.1.7"
| #define PACKAGE_STRING "PostgreSQL 8.1.7"
| #define PACKAGE_BUGREPORT "pgsql-bugs@postgresql.org"
| #define PG_VERSION "8.1.7"
| #define DEF_PGPORT 5432
| #define DEF_PGPORT_STR "5432"
| #define PG_VERSION_STR "PostgreSQL 8.1.7 on i686-apple-darwin13.4.0, compiled by GCC Apple LLVM version 6.0 (clang-600.0.54) (based on LLVM 3.5svn)"
| #define PG_KRB_SRVNAM "postgres"
| #define HAVE_LIBM 1
| #define HAVE_LIBDL 1
| #define HAVE_LIBRESOLV 1
| #define HAVE_LIBREADLINE 1
| #define HAVE_LIBZ 1
| #define HAVE_SPINLOCKS 1
| #define STDC_HEADERS 1
| #define HAVE_SYS_TYPES_H 1
| #define HAVE_SYS_STAT_H 1
| #define HAVE_STDLIB_H 1
| #define HAVE_STRING_H 1
| #define HAVE_MEMORY_H 1
| #define HAVE_STRINGS_H 1
| #define HAVE_INTTYPES_H 1
| #define HAVE_STDINT_H 1
| #define HAVE_UNISTD_H 1
| #define HAVE_GETOPT_H 1
| #define HAVE_LANGINFO_H 1
| #define HAVE_POLL_H 1
| #define HAVE_PWD_H 1
| #define HAVE_SYS_IPC_H 1
| #define HAVE_SYS_POLL_H 1
| /* end confdefs.h.  */
| #include <sys/pstat.h>
configure:8024: result: no
configure:8059: checking for sys/pstat.h
configure:8066: result: no
configure:7943: checking sys/select.h usability
configure:7955: gcc -no-cpp-precomp -c -O2 -Wall -Wmissing-prototypes -Wpointer-arith -Winline -Wdeclaration-after-statement -Wendif-labels -fno-strict-aliasing   conftest.c >&5
configure:7961: $? = 0
configure:7965: test -z 
			 || test ! -s conftest.err
configure:7968: $? = 0
configure:7971: test -s conftest.o
configure:7974: $? = 0
configure:7984: result: yes
configure:7988: checking sys/select.h presence
configure:7998: gcc -no-cpp-precomp -E   conftest.c
configure:8004: $? = 0
configure:8024: result: yes
configure:8059: checking for sys/select.h
configure:8066: result: yes
configure:7943: checking sys/sem.h usability
configure:7955: gcc -no-cpp-precomp -c -O2 -Wall -Wmissing-prototypes -Wpointer-arith -Winline -Wdeclaration-after-statement -Wendif-labels -fno-strict-aliasing   conftest.c >&5
configure:7961: $? = 0
configure:7965: test -z 
			 || test ! -s conftest.err
configure:7968: $? = 0
configure:7971: test -s conftest.o
configure:7974: $? = 0
configure:7984: result: yes
configure:7988: checking sys/sem.h presence
configure:7998: gcc -no-cpp-precomp -E   conftest.c
configure:8004: $? = 0
configure:8024: result: yes
configure:8059: checking for sys/sem.h
configure:8066: result: yes
configure:7943: checking sys/socket.h usability
configure:7955: gcc -no-cpp-precomp -c -O2 -Wall -Wmissing-prototypes -Wpointer-arith -Winline -Wdeclaration-after-statement -Wendif-labels -fno-strict-aliasing   conftest.c >&5
configure:7961: $? = 0
configure:7965: test -z 
			 || test ! -s conftest.err
configure:7968: $? = 0
configure:7971: test -s conftest.o
configure:7974: $? = 0
configure:7984: result: yes
configure:7988: checking sys/socket.h presence
configure:7998: gcc -no-cpp-precomp -E   conftest.c
configure:8004: $? = 0
configure:8024: result: yes
configure:8059: checking for sys/socket.h
configure:8066: result: yes
configure:7943: checking sys/shm.h usability
configure:7955: gcc -no-cpp-precomp -c -O2 -Wall -Wmissing-prototypes -Wpointer-arith -Winline -Wdeclaration-after-statement -Wendif-labels -fno-strict-aliasing   conftest.c >&5
configure:7961: $? = 0
configure:7965: test -z 
			 || test ! -s conftest.err
configure:7968: $? = 0
configure:7971: test -s conftest.o
configure:7974: $? = 0
configure:7984: result: yes
configure:7988: checking sys/shm.h presence
configure:7998: gcc -no-cpp-precomp -E   conftest.c
configure:8004: $? = 0
configure:8024: result: yes
configure:8059: checking for sys/shm.h
configure:8066: result: yes
configure:7943: checking sys/time.h usability
configure:7955: gcc -no-cpp-precomp -c -O2 -Wall -Wmissing-prototypes -Wpointer-arith -Winline -Wdeclaration-after-statement -Wendif-labels -fno-strict-aliasing   conftest.c >&5
configure:7961: $? = 0
configure:7965: test -z 
			 || test ! -s conftest.err
configure:7968: $? = 0
configure:7971: test -s conftest.o
configure:7974: $? = 0
configure:7984: result: yes
configure:7988: checking sys/time.h presence
configure:7998: gcc -no-cpp-precomp -E   conftest.c
configure:8004: $? = 0
configure:8024: result: yes
configure:8059: checking for sys/time.h
configure:8066: result: yes
configure:7943: checking sys/un.h usability
configure:7955: gcc -no-cpp-precomp -c -O2 -Wall -Wmissing-prototypes -Wpointer-arith -Winline -Wdeclaration-after-statement -Wendif-labels -fno-strict-aliasing   conftest.c >&5
configure:7961: $? = 0
configure:7965: test -z 
			 || test ! -s conftest.err
configure:7968: $? = 0
configure:7971: test -s conftest.o
configure:7974: $? = 0
configure:7984: result: yes
configure:7988: checking sys/un.h presence
configure:7998: gcc -no-cpp-precomp -E   conftest.c
configure:8004: $? = 0
configure:8024: result: yes
configure:8059: checking for sys/un.h
configure:8066: result: yes
configure:7943: checking termios.h usability
configure:7955: gcc -no-cpp-precomp -c -O2 -Wall -Wmissing-prototypes -Wpointer-arith -Winline -Wdeclaration-after-statement -Wendif-labels -fno-strict-aliasing   conftest.c >&5
configure:7961: $? = 0
configure:7965: test -z 
			 || test ! -s conftest.err
configure:7968: $? = 0
configure:7971: test -s conftest.o
configure:7974: $? = 0
configure:7984: result: yes
configure:7988: checking termios.h presence
configure:7998: gcc -no-cpp-precomp -E   conftest.c
configure:8004: $? = 0
configure:8024: result: yes
configure:8059: checking for termios.h
configure:8066: result: yes
configure:7943: checking utime.h usability
configure:7955: gcc -no-cpp-precomp -c -O2 -Wall -Wmissing-prototypes -Wpointer-arith -Winline -Wdeclaration-after-statement -Wendif-labels -fno-strict-aliasing   conftest.c >&5
configure:7961: $? = 0
configure:7965: test -z 
			 || test ! -s conftest.err
configure:7968: $? = 0
configure:7971: test -s conftest.o
configure:7974: $? = 0
configure:7984: result: yes
configure:7988: checking utime.h presence
configure:7998: gcc -no-cpp-precomp -E   conftest.c
configure:8004: $? = 0
configure:8024: result: yes
configure:8059: checking for utime.h
configure:8066: result: yes
configure:7943: checking wchar.h usability
configure:7955: gcc -no-cpp-precomp -c -O2 -Wall -Wmissing-prototypes -Wpointer-arith -Winline -Wdeclaration-after-statement -Wendif-labels -fno-strict-aliasing   conftest.c >&5
configure:7961: $? = 0
configure:7965: test -z 
			 || test ! -s conftest.err
configure:7968: $? = 0
configure:7971: test -s conftest.o
configure:7974: $? = 0
configure:7984: result: yes
configure:7988: checking wchar.h presence
configure:7998: gcc -no-cpp-precomp -E   conftest.c
configure:8004: $? = 0
configure:8024: result: yes
configure:8059: checking for wchar.h
configure:8066: result: yes
configure:7943: checking wctype.h usability
configure:7955: gcc -no-cpp-precomp -c -O2 -Wall -Wmissing-prototypes -Wpointer-arith -Winline -Wdeclaration-after-statement -Wendif-labels -fno-strict-aliasing   conftest.c >&5
configure:7961: $? = 0
configure:7965: test -z 
			 || test ! -s conftest.err
configure:7968: $? = 0
configure:7971: test -s conftest.o
configure:7974: $? = 0
configure:7984: result: yes
configure:7988: checking wctype.h presence
configure:7998: gcc -no-cpp-precomp -E   conftest.c
configure:8004: $? = 0
configure:8024: result: yes
configure:8059: checking for wctype.h
configure:8066: result: yes
configure:7943: checking kernel/OS.h usability
configure:7955: gcc -no-cpp-precomp -c -O2 -Wall -Wmissing-prototypes -Wpointer-arith -Winline -Wdeclaration-after-statement -Wendif-labels -fno-strict-aliasing   conftest.c >&5
conftest.c:80:10: fatal error: 'kernel/OS.h' file not found
#include <kernel/OS.h>
         ^
1 error generated.
configure:7961: $? = 1
configure: failed program was:
| /* confdefs.h.  */
| 
| #define PACKAGE_NAME "PostgreSQL"
| #define PACKAGE_TARNAME "postgresql"
| #define PACKAGE_VERSION "8.1.7"
| #define PACKAGE_STRING "PostgreSQL 8.1.7"
| #define PACKAGE_BUGREPORT "pgsql-bugs@postgresql.org"
| #define PG_VERSION "8.1.7"
| #define DEF_PGPORT 5432
| #define DEF_PGPORT_STR "5432"
| #define PG_VERSION_STR "PostgreSQL 8.1.7 on i686-apple-darwin13.4.0, compiled by GCC Apple LLVM version 6.0 (clang-600.0.54) (based on LLVM 3.5svn)"
| #define PG_KRB_SRVNAM "postgres"
| #define HAVE_LIBM 1
| #define HAVE_LIBDL 1
| #define HAVE_LIBRESOLV 1
| #define HAVE_LIBREADLINE 1
| #define HAVE_LIBZ 1
| #define HAVE_SPINLOCKS 1
| #define STDC_HEADERS 1
| #define HAVE_SYS_TYPES_H 1
| #define HAVE_SYS_STAT_H 1
| #define HAVE_STDLIB_H 1
| #define HAVE_STRING_H 1
| #define HAVE_MEMORY_H 1
| #define HAVE_STRINGS_H 1
| #define HAVE_INTTYPES_H 1
| #define HAVE_STDINT_H 1
| #define HAVE_UNISTD_H 1
| #define HAVE_GETOPT_H 1
| #define HAVE_LANGINFO_H 1
| #define HAVE_POLL_H 1
| #define HAVE_PWD_H 1
| #define HAVE_SYS_IPC_H 1
| #define HAVE_SYS_POLL_H 1
| #define HAVE_SYS_SELECT_H 1
| #define HAVE_SYS_SEM_H 1
| #define HAVE_SYS_SOCKET_H 1
| #define HAVE_SYS_SHM_H 1
| #define HAVE_SYS_TIME_H 1
| #define HAVE_SYS_UN_H 1
| #define HAVE_TERMIOS_H 1
| #define HAVE_UTIME_H 1
| #define HAVE_WCHAR_H 1
| #define HAVE_WCTYPE_H 1
| /* end confdefs.h.  */
| #include <stdio.h>
| #if HAVE_SYS_TYPES_H
| # include <sys/types.h>
| #endif
| #if HAVE_SYS_STAT_H
| # include <sys/stat.h>
| #endif
| #if STDC_HEADERS
| # include <stdlib.h>
| # include <stddef.h>
| #else
| # if HAVE_STDLIB_H
| #  include <stdlib.h>
| # endif
| #endif
| #if HAVE_STRING_H
| # if !STDC_HEADERS && HAVE_MEMORY_H
| #  include <memory.h>
| # endif
| # include <string.h>
| #endif
| #if HAVE_STRINGS_H
| # include <strings.h>
| #endif
| #if HAVE_INTTYPES_H
| # include <inttypes.h>
| #else
| # if HAVE_STDINT_H
| #  include <stdint.h>
| # endif
| #endif
| #if HAVE_UNISTD_H
| # include <unistd.h>
| #endif
| #include <kernel/OS.h>
configure:7984: result: no
configure:7988: checking kernel/OS.h presence
configure:7998: gcc -no-cpp-precomp -E   conftest.c
conftest.c:46:10: fatal error: 'kernel/OS.h' file not found
#include <kernel/OS.h>
         ^
1 error generated.
configure:8004: $? = 1
configure: failed program was:
| /* confdefs.h.  */
| 
| #define PACKAGE_NAME "PostgreSQL"
| #define PACKAGE_TARNAME "postgresql"
| #define PACKAGE_VERSION "8.1.7"
| #define PACKAGE_STRING "PostgreSQL 8.1.7"
| #define PACKAGE_BUGREPORT "pgsql-bugs@postgresql.org"
| #define PG_VERSION "8.1.7"
| #define DEF_PGPORT 5432
| #define DEF_PGPORT_STR "5432"
| #define PG_VERSION_STR "PostgreSQL 8.1.7 on i686-apple-darwin13.4.0, compiled by GCC Apple LLVM version 6.0 (clang-600.0.54) (based on LLVM 3.5svn)"
| #define PG_KRB_SRVNAM "postgres"
| #define HAVE_LIBM 1
| #define HAVE_LIBDL 1
| #define HAVE_LIBRESOLV 1
| #define HAVE_LIBREADLINE 1
| #define HAVE_LIBZ 1
| #define HAVE_SPINLOCKS 1
| #define STDC_HEADERS 1
| #define HAVE_SYS_TYPES_H 1
| #define HAVE_SYS_STAT_H 1
| #define HAVE_STDLIB_H 1
| #define HAVE_STRING_H 1
| #define HAVE_MEMORY_H 1
| #define HAVE_STRINGS_H 1
| #define HAVE_INTTYPES_H 1
| #define HAVE_STDINT_H 1
| #define HAVE_UNISTD_H 1
| #define HAVE_GETOPT_H 1
| #define HAVE_LANGINFO_H 1
| #define HAVE_POLL_H 1
| #define HAVE_PWD_H 1
| #define HAVE_SYS_IPC_H 1
| #define HAVE_SYS_POLL_H 1
| #define HAVE_SYS_SELECT_H 1
| #define HAVE_SYS_SEM_H 1
| #define HAVE_SYS_SOCKET_H 1
| #define HAVE_SYS_SHM_H 1
| #define HAVE_SYS_TIME_H 1
| #define HAVE_SYS_UN_H 1
| #define HAVE_TERMIOS_H 1
| #define HAVE_UTIME_H 1
| #define HAVE_WCHAR_H 1
| #define HAVE_WCTYPE_H 1
| /* end confdefs.h.  */
| #include <kernel/OS.h>
configure:8024: result: no
configure:8059: checking for kernel/OS.h
configure:8066: result: no
configure:7943: checking kernel/image.h usability
configure:7955: gcc -no-cpp-precomp -c -O2 -Wall -Wmissing-prototypes -Wpointer-arith -Winline -Wdeclaration-after-statement -Wendif-labels -fno-strict-aliasing   conftest.c >&5
conftest.c:80:10: fatal error: 'kernel/image.h' file not found
#include <kernel/image.h>
         ^
1 error generated.
configure:7961: $? = 1
configure: failed program was:
| /* confdefs.h.  */
| 
| #define PACKAGE_NAME "PostgreSQL"
| #define PACKAGE_TARNAME "postgresql"
| #define PACKAGE_VERSION "8.1.7"
| #define PACKAGE_STRING "PostgreSQL 8.1.7"
| #define PACKAGE_BUGREPORT "pgsql-bugs@postgresql.org"
| #define PG_VERSION "8.1.7"
| #define DEF_PGPORT 5432
| #define DEF_PGPORT_STR "5432"
| #define PG_VERSION_STR "PostgreSQL 8.1.7 on i686-apple-darwin13.4.0, compiled by GCC Apple LLVM version 6.0 (clang-600.0.54) (based on LLVM 3.5svn)"
| #define PG_KRB_SRVNAM "postgres"
| #define HAVE_LIBM 1
| #define HAVE_LIBDL 1
| #define HAVE_LIBRESOLV 1
| #define HAVE_LIBREADLINE 1
| #define HAVE_LIBZ 1
| #define HAVE_SPINLOCKS 1
| #define STDC_HEADERS 1
| #define HAVE_SYS_TYPES_H 1
| #define HAVE_SYS_STAT_H 1
| #define HAVE_STDLIB_H 1
| #define HAVE_STRING_H 1
| #define HAVE_MEMORY_H 1
| #define HAVE_STRINGS_H 1
| #define HAVE_INTTYPES_H 1
| #define HAVE_STDINT_H 1
| #define HAVE_UNISTD_H 1
| #define HAVE_GETOPT_H 1
| #define HAVE_LANGINFO_H 1
| #define HAVE_POLL_H 1
| #define HAVE_PWD_H 1
| #define HAVE_SYS_IPC_H 1
| #define HAVE_SYS_POLL_H 1
| #define HAVE_SYS_SELECT_H 1
| #define HAVE_SYS_SEM_H 1
| #define HAVE_SYS_SOCKET_H 1
| #define HAVE_SYS_SHM_H 1
| #define HAVE_SYS_TIME_H 1
| #define HAVE_SYS_UN_H 1
| #define HAVE_TERMIOS_H 1
| #define HAVE_UTIME_H 1
| #define HAVE_WCHAR_H 1
| #define HAVE_WCTYPE_H 1
| /* end confdefs.h.  */
| #include <stdio.h>
| #if HAVE_SYS_TYPES_H
| # include <sys/types.h>
| #endif
| #if HAVE_SYS_STAT_H
| # include <sys/stat.h>
| #endif
| #if STDC_HEADERS
| # include <stdlib.h>
| # include <stddef.h>
| #else
| # if HAVE_STDLIB_H
| #  include <stdlib.h>
| # endif
| #endif
| #if HAVE_STRING_H
| # if !STDC_HEADERS && HAVE_MEMORY_H
| #  include <memory.h>
| # endif
| # include <string.h>
| #endif
| #if HAVE_STRINGS_H
| # include <strings.h>
| #endif
| #if HAVE_INTTYPES_H
| # include <inttypes.h>
| #else
| # if HAVE_STDINT_H
| #  include <stdint.h>
| # endif
| #endif
| #if HAVE_UNISTD_H
| # include <unistd.h>
| #endif
| #include <kernel/image.h>
configure:7984: result: no
configure:7988: checking kernel/image.h presence
configure:7998: gcc -no-cpp-precomp -E   conftest.c
conftest.c:46:10: fatal error: 'kernel/image.h' file not found
#include <kernel/image.h>
         ^
1 error generated.
configure:8004: $? = 1
configure: failed program was:
| /* confdefs.h.  */
| 
| #define PACKAGE_NAME "PostgreSQL"
| #define PACKAGE_TARNAME "postgresql"
| #define PACKAGE_VERSION "8.1.7"
| #define PACKAGE_STRING "PostgreSQL 8.1.7"
| #define PACKAGE_BUGREPORT "pgsql-bugs@postgresql.org"
| #define PG_VERSION "8.1.7"
| #define DEF_PGPORT 5432
| #define DEF_PGPORT_STR "5432"
| #define PG_VERSION_STR "PostgreSQL 8.1.7 on i686-apple-darwin13.4.0, compiled by GCC Apple LLVM version 6.0 (clang-600.0.54) (based on LLVM 3.5svn)"
| #define PG_KRB_SRVNAM "postgres"
| #define HAVE_LIBM 1
| #define HAVE_LIBDL 1
| #define HAVE_LIBRESOLV 1
| #define HAVE_LIBREADLINE 1
| #define HAVE_LIBZ 1
| #define HAVE_SPINLOCKS 1
| #define STDC_HEADERS 1
| #define HAVE_SYS_TYPES_H 1
| #define HAVE_SYS_STAT_H 1
| #define HAVE_STDLIB_H 1
| #define HAVE_STRING_H 1
| #define HAVE_MEMORY_H 1
| #define HAVE_STRINGS_H 1
| #define HAVE_INTTYPES_H 1
| #define HAVE_STDINT_H 1
| #define HAVE_UNISTD_H 1
| #define HAVE_GETOPT_H 1
| #define HAVE_LANGINFO_H 1
| #define HAVE_POLL_H 1
| #define HAVE_PWD_H 1
| #define HAVE_SYS_IPC_H 1
| #define HAVE_SYS_POLL_H 1
| #define HAVE_SYS_SELECT_H 1
| #define HAVE_SYS_SEM_H 1
| #define HAVE_SYS_SOCKET_H 1
| #define HAVE_SYS_SHM_H 1
| #define HAVE_SYS_TIME_H 1
| #define HAVE_SYS_UN_H 1
| #define HAVE_TERMIOS_H 1
| #define HAVE_UTIME_H 1
| #define HAVE_WCHAR_H 1
| #define HAVE_WCTYPE_H 1
| /* end confdefs.h.  */
| #include <kernel/image.h>
configure:8024: result: no
configure:8059: checking for kernel/image.h
configure:8066: result: no
configure:7943: checking SupportDefs.h usability
configure:7955: gcc -no-cpp-precomp -c -O2 -Wall -Wmissing-prototypes -Wpointer-arith -Winline -Wdeclaration-after-statement -Wendif-labels -fno-strict-aliasing   conftest.c >&5
conftest.c:80:10: fatal error: 'SupportDefs.h' file not found
#include <SupportDefs.h>
         ^
1 error generated.
configure:7961: $? = 1
configure: failed program was:
| /* confdefs.h.  */
| 
| #define PACKAGE_NAME "PostgreSQL"
| #define PACKAGE_TARNAME "postgresql"
| #define PACKAGE_VERSION "8.1.7"
| #define PACKAGE_STRING "PostgreSQL 8.1.7"
| #define PACKAGE_BUGREPORT "pgsql-bugs@postgresql.org"
| #define PG_VERSION "8.1.7"
| #define DEF_PGPORT 5432
| #define DEF_PGPORT_STR "5432"
| #define PG_VERSION_STR "PostgreSQL 8.1.7 on i686-apple-darwin13.4.0, compiled by GCC Apple LLVM version 6.0 (clang-600.0.54) (based on LLVM 3.5svn)"
| #define PG_KRB_SRVNAM "postgres"
| #define HAVE_LIBM 1
| #define HAVE_LIBDL 1
| #define HAVE_LIBRESOLV 1
| #define HAVE_LIBREADLINE 1
| #define HAVE_LIBZ 1
| #define HAVE_SPINLOCKS 1
| #define STDC_HEADERS 1
| #define HAVE_SYS_TYPES_H 1
| #define HAVE_SYS_STAT_H 1
| #define HAVE_STDLIB_H 1
| #define HAVE_STRING_H 1
| #define HAVE_MEMORY_H 1
| #define HAVE_STRINGS_H 1
| #define HAVE_INTTYPES_H 1
| #define HAVE_STDINT_H 1
| #define HAVE_UNISTD_H 1
| #define HAVE_GETOPT_H 1
| #define HAVE_LANGINFO_H 1
| #define HAVE_POLL_H 1
| #define HAVE_PWD_H 1
| #define HAVE_SYS_IPC_H 1
| #define HAVE_SYS_POLL_H 1
| #define HAVE_SYS_SELECT_H 1
| #define HAVE_SYS_SEM_H 1
| #define HAVE_SYS_SOCKET_H 1
| #define HAVE_SYS_SHM_H 1
| #define HAVE_SYS_TIME_H 1
| #define HAVE_SYS_UN_H 1
| #define HAVE_TERMIOS_H 1
| #define HAVE_UTIME_H 1
| #define HAVE_WCHAR_H 1
| #define HAVE_WCTYPE_H 1
| /* end confdefs.h.  */
| #include <stdio.h>
| #if HAVE_SYS_TYPES_H
| # include <sys/types.h>
| #endif
| #if HAVE_SYS_STAT_H
| # include <sys/stat.h>
| #endif
| #if STDC_HEADERS
| # include <stdlib.h>
| # include <stddef.h>
| #else
| # if HAVE_STDLIB_H
| #  include <stdlib.h>
| # endif
| #endif
| #if HAVE_STRING_H
| # if !STDC_HEADERS && HAVE_MEMORY_H
| #  include <memory.h>
| # endif
| # include <string.h>
| #endif
| #if HAVE_STRINGS_H
| # include <strings.h>
| #endif
| #if HAVE_INTTYPES_H
| # include <inttypes.h>
| #else
| # if HAVE_STDINT_H
| #  include <stdint.h>
| # endif
| #endif
| #if HAVE_UNISTD_H
| # include <unistd.h>
| #endif
| #include <SupportDefs.h>
configure:7984: result: no
configure:7988: checking SupportDefs.h presence
configure:7998: gcc -no-cpp-precomp -E   conftest.c
conftest.c:46:10: fatal error: 'SupportDefs.h' file not found
#include <SupportDefs.h>
         ^
1 error generated.
configure:8004: $? = 1
configure: failed program was:
| /* confdefs.h.  */
| 
| #define PACKAGE_NAME "PostgreSQL"
| #define PACKAGE_TARNAME "postgresql"
| #define PACKAGE_VERSION "8.1.7"
| #define PACKAGE_STRING "PostgreSQL 8.1.7"
| #define PACKAGE_BUGREPORT "pgsql-bugs@postgresql.org"
| #define PG_VERSION "8.1.7"
| #define DEF_PGPORT 5432
| #define DEF_PGPORT_STR "5432"
| #define PG_VERSION_STR "PostgreSQL 8.1.7 on i686-apple-darwin13.4.0, compiled by GCC Apple LLVM version 6.0 (clang-600.0.54) (based on LLVM 3.5svn)"
| #define PG_KRB_SRVNAM "postgres"
| #define HAVE_LIBM 1
| #define HAVE_LIBDL 1
| #define HAVE_LIBRESOLV 1
| #define HAVE_LIBREADLINE 1
| #define HAVE_LIBZ 1
| #define HAVE_SPINLOCKS 1
| #define STDC_HEADERS 1
| #define HAVE_SYS_TYPES_H 1
| #define HAVE_SYS_STAT_H 1
| #define HAVE_STDLIB_H 1
| #define HAVE_STRING_H 1
| #define HAVE_MEMORY_H 1
| #define HAVE_STRINGS_H 1
| #define HAVE_INTTYPES_H 1
| #define HAVE_STDINT_H 1
| #define HAVE_UNISTD_H 1
| #define HAVE_GETOPT_H 1
| #define HAVE_LANGINFO_H 1
| #define HAVE_POLL_H 1
| #define HAVE_PWD_H 1
| #define HAVE_SYS_IPC_H 1
| #define HAVE_SYS_POLL_H 1
| #define HAVE_SYS_SELECT_H 1
| #define HAVE_SYS_SEM_H 1
| #define HAVE_SYS_SOCKET_H 1
| #define HAVE_SYS_SHM_H 1
| #define HAVE_SYS_TIME_H 1
| #define HAVE_SYS_UN_H 1
| #define HAVE_TERMIOS_H 1
| #define HAVE_UTIME_H 1
| #define HAVE_WCHAR_H 1
| #define HAVE_WCTYPE_H 1
| /* end confdefs.h.  */
| #include <SupportDefs.h>
configure:8024: result: no
configure:8059: checking for SupportDefs.h
configure:8066: result: no
configure:8096: checking netinet/in.h usability
configure:8108: gcc -no-cpp-precomp -c -O2 -Wall -Wmissing-prototypes -Wpointer-arith -Winline -Wdeclaration-after-statement -Wendif-labels -fno-strict-aliasing   conftest.c >&5
configure:8114: $? = 0
configure:8118: test -z 
			 || test ! -s conftest.err
configure:8121: $? = 0
configure:8124: test -s conftest.o
configure:8127: $? = 0
configure:8137: result: yes
configure:8141: checking netinet/in.h presence
configure:8151: gcc -no-cpp-precomp -E   conftest.c
configure:8157: $? = 0
configure:8177: result: yes
configure:8212: checking for netinet/in.h
configure:8219: result: yes
configure:8236: checking for netinet/tcp.h
configure:8256: gcc -no-cpp-precomp -c -O2 -Wall -Wmissing-prototypes -Wpointer-arith -Winline -Wdeclaration-after-statement -Wendif-labels -fno-strict-aliasing   conftest.c >&5
configure:8262: $? = 0
configure:8266: test -z 
			 || test ! -s conftest.err
configure:8269: $? = 0
configure:8272: test -s conftest.o
configure:8275: $? = 0
configure:8286: result: yes
configure:8313: checking readline/readline.h usability
configure:8325: gcc -no-cpp-precomp -c -O2 -Wall -Wmissing-prototypes -Wpointer-arith -Winline -Wdeclaration-after-statement -Wendif-labels -fno-strict-aliasing   conftest.c >&5
configure:8331: $? = 0
configure:8335: test -z 
			 || test ! -s conftest.err
configure:8338: $? = 0
configure:8341: test -s conftest.o
configure:8344: $? = 0
configure:8354: result: yes
configure:8358: checking readline/readline.h presence
configure:8368: gcc -no-cpp-precomp -E   conftest.c
configure:8374: $? = 0
configure:8394: result: yes
configure:8429: checking for readline/readline.h
configure:8436: result: yes
configure:8624: checking readline/history.h usability
configure:8636: gcc -no-cpp-precomp -c -O2 -Wall -Wmissing-prototypes -Wpointer-arith -Winline -Wdeclaration-after-statement -Wendif-labels -fno-strict-aliasing   conftest.c >&5
configure:8642: $? = 0
configure:8646: test -z 
			 || test ! -s conftest.err
configure:8649: $? = 0
configure:8652: test -s conftest.o
configure:8655: $? = 0
configure:8665: result: yes
configure:8669: checking readline/history.h presence
configure:8679: gcc -no-cpp-precomp -E   conftest.c
configure:8685: $? = 0
configure:8705: result: yes
configure:8740: checking for readline/history.h
configure:8747: result: yes
configure:9865: checking zlib.h usability
configure:9877: gcc -no-cpp-precomp -c -O2 -Wall -Wmissing-prototypes -Wpointer-arith -Winline -Wdeclaration-after-statement -Wendif-labels -fno-strict-aliasing   conftest.c >&5
configure:9883: $? = 0
configure:9887: test -z 
			 || test ! -s conftest.err
configure:9890: $? = 0
configure:9893: test -s conftest.o
configure:9896: $? = 0
configure:9906: result: yes
configure:9910: checking zlib.h presence
configure:9920: gcc -no-cpp-precomp -E   conftest.c
configure:9926: $? = 0
configure:9946: result: yes
configure:9981: checking for zlib.h
configure:9988: result: yes
configure:10915: checking for an ANSI C-conforming const
configure:10982: gcc -no-cpp-precomp -c -O2 -Wall -Wmissing-prototypes -Wpointer-arith -Winline -Wdeclaration-after-statement -Wendif-labels -fno-strict-aliasing   conftest.c >&5
conftest.c:77:17: warning: unused variable 's' [-Wunused-variable]
    char const *s = 0 ? (char *) 0 : (char const *) 0;
                ^
conftest.c:97:15: warning: unused variable 'foo' [-Wunused-variable]
    const int foo = 10;
              ^
conftest.c:58:17: warning: unused variable 'x' [-Wunused-variable]
  const charset x;
                ^
conftest.c:64:29: warning: unused variable 'zero' [-Wunused-variable]
  static struct point const zero = {0,0};
                            ^
conftest.c:79:6: warning: variable 't' is uninitialized when used here [-Wuninitialized]
    *t++ = 0;
     ^
conftest.c:76:12: note: initialize the variable 't' to silence this warning
    char *t;
           ^
            = 0
conftest.c:94:18: warning: variable 'b' is uninitialized when used here [-Wuninitialized]
    struct s *b; b->j = 5;
                 ^
conftest.c:94:16: note: initialize the variable 'b' to silence this warning
    struct s *b; b->j = 5;
               ^
                = 0
6 warnings generated.
configure:10988: $? = 0
configure:10992: test -z 
			 || test ! -s conftest.err
configure:10995: $? = 0
configure:10998: test -s conftest.o
configure:11001: $? = 0
configure:11012: result: yes
configure:11023: checking for inline
configure:11044: gcc -no-cpp-precomp -c -O2 -Wall -Wmissing-prototypes -Wpointer-arith -Winline -Wdeclaration-after-statement -Wendif-labels -fno-strict-aliasing   conftest.c >&5
conftest.c:52:21: warning: unused function 'static_foo' [-Wunused-function]
static inline foo_t static_foo () {return 0; }
                    ^
1 warning generated.
configure:11050: $? = 0
configure:11054: test -z 
			 || test ! -s conftest.err
configure:11057: $? = 0
configure:11060: test -s conftest.o
configure:11063: $? = 0
configure:11075: result: inline
configure:11090: checking for preprocessor stringizing operator
configure:11114: result: yes
configure:11124: checking for signed types
configure:11145: gcc -no-cpp-precomp -c -O2 -Wall -Wmissing-prototypes -Wpointer-arith -Winline -Wdeclaration-after-statement -Wendif-labels -fno-strict-aliasing   conftest.c >&5
conftest.c:55:13: warning: unused variable 'c' [-Wunused-variable]
signed char c; signed short s; signed int i;
            ^
conftest.c:55:29: warning: unused variable 's' [-Wunused-variable]
signed char c; signed short s; signed int i;
                            ^
conftest.c:55:43: warning: unused variable 'i' [-Wunused-variable]
signed char c; signed short s; signed int i;
                                          ^
3 warnings generated.
configure:11151: $? = 0
configure:11155: test -z 
			 || test ! -s conftest.err
configure:11158: $? = 0
configure:11161: test -s conftest.o
configure:11164: $? = 0
configure:11175: result: yes
configure:11184: checking for working volatile
configure:11207: gcc -no-cpp-precomp -c -O2 -Wall -Wmissing-prototypes -Wpointer-arith -Winline -Wdeclaration-after-statement -Wendif-labels -fno-strict-aliasing   conftest.c >&5
conftest.c:56:14: warning: unused variable 'x' [-Wunused-variable]
volatile int x;
             ^
conftest.c:57:16: warning: unused variable 'y' [-Wunused-variable]
int * volatile y;
               ^
2 warnings generated.
configure:11213: $? = 0
configure:11217: test -z 
			 || test ! -s conftest.err
configure:11220: $? = 0
configure:11223: test -s conftest.o
configure:11226: $? = 0
configure:11237: result: yes
configure:11247: checking for __func__
configure:11268: gcc -no-cpp-precomp -c -O2 -Wall -Wmissing-prototypes -Wpointer-arith -Winline -Wdeclaration-after-statement -Wendif-labels -fno-strict-aliasing   conftest.c >&5
configure:11274: $? = 0
configure:11278: test -z 
			 || test ! -s conftest.err
configure:11281: $? = 0
configure:11284: test -s conftest.o
configure:11287: $? = 0
configure:11298: result: yes
configure:11368: checking whether struct tm is in sys/time.h or time.h
configure:11391: gcc -no-cpp-precomp -c -O2 -Wall -Wmissing-prototypes -Wpointer-arith -Winline -Wdeclaration-after-statement -Wendif-labels -fno-strict-aliasing   conftest.c >&5
conftest.c:58:20: warning: expression result unused [-Wunused-value]
struct tm *tp; tp->tm_sec;
               ~~  ^~~~~~
conftest.c:58:16: warning: variable 'tp' is uninitialized when used here [-Wuninitialized]
struct tm *tp; tp->tm_sec;
               ^~
conftest.c:58:14: note: initialize the variable 'tp' to silence this warning
struct tm *tp; tp->tm_sec;
             ^
              = NULL
2 warnings generated.
configure:11397: $? = 0
configure:11401: test -z 
			 || test ! -s conftest.err
configure:11404: $? = 0
configure:11407: test -s conftest.o
configure:11410: $? = 0
configure:11421: result: time.h
configure:11431: checking for struct tm.tm_zone
configure:11457: gcc -no-cpp-precomp -c -O2 -Wall -Wmissing-prototypes -Wpointer-arith -Winline -Wdeclaration-after-statement -Wendif-labels -fno-strict-aliasing   conftest.c >&5
configure:11463: $? = 0
configure:11467: test -z 
			 || test ! -s conftest.err
configure:11470: $? = 0
configure:11473: test -s conftest.o
configure:11476: $? = 0
configure:11536: result: yes
configure:11554: checking for tzname
configure:11579: gcc -no-cpp-precomp -o conftest -O2 -Wall -Wmissing-prototypes -Wpointer-arith -Winline -Wdeclaration-after-statement -Wendif-labels -fno-strict-aliasing     conftest.c -lz -lreadline -lresolv -ldl -lm  >&5
conftest.c:62:1: warning: implicit declaration of function 'atoi' is invalid in C99 [-Wimplicit-function-declaration]
atoi(*tzname);
^
1 warning generated.
configure:11585: $? = 0
configure:11589: test -z 
			 || test ! -s conftest.err
configure:11592: $? = 0
configure:11595: test -s conftest
configure:11598: $? = 0
configure:11610: result: yes
configure:11620: checking for union semun
configure:11647: gcc -no-cpp-precomp -c -O2 -Wall -Wmissing-prototypes -Wpointer-arith -Winline -Wdeclaration-after-statement -Wendif-labels -fno-strict-aliasing   conftest.c >&5
configure:11653: $? = 0
configure:11657: test -z 
			 || test ! -s conftest.err
configure:11660: $? = 0
configure:11663: test -s conftest.o
configure:11666: $? = 0
configure:11677: result: yes
configure:11688: checking for struct sockaddr_un
configure:11717: gcc -no-cpp-precomp -c -O2 -Wall -Wmissing-prototypes -Wpointer-arith -Winline -Wdeclaration-after-statement -Wendif-labels -fno-strict-aliasing   conftest.c >&5
configure:11723: $? = 0
configure:11727: test -z 
			 || test ! -s conftest.err
configure:11730: $? = 0
configure:11733: test -s conftest.o
configure:11736: $? = 0
configure:11747: result: yes
configure:11762: checking for struct sockaddr_storage
configure:11791: gcc -no-cpp-precomp -c -O2 -Wall -Wmissing-prototypes -Wpointer-arith -Winline -Wdeclaration-after-statement -Wendif-labels -fno-strict-aliasing   conftest.c >&5
configure:11797: $? = 0
configure:11801: test -z 
			 || test ! -s conftest.err
configure:11804: $? = 0
configure:11807: test -s conftest.o
configure:11810: $? = 0
configure:11821: result: yes
configure:11832: checking for struct sockaddr_storage.ss_family
configure:11860: gcc -no-cpp-precomp -c -O2 -Wall -Wmissing-prototypes -Wpointer-arith -Winline -Wdeclaration-after-statement -Wendif-labels -fno-strict-aliasing   conftest.c >&5
configure:11866: $? = 0
configure:11870: test -z 
			 || test ! -s conftest.err
configure:11873: $? = 0
configure:11876: test -s conftest.o
configure:11879: $? = 0
configure:11941: result: yes
configure:11951: checking for struct sockaddr_storage.__ss_family
configure:11979: gcc -no-cpp-precomp -c -O2 -Wall -Wmissing-prototypes -Wpointer-arith -Winline -Wdeclaration-after-statement -Wendif-labels -fno-strict-aliasing   conftest.c >&5
conftest.c:70:13: error: no member named '__ss_family' in 'struct sockaddr_storage'; did you mean 'ss_family'?
if (ac_aggr.__ss_family)
            ^~~~~~~~~~~
            ss_family
/usr/include/sys/socket.h:314:14: note: 'ss_family' declared here
        sa_family_t     ss_family;      /* [XSI] address family */
                        ^
1 error generated.
configure:11985: $? = 1
configure: failed program was:
| /* confdefs.h.  */
| 
| #define PACKAGE_NAME "PostgreSQL"
| #define PACKAGE_TARNAME "postgresql"
| #define PACKAGE_VERSION "8.1.7"
| #define PACKAGE_STRING "PostgreSQL 8.1.7"
| #define PACKAGE_BUGREPORT "pgsql-bugs@postgresql.org"
| #define PG_VERSION "8.1.7"
| #define DEF_PGPORT 5432
| #define DEF_PGPORT_STR "5432"
| #define PG_VERSION_STR "PostgreSQL 8.1.7 on i686-apple-darwin13.4.0, compiled by GCC Apple LLVM version 6.0 (clang-600.0.54) (based on LLVM 3.5svn)"
| #define PG_KRB_SRVNAM "postgres"
| #define HAVE_LIBM 1
| #define HAVE_LIBDL 1
| #define HAVE_LIBRESOLV 1
| #define HAVE_LIBREADLINE 1
| #define HAVE_LIBZ 1
| #define HAVE_SPINLOCKS 1
| #define STDC_HEADERS 1
| #define HAVE_SYS_TYPES_H 1
| #define HAVE_SYS_STAT_H 1
| #define HAVE_STDLIB_H 1
| #define HAVE_STRING_H 1
| #define HAVE_MEMORY_H 1
| #define HAVE_STRINGS_H 1
| #define HAVE_INTTYPES_H 1
| #define HAVE_STDINT_H 1
| #define HAVE_UNISTD_H 1
| #define HAVE_GETOPT_H 1
| #define HAVE_LANGINFO_H 1
| #define HAVE_POLL_H 1
| #define HAVE_PWD_H 1
| #define HAVE_SYS_IPC_H 1
| #define HAVE_SYS_POLL_H 1
| #define HAVE_SYS_SELECT_H 1
| #define HAVE_SYS_SEM_H 1
| #define HAVE_SYS_SOCKET_H 1
| #define HAVE_SYS_SHM_H 1
| #define HAVE_SYS_TIME_H 1
| #define HAVE_SYS_UN_H 1
| #define HAVE_TERMIOS_H 1
| #define HAVE_UTIME_H 1
| #define HAVE_WCHAR_H 1
| #define HAVE_WCTYPE_H 1
| #define HAVE_NETINET_IN_H 1
| #define HAVE_NETINET_TCP_H 1
| #define HAVE_READLINE_READLINE_H 1
| #define HAVE_READLINE_HISTORY_H 1
| #define HAVE_STRINGIZE 1
| #define HAVE_FUNCNAME__FUNC 1
| #define HAVE_STRUCT_TM_TM_ZONE 1
| #define HAVE_TM_ZONE 1
| #define HAVE_TZNAME 1
| #define HAVE_UNION_SEMUN 1
| #define HAVE_STRUCT_SOCKADDR_UN 1
| #define HAVE_UNIX_SOCKETS 1
| #define HAVE_STRUCT_SOCKADDR_STORAGE 1
| #define HAVE_STRUCT_SOCKADDR_STORAGE_SS_FAMILY 1
| /* end confdefs.h.  */
| #include <sys/types.h>
| #ifdef HAVE_SYS_SOCKET_H
| #include <sys/socket.h>
| #endif
| 
| 
| int
| main ()
| {
| static struct sockaddr_storage ac_aggr;
| if (ac_aggr.__ss_family)
| return 0;
|   ;
|   return 0;
| }
configure:12028: gcc -no-cpp-precomp -c -O2 -Wall -Wmissing-prototypes -Wpointer-arith -Winline -Wdeclaration-after-statement -Wendif-labels -fno-strict-aliasing   conftest.c >&5
conftest.c:70:20: error: no member named '__ss_family' in 'struct sockaddr_storage'; did you mean 'ss_family'?
if (sizeof ac_aggr.__ss_family)
                   ^~~~~~~~~~~
                   ss_family
/usr/include/sys/socket.h:314:14: note: 'ss_family' declared here
        sa_family_t     ss_family;      /* [XSI] address family */
                        ^
1 error generated.
configure:12034: $? = 1
configure: failed program was:
| /* confdefs.h.  */
| 
| #define PACKAGE_NAME "PostgreSQL"
| #define PACKAGE_TARNAME "postgresql"
| #define PACKAGE_VERSION "8.1.7"
| #define PACKAGE_STRING "PostgreSQL 8.1.7"
| #define PACKAGE_BUGREPORT "pgsql-bugs@postgresql.org"
| #define PG_VERSION "8.1.7"
| #define DEF_PGPORT 5432
| #define DEF_PGPORT_STR "5432"
| #define PG_VERSION_STR "PostgreSQL 8.1.7 on i686-apple-darwin13.4.0, compiled by GCC Apple LLVM version 6.0 (clang-600.0.54) (based on LLVM 3.5svn)"
| #define PG_KRB_SRVNAM "postgres"
| #define HAVE_LIBM 1
| #define HAVE_LIBDL 1
| #define HAVE_LIBRESOLV 1
| #define HAVE_LIBREADLINE 1
| #define HAVE_LIBZ 1
| #define HAVE_SPINLOCKS 1
| #define STDC_HEADERS 1
| #define HAVE_SYS_TYPES_H 1
| #define HAVE_SYS_STAT_H 1
| #define HAVE_STDLIB_H 1
| #define HAVE_STRING_H 1
| #define HAVE_MEMORY_H 1
| #define HAVE_STRINGS_H 1
| #define HAVE_INTTYPES_H 1
| #define HAVE_STDINT_H 1
| #define HAVE_UNISTD_H 1
| #define HAVE_GETOPT_H 1
| #define HAVE_LANGINFO_H 1
| #define HAVE_POLL_H 1
| #define HAVE_PWD_H 1
| #define HAVE_SYS_IPC_H 1
| #define HAVE_SYS_POLL_H 1
| #define HAVE_SYS_SELECT_H 1
| #define HAVE_SYS_SEM_H 1
| #define HAVE_SYS_SOCKET_H 1
| #define HAVE_SYS_SHM_H 1
| #define HAVE_SYS_TIME_H 1
| #define HAVE_SYS_UN_H 1
| #define HAVE_TERMIOS_H 1
| #define HAVE_UTIME_H 1
| #define HAVE_WCHAR_H 1
| #define HAVE_WCTYPE_H 1
| #define HAVE_NETINET_IN_H 1
| #define HAVE_NETINET_TCP_H 1
| #define HAVE_READLINE_READLINE_H 1
| #define HAVE_READLINE_HISTORY_H 1
| #define HAVE_STRINGIZE 1
| #define HAVE_FUNCNAME__FUNC 1
| #define HAVE_STRUCT_TM_TM_ZONE 1
| #define HAVE_TM_ZONE 1
| #define HAVE_TZNAME 1
| #define HAVE_UNION_SEMUN 1
| #define HAVE_STRUCT_SOCKADDR_UN 1
| #define HAVE_UNIX_SOCKETS 1
| #define HAVE_STRUCT_SOCKADDR_STORAGE 1
| #define HAVE_STRUCT_SOCKADDR_STORAGE_SS_FAMILY 1
| /* end confdefs.h.  */
| #include <sys/types.h>
| #ifdef HAVE_SYS_SOCKET_H
| #include <sys/socket.h>
| #endif
| 
| 
| int
| main ()
| {
| static struct sockaddr_storage ac_aggr;
| if (sizeof ac_aggr.__ss_family)
| return 0;
|   ;
|   return 0;
| }
configure:12060: result: no
configure:12070: checking for struct sockaddr_storage.ss_len
configure:12098: gcc -no-cpp-precomp -c -O2 -Wall -Wmissing-prototypes -Wpointer-arith -Winline -Wdeclaration-after-statement -Wendif-labels -fno-strict-aliasing   conftest.c >&5
configure:12104: $? = 0
configure:12108: test -z 
			 || test ! -s conftest.err
configure:12111: $? = 0
configure:12114: test -s conftest.o
configure:12117: $? = 0
configure:12179: result: yes
configure:12189: checking for struct sockaddr_storage.__ss_len
configure:12217: gcc -no-cpp-precomp -c -O2 -Wall -Wmissing-prototypes -Wpointer-arith -Winline -Wdeclaration-after-statement -Wendif-labels -fno-strict-aliasing   conftest.c >&5
conftest.c:71:13: error: no member named '__ss_len' in 'struct sockaddr_storage'; did you mean 'ss_len'?
if (ac_aggr.__ss_len)
            ^~~~~~~~
            ss_len
/usr/include/sys/socket.h:313:12: note: 'ss_len' declared here
        __uint8_t       ss_len;         /* address length */
                        ^
1 error generated.
configure:12223: $? = 1
configure: failed program was:
| /* confdefs.h.  */
| 
| #define PACKAGE_NAME "PostgreSQL"
| #define PACKAGE_TARNAME "postgresql"
| #define PACKAGE_VERSION "8.1.7"
| #define PACKAGE_STRING "PostgreSQL 8.1.7"
| #define PACKAGE_BUGREPORT "pgsql-bugs@postgresql.org"
| #define PG_VERSION "8.1.7"
| #define DEF_PGPORT 5432
| #define DEF_PGPORT_STR "5432"
| #define PG_VERSION_STR "PostgreSQL 8.1.7 on i686-apple-darwin13.4.0, compiled by GCC Apple LLVM version 6.0 (clang-600.0.54) (based on LLVM 3.5svn)"
| #define PG_KRB_SRVNAM "postgres"
| #define HAVE_LIBM 1
| #define HAVE_LIBDL 1
| #define HAVE_LIBRESOLV 1
| #define HAVE_LIBREADLINE 1
| #define HAVE_LIBZ 1
| #define HAVE_SPINLOCKS 1
| #define STDC_HEADERS 1
| #define HAVE_SYS_TYPES_H 1
| #define HAVE_SYS_STAT_H 1
| #define HAVE_STDLIB_H 1
| #define HAVE_STRING_H 1
| #define HAVE_MEMORY_H 1
| #define HAVE_STRINGS_H 1
| #define HAVE_INTTYPES_H 1
| #define HAVE_STDINT_H 1
| #define HAVE_UNISTD_H 1
| #define HAVE_GETOPT_H 1
| #define HAVE_LANGINFO_H 1
| #define HAVE_POLL_H 1
| #define HAVE_PWD_H 1
| #define HAVE_SYS_IPC_H 1
| #define HAVE_SYS_POLL_H 1
| #define HAVE_SYS_SELECT_H 1
| #define HAVE_SYS_SEM_H 1
| #define HAVE_SYS_SOCKET_H 1
| #define HAVE_SYS_SHM_H 1
| #define HAVE_SYS_TIME_H 1
| #define HAVE_SYS_UN_H 1
| #define HAVE_TERMIOS_H 1
| #define HAVE_UTIME_H 1
| #define HAVE_WCHAR_H 1
| #define HAVE_WCTYPE_H 1
| #define HAVE_NETINET_IN_H 1
| #define HAVE_NETINET_TCP_H 1
| #define HAVE_READLINE_READLINE_H 1
| #define HAVE_READLINE_HISTORY_H 1
| #define HAVE_STRINGIZE 1
| #define HAVE_FUNCNAME__FUNC 1
| #define HAVE_STRUCT_TM_TM_ZONE 1
| #define HAVE_TM_ZONE 1
| #define HAVE_TZNAME 1
| #define HAVE_UNION_SEMUN 1
| #define HAVE_STRUCT_SOCKADDR_UN 1
| #define HAVE_UNIX_SOCKETS 1
| #define HAVE_STRUCT_SOCKADDR_STORAGE 1
| #define HAVE_STRUCT_SOCKADDR_STORAGE_SS_FAMILY 1
| #define HAVE_STRUCT_SOCKADDR_STORAGE_SS_LEN 1
| /* end confdefs.h.  */
| #include <sys/types.h>
| #ifdef HAVE_SYS_SOCKET_H
| #include <sys/socket.h>
| #endif
| 
| 
| int
| main ()
| {
| static struct sockaddr_storage ac_aggr;
| if (ac_aggr.__ss_len)
| return 0;
|   ;
|   return 0;
| }
configure:12266: gcc -no-cpp-precomp -c -O2 -Wall -Wmissing-prototypes -Wpointer-arith -Winline -Wdeclaration-after-statement -Wendif-labels -fno-strict-aliasing   conftest.c >&5
conftest.c:71:20: error: no member named '__ss_len' in 'struct sockaddr_storage'; did you mean 'ss_len'?
if (sizeof ac_aggr.__ss_len)
                   ^~~~~~~~
                   ss_len
/usr/include/sys/socket.h:313:12: note: 'ss_len' declared here
        __uint8_t       ss_len;         /* address length */
                        ^
1 error generated.
configure:12272: $? = 1
configure: failed program was:
| /* confdefs.h.  */
| 
| #define PACKAGE_NAME "PostgreSQL"
| #define PACKAGE_TARNAME "postgresql"
| #define PACKAGE_VERSION "8.1.7"
| #define PACKAGE_STRING "PostgreSQL 8.1.7"
| #define PACKAGE_BUGREPORT "pgsql-bugs@postgresql.org"
| #define PG_VERSION "8.1.7"
| #define DEF_PGPORT 5432
| #define DEF_PGPORT_STR "5432"
| #define PG_VERSION_STR "PostgreSQL 8.1.7 on i686-apple-darwin13.4.0, compiled by GCC Apple LLVM version 6.0 (clang-600.0.54) (based on LLVM 3.5svn)"
| #define PG_KRB_SRVNAM "postgres"
| #define HAVE_LIBM 1
| #define HAVE_LIBDL 1
| #define HAVE_LIBRESOLV 1
| #define HAVE_LIBREADLINE 1
| #define HAVE_LIBZ 1
| #define HAVE_SPINLOCKS 1
| #define STDC_HEADERS 1
| #define HAVE_SYS_TYPES_H 1
| #define HAVE_SYS_STAT_H 1
| #define HAVE_STDLIB_H 1
| #define HAVE_STRING_H 1
| #define HAVE_MEMORY_H 1
| #define HAVE_STRINGS_H 1
| #define HAVE_INTTYPES_H 1
| #define HAVE_STDINT_H 1
| #define HAVE_UNISTD_H 1
| #define HAVE_GETOPT_H 1
| #define HAVE_LANGINFO_H 1
| #define HAVE_POLL_H 1
| #define HAVE_PWD_H 1
| #define HAVE_SYS_IPC_H 1
| #define HAVE_SYS_POLL_H 1
| #define HAVE_SYS_SELECT_H 1
| #define HAVE_SYS_SEM_H 1
| #define HAVE_SYS_SOCKET_H 1
| #define HAVE_SYS_SHM_H 1
| #define HAVE_SYS_TIME_H 1
| #define HAVE_SYS_UN_H 1
| #define HAVE_TERMIOS_H 1
| #define HAVE_UTIME_H 1
| #define HAVE_WCHAR_H 1
| #define HAVE_WCTYPE_H 1
| #define HAVE_NETINET_IN_H 1
| #define HAVE_NETINET_TCP_H 1
| #define HAVE_READLINE_READLINE_H 1
| #define HAVE_READLINE_HISTORY_H 1
| #define HAVE_STRINGIZE 1
| #define HAVE_FUNCNAME__FUNC 1
| #define HAVE_STRUCT_TM_TM_ZONE 1
| #define HAVE_TM_ZONE 1
| #define HAVE_TZNAME 1
| #define HAVE_UNION_SEMUN 1
| #define HAVE_STRUCT_SOCKADDR_UN 1
| #define HAVE_UNIX_SOCKETS 1
| #define HAVE_STRUCT_SOCKADDR_STORAGE 1
| #define HAVE_STRUCT_SOCKADDR_STORAGE_SS_FAMILY 1
| #define HAVE_STRUCT_SOCKADDR_STORAGE_SS_LEN 1
| /* end confdefs.h.  */
| #include <sys/types.h>
| #ifdef HAVE_SYS_SOCKET_H
| #include <sys/socket.h>
| #endif
| 
| 
| int
| main ()
| {
| static struct sockaddr_storage ac_aggr;
| if (sizeof ac_aggr.__ss_len)
| return 0;
|   ;
|   return 0;
| }
configure:12298: result: no
configure:12308: checking for struct sockaddr.sa_len
configure:12336: gcc -no-cpp-precomp -c -O2 -Wall -Wmissing-prototypes -Wpointer-arith -Winline -Wdeclaration-after-statement -Wendif-labels -fno-strict-aliasing   conftest.c >&5
configure:12342: $? = 0
configure:12346: test -z 
			 || test ! -s conftest.err
configure:12349: $? = 0
configure:12352: test -s conftest.o
configure:12355: $? = 0
configure:12417: result: yes
configure:12428: checking for struct addrinfo
configure:12456: gcc -no-cpp-precomp -c -O2 -Wall -Wmissing-prototypes -Wpointer-arith -Winline -Wdeclaration-after-statement -Wendif-labels -fno-strict-aliasing   conftest.c >&5
configure:12462: $? = 0
configure:12466: test -z 
			 || test ! -s conftest.err
configure:12469: $? = 0
configure:12472: test -s conftest.o
configure:12475: $? = 0
configure:12486: result: yes
configure:12498: checking for struct cmsgcred
configure:12526: gcc -no-cpp-precomp -c -O2 -Wall -Wmissing-prototypes -Wpointer-arith -Winline -Wdeclaration-after-statement -Wendif-labels -fno-strict-aliasing   conftest.c >&5
conftest.c:73:5: error: invalid application of 'sizeof' to an incomplete type 'struct cmsgcred'
if (sizeof (struct cmsgcred))
    ^      ~~~~~~~~~~~~~~~~~
conftest.c:73:20: note: forward declaration of 'struct cmsgcred'
if (sizeof (struct cmsgcred))
                   ^
1 error generated.
configure:12532: $? = 1
configure: failed program was:
| /* confdefs.h.  */
| 
| #define PACKAGE_NAME "PostgreSQL"
| #define PACKAGE_TARNAME "postgresql"
| #define PACKAGE_VERSION "8.1.7"
| #define PACKAGE_STRING "PostgreSQL 8.1.7"
| #define PACKAGE_BUGREPORT "pgsql-bugs@postgresql.org"
| #define PG_VERSION "8.1.7"
| #define DEF_PGPORT 5432
| #define DEF_PGPORT_STR "5432"
| #define PG_VERSION_STR "PostgreSQL 8.1.7 on i686-apple-darwin13.4.0, compiled by GCC Apple LLVM version 6.0 (clang-600.0.54) (based on LLVM 3.5svn)"
| #define PG_KRB_SRVNAM "postgres"
| #define HAVE_LIBM 1
| #define HAVE_LIBDL 1
| #define HAVE_LIBRESOLV 1
| #define HAVE_LIBREADLINE 1
| #define HAVE_LIBZ 1
| #define HAVE_SPINLOCKS 1
| #define STDC_HEADERS 1
| #define HAVE_SYS_TYPES_H 1
| #define HAVE_SYS_STAT_H 1
| #define HAVE_STDLIB_H 1
| #define HAVE_STRING_H 1
| #define HAVE_MEMORY_H 1
| #define HAVE_STRINGS_H 1
| #define HAVE_INTTYPES_H 1
| #define HAVE_STDINT_H 1
| #define HAVE_UNISTD_H 1
| #define HAVE_GETOPT_H 1
| #define HAVE_LANGINFO_H 1
| #define HAVE_POLL_H 1
| #define HAVE_PWD_H 1
| #define HAVE_SYS_IPC_H 1
| #define HAVE_SYS_POLL_H 1
| #define HAVE_SYS_SELECT_H 1
| #define HAVE_SYS_SEM_H 1
| #define HAVE_SYS_SOCKET_H 1
| #define HAVE_SYS_SHM_H 1
| #define HAVE_SYS_TIME_H 1
| #define HAVE_SYS_UN_H 1
| #define HAVE_TERMIOS_H 1
| #define HAVE_UTIME_H 1
| #define HAVE_WCHAR_H 1
| #define HAVE_WCTYPE_H 1
| #define HAVE_NETINET_IN_H 1
| #define HAVE_NETINET_TCP_H 1
| #define HAVE_READLINE_READLINE_H 1
| #define HAVE_READLINE_HISTORY_H 1
| #define HAVE_STRINGIZE 1
| #define HAVE_FUNCNAME__FUNC 1
| #define HAVE_STRUCT_TM_TM_ZONE 1
| #define HAVE_TM_ZONE 1
| #define HAVE_TZNAME 1
| #define HAVE_UNION_SEMUN 1
| #define HAVE_STRUCT_SOCKADDR_UN 1
| #define HAVE_UNIX_SOCKETS 1
| #define HAVE_STRUCT_SOCKADDR_STORAGE 1
| #define HAVE_STRUCT_SOCKADDR_STORAGE_SS_FAMILY 1
| #define HAVE_STRUCT_SOCKADDR_STORAGE_SS_LEN 1
| #define HAVE_STRUCT_SOCKADDR_SA_LEN 1
| #define HAVE_STRUCT_ADDRINFO 1
| /* end confdefs.h.  */
| #include <sys/param.h>
| #include <sys/types.h>
| #include <sys/socket.h>
| #include <sys/ucred.h>
| 
| int
| main ()
| {
| if ((struct cmsgcred *) 0)
|   return 0;
| if (sizeof (struct cmsgcred))
|   return 0;
|   ;
|   return 0;
| }
configure:12556: result: no
configure:12566: checking for struct fcred
configure:12594: gcc -no-cpp-precomp -c -O2 -Wall -Wmissing-prototypes -Wpointer-arith -Winline -Wdeclaration-after-statement -Wendif-labels -fno-strict-aliasing   conftest.c >&5
conftest.c:73:5: error: invalid application of 'sizeof' to an incomplete type 'struct fcred'
if (sizeof (struct fcred))
    ^      ~~~~~~~~~~~~~~
conftest.c:73:20: note: forward declaration of 'struct fcred'
if (sizeof (struct fcred))
                   ^
1 error generated.
configure:12600: $? = 1
configure: failed program was:
| /* confdefs.h.  */
| 
| #define PACKAGE_NAME "PostgreSQL"
| #define PACKAGE_TARNAME "postgresql"
| #define PACKAGE_VERSION "8.1.7"
| #define PACKAGE_STRING "PostgreSQL 8.1.7"
| #define PACKAGE_BUGREPORT "pgsql-bugs@postgresql.org"
| #define PG_VERSION "8.1.7"
| #define DEF_PGPORT 5432
| #define DEF_PGPORT_STR "5432"
| #define PG_VERSION_STR "PostgreSQL 8.1.7 on i686-apple-darwin13.4.0, compiled by GCC Apple LLVM version 6.0 (clang-600.0.54) (based on LLVM 3.5svn)"
| #define PG_KRB_SRVNAM "postgres"
| #define HAVE_LIBM 1
| #define HAVE_LIBDL 1
| #define HAVE_LIBRESOLV 1
| #define HAVE_LIBREADLINE 1
| #define HAVE_LIBZ 1
| #define HAVE_SPINLOCKS 1
| #define STDC_HEADERS 1
| #define HAVE_SYS_TYPES_H 1
| #define HAVE_SYS_STAT_H 1
| #define HAVE_STDLIB_H 1
| #define HAVE_STRING_H 1
| #define HAVE_MEMORY_H 1
| #define HAVE_STRINGS_H 1
| #define HAVE_INTTYPES_H 1
| #define HAVE_STDINT_H 1
| #define HAVE_UNISTD_H 1
| #define HAVE_GETOPT_H 1
| #define HAVE_LANGINFO_H 1
| #define HAVE_POLL_H 1
| #define HAVE_PWD_H 1
| #define HAVE_SYS_IPC_H 1
| #define HAVE_SYS_POLL_H 1
| #define HAVE_SYS_SELECT_H 1
| #define HAVE_SYS_SEM_H 1
| #define HAVE_SYS_SOCKET_H 1
| #define HAVE_SYS_SHM_H 1
| #define HAVE_SYS_TIME_H 1
| #define HAVE_SYS_UN_H 1
| #define HAVE_TERMIOS_H 1
| #define HAVE_UTIME_H 1
| #define HAVE_WCHAR_H 1
| #define HAVE_WCTYPE_H 1
| #define HAVE_NETINET_IN_H 1
| #define HAVE_NETINET_TCP_H 1
| #define HAVE_READLINE_READLINE_H 1
| #define HAVE_READLINE_HISTORY_H 1
| #define HAVE_STRINGIZE 1
| #define HAVE_FUNCNAME__FUNC 1
| #define HAVE_STRUCT_TM_TM_ZONE 1
| #define HAVE_TM_ZONE 1
| #define HAVE_TZNAME 1
| #define HAVE_UNION_SEMUN 1
| #define HAVE_STRUCT_SOCKADDR_UN 1
| #define HAVE_UNIX_SOCKETS 1
| #define HAVE_STRUCT_SOCKADDR_STORAGE 1
| #define HAVE_STRUCT_SOCKADDR_STORAGE_SS_FAMILY 1
| #define HAVE_STRUCT_SOCKADDR_STORAGE_SS_LEN 1
| #define HAVE_STRUCT_SOCKADDR_SA_LEN 1
| #define HAVE_STRUCT_ADDRINFO 1
| /* end confdefs.h.  */
| #include <sys/param.h>
| #include <sys/types.h>
| #include <sys/socket.h>
| #include <sys/ucred.h>
| 
| int
| main ()
| {
| if ((struct fcred *) 0)
|   return 0;
| if (sizeof (struct fcred))
|   return 0;
|   ;
|   return 0;
| }
configure:12624: result: no
configure:12634: checking for struct sockcred
configure:12662: gcc -no-cpp-precomp -c -O2 -Wall -Wmissing-prototypes -Wpointer-arith -Winline -Wdeclaration-after-statement -Wendif-labels -fno-strict-aliasing   conftest.c >&5
conftest.c:73:5: error: invalid application of 'sizeof' to an incomplete type 'struct sockcred'
if (sizeof (struct sockcred))
    ^      ~~~~~~~~~~~~~~~~~
conftest.c:73:20: note: forward declaration of 'struct sockcred'
if (sizeof (struct sockcred))
                   ^
1 error generated.
configure:12668: $? = 1
configure: failed program was:
| /* confdefs.h.  */
| 
| #define PACKAGE_NAME "PostgreSQL"
| #define PACKAGE_TARNAME "postgresql"
| #define PACKAGE_VERSION "8.1.7"
| #define PACKAGE_STRING "PostgreSQL 8.1.7"
| #define PACKAGE_BUGREPORT "pgsql-bugs@postgresql.org"
| #define PG_VERSION "8.1.7"
| #define DEF_PGPORT 5432
| #define DEF_PGPORT_STR "5432"
| #define PG_VERSION_STR "PostgreSQL 8.1.7 on i686-apple-darwin13.4.0, compiled by GCC Apple LLVM version 6.0 (clang-600.0.54) (based on LLVM 3.5svn)"
| #define PG_KRB_SRVNAM "postgres"
| #define HAVE_LIBM 1
| #define HAVE_LIBDL 1
| #define HAVE_LIBRESOLV 1
| #define HAVE_LIBREADLINE 1
| #define HAVE_LIBZ 1
| #define HAVE_SPINLOCKS 1
| #define STDC_HEADERS 1
| #define HAVE_SYS_TYPES_H 1
| #define HAVE_SYS_STAT_H 1
| #define HAVE_STDLIB_H 1
| #define HAVE_STRING_H 1
| #define HAVE_MEMORY_H 1
| #define HAVE_STRINGS_H 1
| #define HAVE_INTTYPES_H 1
| #define HAVE_STDINT_H 1
| #define HAVE_UNISTD_H 1
| #define HAVE_GETOPT_H 1
| #define HAVE_LANGINFO_H 1
| #define HAVE_POLL_H 1
| #define HAVE_PWD_H 1
| #define HAVE_SYS_IPC_H 1
| #define HAVE_SYS_POLL_H 1
| #define HAVE_SYS_SELECT_H 1
| #define HAVE_SYS_SEM_H 1
| #define HAVE_SYS_SOCKET_H 1
| #define HAVE_SYS_SHM_H 1
| #define HAVE_SYS_TIME_H 1
| #define HAVE_SYS_UN_H 1
| #define HAVE_TERMIOS_H 1
| #define HAVE_UTIME_H 1
| #define HAVE_WCHAR_H 1
| #define HAVE_WCTYPE_H 1
| #define HAVE_NETINET_IN_H 1
| #define HAVE_NETINET_TCP_H 1
| #define HAVE_READLINE_READLINE_H 1
| #define HAVE_READLINE_HISTORY_H 1
| #define HAVE_STRINGIZE 1
| #define HAVE_FUNCNAME__FUNC 1
| #define HAVE_STRUCT_TM_TM_ZONE 1
| #define HAVE_TM_ZONE 1
| #define HAVE_TZNAME 1
| #define HAVE_UNION_SEMUN 1
| #define HAVE_STRUCT_SOCKADDR_UN 1
| #define HAVE_UNIX_SOCKETS 1
| #define HAVE_STRUCT_SOCKADDR_STORAGE 1
| #define HAVE_STRUCT_SOCKADDR_STORAGE_SS_FAMILY 1
| #define HAVE_STRUCT_SOCKADDR_STORAGE_SS_LEN 1
| #define HAVE_STRUCT_SOCKADDR_SA_LEN 1
| #define HAVE_STRUCT_ADDRINFO 1
| /* end confdefs.h.  */
| #include <sys/param.h>
| #include <sys/types.h>
| #include <sys/socket.h>
| #include <sys/ucred.h>
| 
| int
| main ()
| {
| if ((struct sockcred *) 0)
|   return 0;
| if (sizeof (struct sockcred))
|   return 0;
|   ;
|   return 0;
| }
configure:12692: result: no
configure:12704: checking for struct option
configure:12731: gcc -no-cpp-precomp -c -O2 -Wall -Wmissing-prototypes -Wpointer-arith -Winline -Wdeclaration-after-statement -Wendif-labels -fno-strict-aliasing   conftest.c >&5
configure:12737: $? = 0
configure:12741: test -z 
			 || test ! -s conftest.err
configure:12744: $? = 0
configure:12747: test -s conftest.o
configure:12750: $? = 0
configure:12761: result: yes
configure:12777: checking for z_streamp
configure:12802: gcc -no-cpp-precomp -c -O2 -Wall -Wmissing-prototypes -Wpointer-arith -Winline -Wdeclaration-after-statement -Wendif-labels -fno-strict-aliasing   conftest.c >&5
configure:12808: $? = 0
configure:12812: test -z 
			 || test ! -s conftest.err
configure:12815: $? = 0
configure:12818: test -s conftest.o
configure:12821: $? = 0
configure:12832: result: yes
configure:13309: checking whether F_FULLFSYNC is declared
configure:13334: gcc -no-cpp-precomp -c -O2 -Wall -Wmissing-prototypes -Wpointer-arith -Winline -Wdeclaration-after-statement -Wendif-labels -fno-strict-aliasing   conftest.c >&5
configure:13340: $? = 0
configure:13344: test -z 
			 || test ! -s conftest.err
configure:13347: $? = 0
configure:13350: test -s conftest.o
configure:13353: $? = 0
configure:13364: result: yes
configure:13387: checking for int timezone
configure:13413: gcc -no-cpp-precomp -o conftest -O2 -Wall -Wmissing-prototypes -Wpointer-arith -Winline -Wdeclaration-after-statement -Wendif-labels -fno-strict-aliasing     conftest.c -lz -lreadline -lresolv -ldl -lm  >&5
configure:13419: $? = 0
configure:13423: test -z 
			 || test ! -s conftest.err
configure:13426: $? = 0
configure:13429: test -s conftest
configure:13432: $? = 0
configure:13444: result: yes
configure:13453: checking types of arguments for accept()
configure:13493: gcc -no-cpp-precomp -c -O2 -Wall -Wmissing-prototypes -Wpointer-arith -Winline -Wdeclaration-after-statement -Wendif-labels -fno-strict-aliasing   conftest.c >&5
conftest.c:72:12: error: conflicting types for 'accept'
extern int accept (int, struct sockaddr *, int *);
           ^
/usr/include/sys/socket.h:555:5: note: previous declaration is here
int     accept(int, struct sockaddr * __restrict, socklen_t * __restrict)
        ^
1 error generated.
configure:13499: $? = 1
configure: failed program was:
| /* confdefs.h.  */
| 
| #define PACKAGE_NAME "PostgreSQL"
| #define PACKAGE_TARNAME "postgresql"
| #define PACKAGE_VERSION "8.1.7"
| #define PACKAGE_STRING "PostgreSQL 8.1.7"
| #define PACKAGE_BUGREPORT "pgsql-bugs@postgresql.org"
| #define PG_VERSION "8.1.7"
| #define DEF_PGPORT 5432
| #define DEF_PGPORT_STR "5432"
| #define PG_VERSION_STR "PostgreSQL 8.1.7 on i686-apple-darwin13.4.0, compiled by GCC Apple LLVM version 6.0 (clang-600.0.54) (based on LLVM 3.5svn)"
| #define PG_KRB_SRVNAM "postgres"
| #define HAVE_LIBM 1
| #define HAVE_LIBDL 1
| #define HAVE_LIBRESOLV 1
| #define HAVE_LIBREADLINE 1
| #define HAVE_LIBZ 1
| #define HAVE_SPINLOCKS 1
| #define STDC_HEADERS 1
| #define HAVE_SYS_TYPES_H 1
| #define HAVE_SYS_STAT_H 1
| #define HAVE_STDLIB_H 1
| #define HAVE_STRING_H 1
| #define HAVE_MEMORY_H 1
| #define HAVE_STRINGS_H 1
| #define HAVE_INTTYPES_H 1
| #define HAVE_STDINT_H 1
| #define HAVE_UNISTD_H 1
| #define HAVE_GETOPT_H 1
| #define HAVE_LANGINFO_H 1
| #define HAVE_POLL_H 1
| #define HAVE_PWD_H 1
| #define HAVE_SYS_IPC_H 1
| #define HAVE_SYS_POLL_H 1
| #define HAVE_SYS_SELECT_H 1
| #define HAVE_SYS_SEM_H 1
| #define HAVE_SYS_SOCKET_H 1
| #define HAVE_SYS_SHM_H 1
| #define HAVE_SYS_TIME_H 1
| #define HAVE_SYS_UN_H 1
| #define HAVE_TERMIOS_H 1
| #define HAVE_UTIME_H 1
| #define HAVE_WCHAR_H 1
| #define HAVE_WCTYPE_H 1
| #define HAVE_NETINET_IN_H 1
| #define HAVE_NETINET_TCP_H 1
| #define HAVE_READLINE_READLINE_H 1
| #define HAVE_READLINE_HISTORY_H 1
| #define HAVE_STRINGIZE 1
| #define HAVE_FUNCNAME__FUNC 1
| #define HAVE_STRUCT_TM_TM_ZONE 1
| #define HAVE_TM_ZONE 1
| #define HAVE_TZNAME 1
| #define HAVE_UNION_SEMUN 1
| #define HAVE_STRUCT_SOCKADDR_UN 1
| #define HAVE_UNIX_SOCKETS 1
| #define HAVE_STRUCT_SOCKADDR_STORAGE 1
| #define HAVE_STRUCT_SOCKADDR_STORAGE_SS_FAMILY 1
| #define HAVE_STRUCT_SOCKADDR_STORAGE_SS_LEN 1
| #define HAVE_STRUCT_SOCKADDR_SA_LEN 1
| #define HAVE_STRUCT_ADDRINFO 1
| #define HAVE_STRUCT_OPTION 1
| #define HAVE_DECL_F_FULLFSYNC 1
| #define HAVE_INT_TIMEZONE
| /* end confdefs.h.  */
| #ifdef HAVE_SYS_TYPES_H
| #include <sys/types.h>
| #endif
| #ifdef HAVE_SYS_SOCKET_H
| #include <sys/socket.h>
| #endif
| extern int accept (int, struct sockaddr *, int *);
| int
| main ()
| {
| 
|   ;
|   return 0;
| }
configure:13493: gcc -no-cpp-precomp -c -O2 -Wall -Wmissing-prototypes -Wpointer-arith -Winline -Wdeclaration-after-statement -Wendif-labels -fno-strict-aliasing   conftest.c >&5
conftest.c:72:12: error: conflicting types for 'accept'
extern int accept (int, struct sockaddr *, size_t *);
           ^
/usr/include/sys/socket.h:555:5: note: previous declaration is here
int     accept(int, struct sockaddr * __restrict, socklen_t * __restrict)
        ^
1 error generated.
configure:13499: $? = 1
configure: failed program was:
| /* confdefs.h.  */
| 
| #define PACKAGE_NAME "PostgreSQL"
| #define PACKAGE_TARNAME "postgresql"
| #define PACKAGE_VERSION "8.1.7"
| #define PACKAGE_STRING "PostgreSQL 8.1.7"
| #define PACKAGE_BUGREPORT "pgsql-bugs@postgresql.org"
| #define PG_VERSION "8.1.7"
| #define DEF_PGPORT 5432
| #define DEF_PGPORT_STR "5432"
| #define PG_VERSION_STR "PostgreSQL 8.1.7 on i686-apple-darwin13.4.0, compiled by GCC Apple LLVM version 6.0 (clang-600.0.54) (based on LLVM 3.5svn)"
| #define PG_KRB_SRVNAM "postgres"
| #define HAVE_LIBM 1
| #define HAVE_LIBDL 1
| #define HAVE_LIBRESOLV 1
| #define HAVE_LIBREADLINE 1
| #define HAVE_LIBZ 1
| #define HAVE_SPINLOCKS 1
| #define STDC_HEADERS 1
| #define HAVE_SYS_TYPES_H 1
| #define HAVE_SYS_STAT_H 1
| #define HAVE_STDLIB_H 1
| #define HAVE_STRING_H 1
| #define HAVE_MEMORY_H 1
| #define HAVE_STRINGS_H 1
| #define HAVE_INTTYPES_H 1
| #define HAVE_STDINT_H 1
| #define HAVE_UNISTD_H 1
| #define HAVE_GETOPT_H 1
| #define HAVE_LANGINFO_H 1
| #define HAVE_POLL_H 1
| #define HAVE_PWD_H 1
| #define HAVE_SYS_IPC_H 1
| #define HAVE_SYS_POLL_H 1
| #define HAVE_SYS_SELECT_H 1
| #define HAVE_SYS_SEM_H 1
| #define HAVE_SYS_SOCKET_H 1
| #define HAVE_SYS_SHM_H 1
| #define HAVE_SYS_TIME_H 1
| #define HAVE_SYS_UN_H 1
| #define HAVE_TERMIOS_H 1
| #define HAVE_UTIME_H 1
| #define HAVE_WCHAR_H 1
| #define HAVE_WCTYPE_H 1
| #define HAVE_NETINET_IN_H 1
| #define HAVE_NETINET_TCP_H 1
| #define HAVE_READLINE_READLINE_H 1
| #define HAVE_READLINE_HISTORY_H 1
| #define HAVE_STRINGIZE 1
| #define HAVE_FUNCNAME__FUNC 1
| #define HAVE_STRUCT_TM_TM_ZONE 1
| #define HAVE_TM_ZONE 1
| #define HAVE_TZNAME 1
| #define HAVE_UNION_SEMUN 1
| #define HAVE_STRUCT_SOCKADDR_UN 1
| #define HAVE_UNIX_SOCKETS 1
| #define HAVE_STRUCT_SOCKADDR_STORAGE 1
| #define HAVE_STRUCT_SOCKADDR_STORAGE_SS_FAMILY 1
| #define HAVE_STRUCT_SOCKADDR_STORAGE_SS_LEN 1
| #define HAVE_STRUCT_SOCKADDR_SA_LEN 1
| #define HAVE_STRUCT_ADDRINFO 1
| #define HAVE_STRUCT_OPTION 1
| #define HAVE_DECL_F_FULLFSYNC 1
| #define HAVE_INT_TIMEZONE
| /* end confdefs.h.  */
| #ifdef HAVE_SYS_TYPES_H
| #include <sys/types.h>
| #endif
| #ifdef HAVE_SYS_SOCKET_H
| #include <sys/socket.h>
| #endif
| extern int accept (int, struct sockaddr *, size_t *);
| int
| main ()
| {
| 
|   ;
|   return 0;
| }
configure:13493: gcc -no-cpp-precomp -c -O2 -Wall -Wmissing-prototypes -Wpointer-arith -Winline -Wdeclaration-after-statement -Wendif-labels -fno-strict-aliasing   conftest.c >&5
configure:13499: $? = 0
configure:13503: test -z 
			 || test ! -s conftest.err
configure:13506: $? = 0
configure:13509: test -s conftest.o
configure:13512: $? = 0
configure:13542: result: int, int, struct sockaddr *, socklen_t *
configure:13565: checking whether gettimeofday takes only one argument
configure:13588: gcc -no-cpp-precomp -c -O2 -Wall -Wmissing-prototypes -Wpointer-arith -Winline -Wdeclaration-after-statement -Wendif-labels -fno-strict-aliasing   conftest.c >&5
conftest.c:76:14: warning: variable 'tp' is uninitialized when used here [-Wuninitialized]
gettimeofday(tp,tzp);
             ^~
conftest.c:74:19: note: initialize the variable 'tp' to silence this warning
struct timeval *tp;
                  ^
                   = NULL
conftest.c:76:17: warning: variable 'tzp' is uninitialized when used here [-Wuninitialized]
gettimeofday(tp,tzp);
                ^~~
conftest.c:75:21: note: initialize the variable 'tzp' to silence this warning
struct timezone *tzp;
                    ^
                     = NULL
2 warnings generated.
configure:13594: $? = 0
configure:13598: test -z 
			 || test ! -s conftest.err
configure:13601: $? = 0
configure:13604: test -s conftest.o
configure:13607: $? = 0
configure:13618: result: no
configure:13652: checking for cbrt
configure:13709: gcc -no-cpp-precomp -o conftest -O2 -Wall -Wmissing-prototypes -Wpointer-arith -Winline -Wdeclaration-after-statement -Wendif-labels -fno-strict-aliasing     conftest.c -lz -lreadline -lresolv -ldl -lm  >&5
conftest.c:94:6: warning: incompatible redeclaration of library function 'cbrt' [-Wincompatible-library-redeclaration]
char cbrt ();
     ^
conftest.c:94:6: note: 'cbrt' is a builtin with type 'double (double)'
1 warning generated.
configure:13715: $? = 0
configure:13719: test -z 
			 || test ! -s conftest.err
configure:13722: $? = 0
configure:13725: test -s conftest
configure:13728: $? = 0
configure:13740: result: yes
configure:13652: checking for dlopen
configure:13709: gcc -no-cpp-precomp -o conftest -O2 -Wall -Wmissing-prototypes -Wpointer-arith -Winline -Wdeclaration-after-statement -Wendif-labels -fno-strict-aliasing     conftest.c -lz -lreadline -lresolv -ldl -lm  >&5
configure:13715: $? = 0
configure:13719: test -z 
			 || test ! -s conftest.err
configure:13722: $? = 0
configure:13725: test -s conftest
configure:13728: $? = 0
configure:13740: result: yes
configure:13652: checking for fcvt
configure:13709: gcc -no-cpp-precomp -o conftest -O2 -Wall -Wmissing-prototypes -Wpointer-arith -Winline -Wdeclaration-after-statement -Wendif-labels -fno-strict-aliasing     conftest.c -lz -lreadline -lresolv -ldl -lm  >&5
configure:13715: $? = 0
configure:13719: test -z 
			 || test ! -s conftest.err
configure:13722: $? = 0
configure:13725: test -s conftest
configure:13728: $? = 0
configure:13740: result: yes
configure:13652: checking for fdatasync
configure:13709: gcc -no-cpp-precomp -o conftest -O2 -Wall -Wmissing-prototypes -Wpointer-arith -Winline -Wdeclaration-after-statement -Wendif-labels -fno-strict-aliasing     conftest.c -lz -lreadline -lresolv -ldl -lm  >&5
configure:13715: $? = 0
configure:13719: test -z 
			 || test ! -s conftest.err
configure:13722: $? = 0
configure:13725: test -s conftest
configure:13728: $? = 0
configure:13740: result: yes
configure:13652: checking for getpeereid
configure:13709: gcc -no-cpp-precomp -o conftest -O2 -Wall -Wmissing-prototypes -Wpointer-arith -Winline -Wdeclaration-after-statement -Wendif-labels -fno-strict-aliasing     conftest.c -lz -lreadline -lresolv -ldl -lm  >&5
configure:13715: $? = 0
configure:13719: test -z 
			 || test ! -s conftest.err
configure:13722: $? = 0
configure:13725: test -s conftest
configure:13728: $? = 0
configure:13740: result: yes
configure:13652: checking for memmove
configure:13709: gcc -no-cpp-precomp -o conftest -O2 -Wall -Wmissing-prototypes -Wpointer-arith -Winline -Wdeclaration-after-statement -Wendif-labels -fno-strict-aliasing     conftest.c -lz -lreadline -lresolv -ldl -lm  >&5
conftest.c:99:6: warning: incompatible redeclaration of library function 'memmove' [-Wincompatible-library-redeclaration]
char memmove ();
     ^
conftest.c:99:6: note: 'memmove' is a builtin with type 'void *(void *, const void *, unsigned long)'
1 warning generated.
configure:13715: $? = 0
configure:13719: test -z 
			 || test ! -s conftest.err
configure:13722: $? = 0
configure:13725: test -s conftest
configure:13728: $? = 0
configure:13740: result: yes
configure:13652: checking for poll
configure:13709: gcc -no-cpp-precomp -o conftest -O2 -Wall -Wmissing-prototypes -Wpointer-arith -Winline -Wdeclaration-after-statement -Wendif-labels -fno-strict-aliasing     conftest.c -lz -lreadline -lresolv -ldl -lm  >&5
configure:13715: $? = 0
configure:13719: test -z 
			 || test ! -s conftest.err
configure:13722: $? = 0
configure:13725: test -s conftest
configure:13728: $? = 0
configure:13740: result: yes
configure:13652: checking for pstat
configure:13709: gcc -no-cpp-precomp -o conftest -O2 -Wall -Wmissing-prototypes -Wpointer-arith -Winline -Wdeclaration-after-statement -Wendif-labels -fno-strict-aliasing     conftest.c -lz -lreadline -lresolv -ldl -lm  >&5
Undefined symbols for architecture x86_64:
  "_pstat", referenced from:
      _main in conftest-562379.o
      _f in conftest-562379.o
ld: symbol(s) not found for architecture x86_64
clang: error: linker command failed with exit code 1 (use -v to see invocation)
configure:13715: $? = 1
configure: failed program was:
| /* confdefs.h.  */
| 
| #define PACKAGE_NAME "PostgreSQL"
| #define PACKAGE_TARNAME "postgresql"
| #define PACKAGE_VERSION "8.1.7"
| #define PACKAGE_STRING "PostgreSQL 8.1.7"
| #define PACKAGE_BUGREPORT "pgsql-bugs@postgresql.org"
| #define PG_VERSION "8.1.7"
| #define DEF_PGPORT 5432
| #define DEF_PGPORT_STR "5432"
| #define PG_VERSION_STR "PostgreSQL 8.1.7 on i686-apple-darwin13.4.0, compiled by GCC Apple LLVM version 6.0 (clang-600.0.54) (based on LLVM 3.5svn)"
| #define PG_KRB_SRVNAM "postgres"
| #define HAVE_LIBM 1
| #define HAVE_LIBDL 1
| #define HAVE_LIBRESOLV 1
| #define HAVE_LIBREADLINE 1
| #define HAVE_LIBZ 1
| #define HAVE_SPINLOCKS 1
| #define STDC_HEADERS 1
| #define HAVE_SYS_TYPES_H 1
| #define HAVE_SYS_STAT_H 1
| #define HAVE_STDLIB_H 1
| #define HAVE_STRING_H 1
| #define HAVE_MEMORY_H 1
| #define HAVE_STRINGS_H 1
| #define HAVE_INTTYPES_H 1
| #define HAVE_STDINT_H 1
| #define HAVE_UNISTD_H 1
| #define HAVE_GETOPT_H 1
| #define HAVE_LANGINFO_H 1
| #define HAVE_POLL_H 1
| #define HAVE_PWD_H 1
| #define HAVE_SYS_IPC_H 1
| #define HAVE_SYS_POLL_H 1
| #define HAVE_SYS_SELECT_H 1
| #define HAVE_SYS_SEM_H 1
| #define HAVE_SYS_SOCKET_H 1
| #define HAVE_SYS_SHM_H 1
| #define HAVE_SYS_TIME_H 1
| #define HAVE_SYS_UN_H 1
| #define HAVE_TERMIOS_H 1
| #define HAVE_UTIME_H 1
| #define HAVE_WCHAR_H 1
| #define HAVE_WCTYPE_H 1
| #define HAVE_NETINET_IN_H 1
| #define HAVE_NETINET_TCP_H 1
| #define HAVE_READLINE_READLINE_H 1
| #define HAVE_READLINE_HISTORY_H 1
| #define HAVE_STRINGIZE 1
| #define HAVE_FUNCNAME__FUNC 1
| #define HAVE_STRUCT_TM_TM_ZONE 1
| #define HAVE_TM_ZONE 1
| #define HAVE_TZNAME 1
| #define HAVE_UNION_SEMUN 1
| #define HAVE_STRUCT_SOCKADDR_UN 1
| #define HAVE_UNIX_SOCKETS 1
| #define HAVE_STRUCT_SOCKADDR_STORAGE 1
| #define HAVE_STRUCT_SOCKADDR_STORAGE_SS_FAMILY 1
| #define HAVE_STRUCT_SOCKADDR_STORAGE_SS_LEN 1
| #define HAVE_STRUCT_SOCKADDR_SA_LEN 1
| #define HAVE_STRUCT_ADDRINFO 1
| #define HAVE_STRUCT_OPTION 1
| #define HAVE_DECL_F_FULLFSYNC 1
| #define HAVE_INT_TIMEZONE
| #define ACCEPT_TYPE_RETURN int
| #define ACCEPT_TYPE_ARG1 int
| #define ACCEPT_TYPE_ARG2 struct sockaddr *
| #define ACCEPT_TYPE_ARG3 socklen_t
| #define HAVE_CBRT 1
| #define HAVE_DLOPEN 1
| #define HAVE_FCVT 1
| #define HAVE_FDATASYNC 1
| #define HAVE_GETPEEREID 1
| #define HAVE_MEMMOVE 1
| #define HAVE_POLL 1
| /* end confdefs.h.  */
| /* Define pstat to an innocuous variant, in case <limits.h> declares pstat.
|    For example, HP-UX 11i <limits.h> declares gettimeofday.  */
| #define pstat innocuous_pstat
| 
| /* System header to define __stub macros and hopefully few prototypes,
|     which can conflict with char pstat (); below.
|     Prefer <limits.h> to <assert.h> if __STDC__ is defined, since
|     <limits.h> exists even on freestanding compilers.  */
| 
| #ifdef __STDC__
| # include <limits.h>
| #else
| # include <assert.h>
| #endif
| 
| #undef pstat
| 
| /* Override any gcc2 internal prototype to avoid an error.  */
| #ifdef __cplusplus
| extern "C"
| {
| #endif
| /* We use char because int might match the return type of a gcc2
|    builtin and then its argument prototype would still apply.  */
| char pstat ();
| /* The GNU C library defines this for functions which it implements
|     to always fail with ENOSYS.  Some functions are actually named
|     something starting with __ and the normal name is an alias.  */
| #if defined (__stub_pstat) || defined (__stub___pstat)
| choke me
| #else
| char (*f) () = pstat;
| #endif
| #ifdef __cplusplus
| }
| #endif
| 
| int
| main ()
| {
| return f != pstat;
|   ;
|   return 0;
| }
configure:13740: result: no
configure:13652: checking for readlink
configure:13709: gcc -no-cpp-precomp -o conftest -O2 -Wall -Wmissing-prototypes -Wpointer-arith -Winline -Wdeclaration-after-statement -Wendif-labels -fno-strict-aliasing     conftest.c -lz -lreadline -lresolv -ldl -lm  >&5
configure:13715: $? = 0
configure:13719: test -z 
			 || test ! -s conftest.err
configure:13722: $? = 0
configure:13725: test -s conftest
configure:13728: $? = 0
configure:13740: result: yes
configure:13652: checking for setproctitle
configure:13709: gcc -no-cpp-precomp -o conftest -O2 -Wall -Wmissing-prototypes -Wpointer-arith -Winline -Wdeclaration-after-statement -Wendif-labels -fno-strict-aliasing     conftest.c -lz -lreadline -lresolv -ldl -lm  >&5
Undefined symbols for architecture x86_64:
  "_setproctitle", referenced from:
      _main in conftest-b7cad7.o
      _f in conftest-b7cad7.o
ld: symbol(s) not found for architecture x86_64
clang: error: linker command failed with exit code 1 (use -v to see invocation)
configure:13715: $? = 1
configure: failed program was:
| /* confdefs.h.  */
| 
| #define PACKAGE_NAME "PostgreSQL"
| #define PACKAGE_TARNAME "postgresql"
| #define PACKAGE_VERSION "8.1.7"
| #define PACKAGE_STRING "PostgreSQL 8.1.7"
| #define PACKAGE_BUGREPORT "pgsql-bugs@postgresql.org"
| #define PG_VERSION "8.1.7"
| #define DEF_PGPORT 5432
| #define DEF_PGPORT_STR "5432"
| #define PG_VERSION_STR "PostgreSQL 8.1.7 on i686-apple-darwin13.4.0, compiled by GCC Apple LLVM version 6.0 (clang-600.0.54) (based on LLVM 3.5svn)"
| #define PG_KRB_SRVNAM "postgres"
| #define HAVE_LIBM 1
| #define HAVE_LIBDL 1
| #define HAVE_LIBRESOLV 1
| #define HAVE_LIBREADLINE 1
| #define HAVE_LIBZ 1
| #define HAVE_SPINLOCKS 1
| #define STDC_HEADERS 1
| #define HAVE_SYS_TYPES_H 1
| #define HAVE_SYS_STAT_H 1
| #define HAVE_STDLIB_H 1
| #define HAVE_STRING_H 1
| #define HAVE_MEMORY_H 1
| #define HAVE_STRINGS_H 1
| #define HAVE_INTTYPES_H 1
| #define HAVE_STDINT_H 1
| #define HAVE_UNISTD_H 1
| #define HAVE_GETOPT_H 1
| #define HAVE_LANGINFO_H 1
| #define HAVE_POLL_H 1
| #define HAVE_PWD_H 1
| #define HAVE_SYS_IPC_H 1
| #define HAVE_SYS_POLL_H 1
| #define HAVE_SYS_SELECT_H 1
| #define HAVE_SYS_SEM_H 1
| #define HAVE_SYS_SOCKET_H 1
| #define HAVE_SYS_SHM_H 1
| #define HAVE_SYS_TIME_H 1
| #define HAVE_SYS_UN_H 1
| #define HAVE_TERMIOS_H 1
| #define HAVE_UTIME_H 1
| #define HAVE_WCHAR_H 1
| #define HAVE_WCTYPE_H 1
| #define HAVE_NETINET_IN_H 1
| #define HAVE_NETINET_TCP_H 1
| #define HAVE_READLINE_READLINE_H 1
| #define HAVE_READLINE_HISTORY_H 1
| #define HAVE_STRINGIZE 1
| #define HAVE_FUNCNAME__FUNC 1
| #define HAVE_STRUCT_TM_TM_ZONE 1
| #define HAVE_TM_ZONE 1
| #define HAVE_TZNAME 1
| #define HAVE_UNION_SEMUN 1
| #define HAVE_STRUCT_SOCKADDR_UN 1
| #define HAVE_UNIX_SOCKETS 1
| #define HAVE_STRUCT_SOCKADDR_STORAGE 1
| #define HAVE_STRUCT_SOCKADDR_STORAGE_SS_FAMILY 1
| #define HAVE_STRUCT_SOCKADDR_STORAGE_SS_LEN 1
| #define HAVE_STRUCT_SOCKADDR_SA_LEN 1
| #define HAVE_STRUCT_ADDRINFO 1
| #define HAVE_STRUCT_OPTION 1
| #define HAVE_DECL_F_FULLFSYNC 1
| #define HAVE_INT_TIMEZONE
| #define ACCEPT_TYPE_RETURN int
| #define ACCEPT_TYPE_ARG1 int
| #define ACCEPT_TYPE_ARG2 struct sockaddr *
| #define ACCEPT_TYPE_ARG3 socklen_t
| #define HAVE_CBRT 1
| #define HAVE_DLOPEN 1
| #define HAVE_FCVT 1
| #define HAVE_FDATASYNC 1
| #define HAVE_GETPEEREID 1
| #define HAVE_MEMMOVE 1
| #define HAVE_POLL 1
| #define HAVE_READLINK 1
| /* end confdefs.h.  */
| /* Define setproctitle to an innocuous variant, in case <limits.h> declares setproctitle.
|    For example, HP-UX 11i <limits.h> declares gettimeofday.  */
| #define setproctitle innocuous_setproctitle
| 
| /* System header to define __stub macros and hopefully few prototypes,
|     which can conflict with char setproctitle (); below.
|     Prefer <limits.h> to <assert.h> if __STDC__ is defined, since
|     <limits.h> exists even on freestanding compilers.  */
| 
| #ifdef __STDC__
| # include <limits.h>
| #else
| # include <assert.h>
| #endif
| 
| #undef setproctitle
| 
| /* Override any gcc2 internal prototype to avoid an error.  */
| #ifdef __cplusplus
| extern "C"
| {
| #endif
| /* We use char because int might match the return type of a gcc2
|    builtin and then its argument prototype would still apply.  */
| char setproctitle ();
| /* The GNU C library defines this for functions which it implements
|     to always fail with ENOSYS.  Some functions are actually named
|     something starting with __ and the normal name is an alias.  */
| #if defined (__stub_setproctitle) || defined (__stub___setproctitle)
| choke me
| #else
| char (*f) () = setproctitle;
| #endif
| #ifdef __cplusplus
| }
| #endif
| 
| int
| main ()
| {
| return f != setproctitle;
|   ;
|   return 0;
| }
configure:13740: result: no
configure:13652: checking for setsid
configure:13709: gcc -no-cpp-precomp -o conftest -O2 -Wall -Wmissing-prototypes -Wpointer-arith -Winline -Wdeclaration-after-statement -Wendif-labels -fno-strict-aliasing     conftest.c -lz -lreadline -lresolv -ldl -lm  >&5
configure:13715: $? = 0
configure:13719: test -z 
			 || test ! -s conftest.err
configure:13722: $? = 0
configure:13725: test -s conftest
configure:13728: $? = 0
configure:13740: result: yes
configure:13652: checking for sigprocmask
configure:13709: gcc -no-cpp-precomp -o conftest -O2 -Wall -Wmissing-prototypes -Wpointer-arith -Winline -Wdeclaration-after-statement -Wendif-labels -fno-strict-aliasing     conftest.c -lz -lreadline -lresolv -ldl -lm  >&5
configure:13715: $? = 0
configure:13719: test -z 
			 || test ! -s conftest.err
configure:13722: $? = 0
configure:13725: test -s conftest
configure:13728: $? = 0
configure:13740: result: yes
configure:13652: checking for symlink
configure:13709: gcc -no-cpp-precomp -o conftest -O2 -Wall -Wmissing-prototypes -Wpointer-arith -Winline -Wdeclaration-after-statement -Wendif-labels -fno-strict-aliasing     conftest.c -lz -lreadline -lresolv -ldl -lm  >&5
configure:13715: $? = 0
configure:13719: test -z 
			 || test ! -s conftest.err
configure:13722: $? = 0
configure:13725: test -s conftest
configure:13728: $? = 0
configure:13740: result: yes
configure:13652: checking for sysconf
configure:13709: gcc -no-cpp-precomp -o conftest -O2 -Wall -Wmissing-prototypes -Wpointer-arith -Winline -Wdeclaration-after-statement -Wendif-labels -fno-strict-aliasing     conftest.c -lz -lreadline -lresolv -ldl -lm  >&5
configure:13715: $? = 0
configure:13719: test -z 
			 || test ! -s conftest.err
configure:13722: $? = 0
configure:13725: test -s conftest
configure:13728: $? = 0
configure:13740: result: yes
configure:13652: checking for towlower
configure:13709: gcc -no-cpp-precomp -o conftest -O2 -Wall -Wmissing-prototypes -Wpointer-arith -Winline -Wdeclaration-after-statement -Wendif-labels -fno-strict-aliasing     conftest.c -lz -lreadline -lresolv -ldl -lm  >&5
configure:13715: $? = 0
configure:13719: test -z 
			 || test ! -s conftest.err
configure:13722: $? = 0
configure:13725: test -s conftest
configure:13728: $? = 0
configure:13740: result: yes
configure:13652: checking for utime
configure:13709: gcc -no-cpp-precomp -o conftest -O2 -Wall -Wmissing-prototypes -Wpointer-arith -Winline -Wdeclaration-after-statement -Wendif-labels -fno-strict-aliasing     conftest.c -lz -lreadline -lresolv -ldl -lm  >&5
configure:13715: $? = 0
configure:13719: test -z 
			 || test ! -s conftest.err
configure:13722: $? = 0
configure:13725: test -s conftest
configure:13728: $? = 0
configure:13740: result: yes
configure:13652: checking for utimes
configure:13709: gcc -no-cpp-precomp -o conftest -O2 -Wall -Wmissing-prototypes -Wpointer-arith -Winline -Wdeclaration-after-statement -Wendif-labels -fno-strict-aliasing     conftest.c -lz -lreadline -lresolv -ldl -lm  >&5
configure:13715: $? = 0
configure:13719: test -z 
			 || test ! -s conftest.err
configure:13722: $? = 0
configure:13725: test -s conftest
configure:13728: $? = 0
configure:13740: result: yes
configure:13652: checking for waitpid
configure:13709: gcc -no-cpp-precomp -o conftest -O2 -Wall -Wmissing-prototypes -Wpointer-arith -Winline -Wdeclaration-after-statement -Wendif-labels -fno-strict-aliasing     conftest.c -lz -lreadline -lresolv -ldl -lm  >&5
configure:13715: $? = 0
configure:13719: test -z 
			 || test ! -s conftest.err
configure:13722: $? = 0
configure:13725: test -s conftest
configure:13728: $? = 0
configure:13740: result: yes
configure:13652: checking for wcstombs
configure:13709: gcc -no-cpp-precomp -o conftest -O2 -Wall -Wmissing-prototypes -Wpointer-arith -Winline -Wdeclaration-after-statement -Wendif-labels -fno-strict-aliasing     conftest.c -lz -lreadline -lresolv -ldl -lm  >&5
configure:13715: $? = 0
configure:13719: test -z 
			 || test ! -s conftest.err
configure:13722: $? = 0
configure:13725: test -s conftest
configure:13728: $? = 0
configure:13740: result: yes
configure:13751: checking whether fdatasync is declared
configure:13776: gcc -no-cpp-precomp -c -O2 -Wall -Wmissing-prototypes -Wpointer-arith -Winline -Wdeclaration-after-statement -Wendif-labels -fno-strict-aliasing   conftest.c >&5
conftest.c:93:22: error: use of undeclared identifier 'fdatasync'
  char *p = (char *) fdatasync;
                     ^
1 error generated.
configure:13782: $? = 1
configure: failed program was:
| /* confdefs.h.  */
| 
| #define PACKAGE_NAME "PostgreSQL"
| #define PACKAGE_TARNAME "postgresql"
| #define PACKAGE_VERSION "8.1.7"
| #define PACKAGE_STRING "PostgreSQL 8.1.7"
| #define PACKAGE_BUGREPORT "pgsql-bugs@postgresql.org"
| #define PG_VERSION "8.1.7"
| #define DEF_PGPORT 5432
| #define DEF_PGPORT_STR "5432"
| #define PG_VERSION_STR "PostgreSQL 8.1.7 on i686-apple-darwin13.4.0, compiled by GCC Apple LLVM version 6.0 (clang-600.0.54) (based on LLVM 3.5svn)"
| #define PG_KRB_SRVNAM "postgres"
| #define HAVE_LIBM 1
| #define HAVE_LIBDL 1
| #define HAVE_LIBRESOLV 1
| #define HAVE_LIBREADLINE 1
| #define HAVE_LIBZ 1
| #define HAVE_SPINLOCKS 1
| #define STDC_HEADERS 1
| #define HAVE_SYS_TYPES_H 1
| #define HAVE_SYS_STAT_H 1
| #define HAVE_STDLIB_H 1
| #define HAVE_STRING_H 1
| #define HAVE_MEMORY_H 1
| #define HAVE_STRINGS_H 1
| #define HAVE_INTTYPES_H 1
| #define HAVE_STDINT_H 1
| #define HAVE_UNISTD_H 1
| #define HAVE_GETOPT_H 1
| #define HAVE_LANGINFO_H 1
| #define HAVE_POLL_H 1
| #define HAVE_PWD_H 1
| #define HAVE_SYS_IPC_H 1
| #define HAVE_SYS_POLL_H 1
| #define HAVE_SYS_SELECT_H 1
| #define HAVE_SYS_SEM_H 1
| #define HAVE_SYS_SOCKET_H 1
| #define HAVE_SYS_SHM_H 1
| #define HAVE_SYS_TIME_H 1
| #define HAVE_SYS_UN_H 1
| #define HAVE_TERMIOS_H 1
| #define HAVE_UTIME_H 1
| #define HAVE_WCHAR_H 1
| #define HAVE_WCTYPE_H 1
| #define HAVE_NETINET_IN_H 1
| #define HAVE_NETINET_TCP_H 1
| #define HAVE_READLINE_READLINE_H 1
| #define HAVE_READLINE_HISTORY_H 1
| #define HAVE_STRINGIZE 1
| #define HAVE_FUNCNAME__FUNC 1
| #define HAVE_STRUCT_TM_TM_ZONE 1
| #define HAVE_TM_ZONE 1
| #define HAVE_TZNAME 1
| #define HAVE_UNION_SEMUN 1
| #define HAVE_STRUCT_SOCKADDR_UN 1
| #define HAVE_UNIX_SOCKETS 1
| #define HAVE_STRUCT_SOCKADDR_STORAGE 1
| #define HAVE_STRUCT_SOCKADDR_STORAGE_SS_FAMILY 1
| #define HAVE_STRUCT_SOCKADDR_STORAGE_SS_LEN 1
| #define HAVE_STRUCT_SOCKADDR_SA_LEN 1
| #define HAVE_STRUCT_ADDRINFO 1
| #define HAVE_STRUCT_OPTION 1
| #define HAVE_DECL_F_FULLFSYNC 1
| #define HAVE_INT_TIMEZONE
| #define ACCEPT_TYPE_RETURN int
| #define ACCEPT_TYPE_ARG1 int
| #define ACCEPT_TYPE_ARG2 struct sockaddr *
| #define ACCEPT_TYPE_ARG3 socklen_t
| #define HAVE_CBRT 1
| #define HAVE_DLOPEN 1
| #define HAVE_FCVT 1
| #define HAVE_FDATASYNC 1
| #define HAVE_GETPEEREID 1
| #define HAVE_MEMMOVE 1
| #define HAVE_POLL 1
| #define HAVE_READLINK 1
| #define HAVE_SETSID 1
| #define HAVE_SIGPROCMASK 1
| #define HAVE_SYMLINK 1
| #define HAVE_SYSCONF 1
| #define HAVE_TOWLOWER 1
| #define HAVE_UTIME 1
| #define HAVE_UTIMES 1
| #define HAVE_WAITPID 1
| #define HAVE_WCSTOMBS 1
| /* end confdefs.h.  */
| #include <unistd.h>
| 
| int
| main ()
| {
| #ifndef fdatasync
|   char *p = (char *) fdatasync;
| #endif
| 
|   ;
|   return 0;
| }
configure:13806: result: no
configure:13826: checking for struct sockaddr_in6
configure:13852: gcc -no-cpp-precomp -c -O2 -Wall -Wmissing-prototypes -Wpointer-arith -Winline -Wdeclaration-after-statement -Wendif-labels -fno-strict-aliasing   conftest.c >&5
configure:13858: $? = 0
configure:13862: test -z 
			 || test ! -s conftest.err
configure:13865: $? = 0
configure:13868: test -s conftest.o
configure:13871: $? = 0
configure:13882: result: yes
configure:13895: checking for PS_STRINGS
configure:13919: gcc -no-cpp-precomp -o conftest -O2 -Wall -Wmissing-prototypes -Wpointer-arith -Winline -Wdeclaration-after-statement -Wendif-labels -fno-strict-aliasing     conftest.c -lz -lreadline -lresolv -ldl -lm  >&5
conftest.c:90:10: fatal error: 'sys/exec.h' file not found
#include <sys/exec.h>
         ^
1 error generated.
configure:13925: $? = 1
configure: failed program was:
| /* confdefs.h.  */
| 
| #define PACKAGE_NAME "PostgreSQL"
| #define PACKAGE_TARNAME "postgresql"
| #define PACKAGE_VERSION "8.1.7"
| #define PACKAGE_STRING "PostgreSQL 8.1.7"
| #define PACKAGE_BUGREPORT "pgsql-bugs@postgresql.org"
| #define PG_VERSION "8.1.7"
| #define DEF_PGPORT 5432
| #define DEF_PGPORT_STR "5432"
| #define PG_VERSION_STR "PostgreSQL 8.1.7 on i686-apple-darwin13.4.0, compiled by GCC Apple LLVM version 6.0 (clang-600.0.54) (based on LLVM 3.5svn)"
| #define PG_KRB_SRVNAM "postgres"
| #define HAVE_LIBM 1
| #define HAVE_LIBDL 1
| #define HAVE_LIBRESOLV 1
| #define HAVE_LIBREADLINE 1
| #define HAVE_LIBZ 1
| #define HAVE_SPINLOCKS 1
| #define STDC_HEADERS 1
| #define HAVE_SYS_TYPES_H 1
| #define HAVE_SYS_STAT_H 1
| #define HAVE_STDLIB_H 1
| #define HAVE_STRING_H 1
| #define HAVE_MEMORY_H 1
| #define HAVE_STRINGS_H 1
| #define HAVE_INTTYPES_H 1
| #define HAVE_STDINT_H 1
| #define HAVE_UNISTD_H 1
| #define HAVE_GETOPT_H 1
| #define HAVE_LANGINFO_H 1
| #define HAVE_POLL_H 1
| #define HAVE_PWD_H 1
| #define HAVE_SYS_IPC_H 1
| #define HAVE_SYS_POLL_H 1
| #define HAVE_SYS_SELECT_H 1
| #define HAVE_SYS_SEM_H 1
| #define HAVE_SYS_SOCKET_H 1
| #define HAVE_SYS_SHM_H 1
| #define HAVE_SYS_TIME_H 1
| #define HAVE_SYS_UN_H 1
| #define HAVE_TERMIOS_H 1
| #define HAVE_UTIME_H 1
| #define HAVE_WCHAR_H 1
| #define HAVE_WCTYPE_H 1
| #define HAVE_NETINET_IN_H 1
| #define HAVE_NETINET_TCP_H 1
| #define HAVE_READLINE_READLINE_H 1
| #define HAVE_READLINE_HISTORY_H 1
| #define HAVE_STRINGIZE 1
| #define HAVE_FUNCNAME__FUNC 1
| #define HAVE_STRUCT_TM_TM_ZONE 1
| #define HAVE_TM_ZONE 1
| #define HAVE_TZNAME 1
| #define HAVE_UNION_SEMUN 1
| #define HAVE_STRUCT_SOCKADDR_UN 1
| #define HAVE_UNIX_SOCKETS 1
| #define HAVE_STRUCT_SOCKADDR_STORAGE 1
| #define HAVE_STRUCT_SOCKADDR_STORAGE_SS_FAMILY 1
| #define HAVE_STRUCT_SOCKADDR_STORAGE_SS_LEN 1
| #define HAVE_STRUCT_SOCKADDR_SA_LEN 1
| #define HAVE_STRUCT_ADDRINFO 1
| #define HAVE_STRUCT_OPTION 1
| #define HAVE_DECL_F_FULLFSYNC 1
| #define HAVE_INT_TIMEZONE
| #define ACCEPT_TYPE_RETURN int
| #define ACCEPT_TYPE_ARG1 int
| #define ACCEPT_TYPE_ARG2 struct sockaddr *
| #define ACCEPT_TYPE_ARG3 socklen_t
| #define HAVE_CBRT 1
| #define HAVE_DLOPEN 1
| #define HAVE_FCVT 1
| #define HAVE_FDATASYNC 1
| #define HAVE_GETPEEREID 1
| #define HAVE_MEMMOVE 1
| #define HAVE_POLL 1
| #define HAVE_READLINK 1
| #define HAVE_SETSID 1
| #define HAVE_SIGPROCMASK 1
| #define HAVE_SYMLINK 1
| #define HAVE_SYSCONF 1
| #define HAVE_TOWLOWER 1
| #define HAVE_UTIME 1
| #define HAVE_UTIMES 1
| #define HAVE_WAITPID 1
| #define HAVE_WCSTOMBS 1
| #define HAVE_DECL_FDATASYNC 0
| #define HAVE_IPV6 1
| /* end confdefs.h.  */
| #include <machine/vmparam.h>
| #include <sys/exec.h>
| 
| int
| main ()
| {
| PS_STRINGS->ps_nargvstr = 1;
| PS_STRINGS->ps_argvstr = "foo";
|   ;
|   return 0;
| }
configure:13950: result: no
configure:13999: checking for snprintf
configure:14056: gcc -no-cpp-precomp -o conftest -O2 -Wall -Wmissing-prototypes -Wpointer-arith -Winline -Wdeclaration-after-statement -Wendif-labels -fno-strict-aliasing     conftest.c -lz -lreadline -lresolv -ldl -lm  >&5
conftest.c:113:6: warning: incompatible redeclaration of library function 'snprintf' [-Wincompatible-library-redeclaration]
char snprintf ();
     ^
conftest.c:113:6: note: 'snprintf' is a builtin with type 'int (char *, unsigned long, const char *, ...)'
1 warning generated.
configure:14062: $? = 0
configure:14066: test -z 
			 || test ! -s conftest.err
configure:14069: $? = 0
configure:14072: test -s conftest
configure:14075: $? = 0
configure:14087: result: yes
configure:14103: checking for vsnprintf
configure:14160: gcc -no-cpp-precomp -o conftest -O2 -Wall -Wmissing-prototypes -Wpointer-arith -Winline -Wdeclaration-after-statement -Wendif-labels -fno-strict-aliasing     conftest.c -lz -lreadline -lresolv -ldl -lm  >&5
conftest.c:114:6: warning: incompatible redeclaration of library function 'vsnprintf' [-Wincompatible-library-redeclaration]
char vsnprintf ();
     ^
conftest.c:114:6: note: 'vsnprintf' is a builtin with type 'int (char *, unsigned long, const char *, __va_list_tag *)'
1 warning generated.
configure:14166: $? = 0
configure:14170: test -z 
			 || test ! -s conftest.err
configure:14173: $? = 0
configure:14176: test -s conftest
configure:14179: $? = 0
configure:14191: result: yes
configure:14211: checking whether snprintf is declared
configure:14235: gcc -no-cpp-precomp -c -O2 -Wall -Wmissing-prototypes -Wpointer-arith -Winline -Wdeclaration-after-statement -Wendif-labels -fno-strict-aliasing   conftest.c >&5
configure:14241: $? = 0
configure:14245: test -z 
			 || test ! -s conftest.err
configure:14248: $? = 0
configure:14251: test -s conftest.o
configure:14254: $? = 0
configure:14265: result: yes
configure:14281: checking whether vsnprintf is declared
configure:14305: gcc -no-cpp-precomp -c -O2 -Wall -Wmissing-prototypes -Wpointer-arith -Winline -Wdeclaration-after-statement -Wendif-labels -fno-strict-aliasing   conftest.c >&5
configure:14311: $? = 0
configure:14315: test -z 
			 || test ! -s conftest.err
configure:14318: $? = 0
configure:14321: test -s conftest.o
configure:14324: $? = 0
configure:14335: result: yes
configure:14355: checking for isinf
configure:14379: gcc -no-cpp-precomp -o conftest -O2 -Wall -Wmissing-prototypes -Wpointer-arith -Winline -Wdeclaration-after-statement -Wendif-labels -fno-strict-aliasing     conftest.c -lz -lreadline -lresolv -ldl -lm  >&5
configure:14385: $? = 0
configure:14389: test -z 
			 || test ! -s conftest.err
configure:14392: $? = 0
configure:14395: test -s conftest
configure:14398: $? = 0
configure:14410: result: yes
configure:14552: checking for crypt
configure:14609: gcc -no-cpp-precomp -o conftest -O2 -Wall -Wmissing-prototypes -Wpointer-arith -Winline -Wdeclaration-after-statement -Wendif-labels -fno-strict-aliasing     conftest.c -lz -lreadline -lresolv -ldl -lm  >&5
configure:14615: $? = 0
configure:14619: test -z 
			 || test ! -s conftest.err
configure:14622: $? = 0
configure:14625: test -s conftest
configure:14628: $? = 0
configure:14640: result: yes
configure:14552: checking for fseeko
configure:14609: gcc -no-cpp-precomp -o conftest -O2 -Wall -Wmissing-prototypes -Wpointer-arith -Winline -Wdeclaration-after-statement -Wendif-labels -fno-strict-aliasing     conftest.c -lz -lreadline -lresolv -ldl -lm  >&5
configure:14615: $? = 0
configure:14619: test -z 
			 || test ! -s conftest.err
configure:14622: $? = 0
configure:14625: test -s conftest
configure:14628: $? = 0
configure:14640: result: yes
configure:14552: checking for getopt
configure:14609: gcc -no-cpp-precomp -o conftest -O2 -Wall -Wmissing-prototypes -Wpointer-arith -Winline -Wdeclaration-after-statement -Wendif-labels -fno-strict-aliasing     conftest.c -lz -lreadline -lresolv -ldl -lm  >&5
configure:14615: $? = 0
configure:14619: test -z 
			 || test ! -s conftest.err
configure:14622: $? = 0
configure:14625: test -s conftest
configure:14628: $? = 0
configure:14640: result: yes
configure:14552: checking for getrusage
configure:14609: gcc -no-cpp-precomp -o conftest -O2 -Wall -Wmissing-prototypes -Wpointer-arith -Winline -Wdeclaration-after-statement -Wendif-labels -fno-strict-aliasing     conftest.c -lz -lreadline -lresolv -ldl -lm  >&5
configure:14615: $? = 0
configure:14619: test -z 
			 || test ! -s conftest.err
configure:14622: $? = 0
configure:14625: test -s conftest
configure:14628: $? = 0
configure:14640: result: yes
configure:14552: checking for inet_aton
configure:14609: gcc -no-cpp-precomp -o conftest -O2 -Wall -Wmissing-prototypes -Wpointer-arith -Winline -Wdeclaration-after-statement -Wendif-labels -fno-strict-aliasing     conftest.c -lz -lreadline -lresolv -ldl -lm  >&5
configure:14615: $? = 0
configure:14619: test -z 
			 || test ! -s conftest.err
configure:14622: $? = 0
configure:14625: test -s conftest
configure:14628: $? = 0
configure:14640: result: yes
configure:14552: checking for random
configure:14609: gcc -no-cpp-precomp -o conftest -O2 -Wall -Wmissing-prototypes -Wpointer-arith -Winline -Wdeclaration-after-statement -Wendif-labels -fno-strict-aliasing     conftest.c -lz -lreadline -lresolv -ldl -lm  >&5
configure:14615: $? = 0
configure:14619: test -z 
			 || test ! -s conftest.err
configure:14622: $? = 0
configure:14625: test -s conftest
configure:14628: $? = 0
configure:14640: result: yes
configure:14552: checking for rint
configure:14609: gcc -no-cpp-precomp -o conftest -O2 -Wall -Wmissing-prototypes -Wpointer-arith -Winline -Wdeclaration-after-statement -Wendif-labels -fno-strict-aliasing     conftest.c -lz -lreadline -lresolv -ldl -lm  >&5
conftest.c:124:6: warning: incompatible redeclaration of library function 'rint' [-Wincompatible-library-redeclaration]
char rint ();
     ^
conftest.c:124:6: note: 'rint' is a builtin with type 'double (double)'
1 warning generated.
configure:14615: $? = 0
configure:14619: test -z 
			 || test ! -s conftest.err
configure:14622: $? = 0
configure:14625: test -s conftest
configure:14628: $? = 0
configure:14640: result: yes
configure:14552: checking for srandom
configure:14609: gcc -no-cpp-precomp -o conftest -O2 -Wall -Wmissing-prototypes -Wpointer-arith -Winline -Wdeclaration-after-statement -Wendif-labels -fno-strict-aliasing     conftest.c -lz -lreadline -lresolv -ldl -lm  >&5
configure:14615: $? = 0
configure:14619: test -z 
			 || test ! -s conftest.err
configure:14622: $? = 0
configure:14625: test -s conftest
configure:14628: $? = 0
configure:14640: result: yes
configure:14552: checking for strdup
configure:14609: gcc -no-cpp-precomp -o conftest -O2 -Wall -Wmissing-prototypes -Wpointer-arith -Winline -Wdeclaration-after-statement -Wendif-labels -fno-strict-aliasing     conftest.c -lz -lreadline -lresolv -ldl -lm  >&5
conftest.c:126:6: warning: incompatible redeclaration of library function 'strdup' [-Wincompatible-library-redeclaration]
char strdup ();
     ^
conftest.c:126:6: note: 'strdup' is a builtin with type 'char *(const char *)'
1 warning generated.
configure:14615: $? = 0
configure:14619: test -z 
			 || test ! -s conftest.err
configure:14622: $? = 0
configure:14625: test -s conftest
configure:14628: $? = 0
configure:14640: result: yes
configure:14552: checking for strerror
configure:14609: gcc -no-cpp-precomp -o conftest -O2 -Wall -Wmissing-prototypes -Wpointer-arith -Winline -Wdeclaration-after-statement -Wendif-labels -fno-strict-aliasing     conftest.c -lz -lreadline -lresolv -ldl -lm  >&5
conftest.c:127:6: warning: incompatible redeclaration of library function 'strerror' [-Wincompatible-library-redeclaration]
char strerror ();
     ^
conftest.c:127:6: note: 'strerror' is a builtin with type 'char *(int)'
1 warning generated.
configure:14615: $? = 0
configure:14619: test -z 
			 || test ! -s conftest.err
configure:14622: $? = 0
configure:14625: test -s conftest
configure:14628: $? = 0
configure:14640: result: yes
configure:14552: checking for strtol
configure:14609: gcc -no-cpp-precomp -o conftest -O2 -Wall -Wmissing-prototypes -Wpointer-arith -Winline -Wdeclaration-after-statement -Wendif-labels -fno-strict-aliasing     conftest.c -lz -lreadline -lresolv -ldl -lm  >&5
configure:14615: $? = 0
configure:14619: test -z 
			 || test ! -s conftest.err
configure:14622: $? = 0
configure:14625: test -s conftest
configure:14628: $? = 0
configure:14640: result: yes
configure:14552: checking for strtoul
configure:14609: gcc -no-cpp-precomp -o conftest -O2 -Wall -Wmissing-prototypes -Wpointer-arith -Winline -Wdeclaration-after-statement -Wendif-labels -fno-strict-aliasing     conftest.c -lz -lreadline -lresolv -ldl -lm  >&5
configure:14615: $? = 0
configure:14619: test -z 
			 || test ! -s conftest.err
configure:14622: $? = 0
configure:14625: test -s conftest
configure:14628: $? = 0
configure:14640: result: yes
configure:14552: checking for unsetenv
configure:14609: gcc -no-cpp-precomp -o conftest -O2 -Wall -Wmissing-prototypes -Wpointer-arith -Winline -Wdeclaration-after-statement -Wendif-labels -fno-strict-aliasing     conftest.c -lz -lreadline -lresolv -ldl -lm  >&5
configure:14615: $? = 0
configure:14619: test -z 
			 || test ! -s conftest.err
configure:14622: $? = 0
configure:14625: test -s conftest
configure:14628: $? = 0
configure:14640: result: yes
configure:14671: checking for getaddrinfo
configure:14728: gcc -no-cpp-precomp -o conftest -O2 -Wall -Wmissing-prototypes -Wpointer-arith -Winline -Wdeclaration-after-statement -Wendif-labels -fno-strict-aliasing     conftest.c -lz -lreadline -lresolv -ldl -lm  >&5
configure:14734: $? = 0
configure:14738: test -z 
			 || test ! -s conftest.err
configure:14741: $? = 0
configure:14744: test -s conftest
configure:14747: $? = 0
configure:14759: result: yes
configure:14796: checking for getopt_long
configure:14853: gcc -no-cpp-precomp -o conftest -O2 -Wall -Wmissing-prototypes -Wpointer-arith -Winline -Wdeclaration-after-statement -Wendif-labels -fno-strict-aliasing     conftest.c -lz -lreadline -lresolv -ldl -lm  >&5
configure:14859: $? = 0
configure:14863: test -z 
			 || test ! -s conftest.err
configure:14866: $? = 0
configure:14869: test -s conftest
configure:14872: $? = 0
configure:14884: result: yes
configure:14976: checking for rl_completion_append_character
configure:15000: gcc -no-cpp-precomp -o conftest -O2 -Wall -Wmissing-prototypes -Wpointer-arith -Winline -Wdeclaration-after-statement -Wendif-labels -fno-strict-aliasing     conftest.c -lz -lreadline -lresolv -ldl -lm  >&5
configure:15006: $? = 0
configure:15010: test -z 
			 || test ! -s conftest.err
configure:15013: $? = 0
configure:15016: test -s conftest
configure:15019: $? = 0
configure:15021: result: yes
configure:15042: checking for rl_completion_matches
configure:15099: gcc -no-cpp-precomp -o conftest -O2 -Wall -Wmissing-prototypes -Wpointer-arith -Winline -Wdeclaration-after-statement -Wendif-labels -fno-strict-aliasing     conftest.c -lz -lreadline -lresolv -ldl -lm  >&5
configure:15105: $? = 0
configure:15109: test -z 
			 || test ! -s conftest.err
configure:15112: $? = 0
configure:15115: test -s conftest
configure:15118: $? = 0
configure:15130: result: yes
configure:15042: checking for rl_filename_completion_function
configure:15099: gcc -no-cpp-precomp -o conftest -O2 -Wall -Wmissing-prototypes -Wpointer-arith -Winline -Wdeclaration-after-statement -Wendif-labels -fno-strict-aliasing     conftest.c -lz -lreadline -lresolv -ldl -lm  >&5
configure:15105: $? = 0
configure:15109: test -z 
			 || test ! -s conftest.err
configure:15112: $? = 0
configure:15115: test -s conftest
configure:15118: $? = 0
configure:15130: result: yes
configure:15144: checking for replace_history_entry
configure:15201: gcc -no-cpp-precomp -o conftest -O2 -Wall -Wmissing-prototypes -Wpointer-arith -Winline -Wdeclaration-after-statement -Wendif-labels -fno-strict-aliasing     conftest.c -lz -lreadline -lresolv -ldl -lm  >&5
configure:15207: $? = 0
configure:15211: test -z 
			 || test ! -s conftest.err
configure:15214: $? = 0
configure:15217: test -s conftest
configure:15220: $? = 0
configure:15232: result: yes
configure:15245: checking for finite
configure:15266: gcc -no-cpp-precomp -o conftest -O2 -Wall -Wmissing-prototypes -Wpointer-arith -Winline -Wdeclaration-after-statement -Wendif-labels -fno-strict-aliasing     conftest.c -lz -lreadline -lresolv -ldl -lm  >&5
conftest.c:120:8: warning: 'finite' is deprecated: first deprecated in OS X 10.9 [-Wdeprecated-declarations]
return finite(glob_double) ? 0 : 1;
       ^
/usr/include/math.h:718:12: note: 'finite' has been explicitly marked deprecated here
extern int finite(double) __OSX_AVAILABLE_BUT_DEPRECATED(__MAC_10_0, __MAC_10_9, __IPHONE_NA, __IPHONE_NA);
           ^
1 warning generated.
configure:15272: $? = 0
configure:15276: test -z 
			 || test ! -s conftest.err
configure:15279: $? = 0
configure:15282: test -s conftest
configure:15285: $? = 0
configure:15292: result: yes
configure:15304: checking for sigsetjmp
configure:15322: gcc -no-cpp-precomp -o conftest -O2 -Wall -Wmissing-prototypes -Wpointer-arith -Winline -Wdeclaration-after-statement -Wendif-labels -fno-strict-aliasing     conftest.c -lz -lreadline -lresolv -ldl -lm  >&5
configure:15328: $? = 0
configure:15332: test -z 
			 || test ! -s conftest.err
configure:15335: $? = 0
configure:15338: test -s conftest
configure:15341: $? = 0
configure:15348: result: yes
configure:15360: checking for syslog
configure:15417: gcc -no-cpp-precomp -o conftest -O2 -Wall -Wmissing-prototypes -Wpointer-arith -Winline -Wdeclaration-after-statement -Wendif-labels -fno-strict-aliasing     conftest.c -lz -lreadline -lresolv -ldl -lm  >&5
configure:15423: $? = 0
configure:15427: test -z 
			 || test ! -s conftest.err
configure:15430: $? = 0
configure:15433: test -s conftest
configure:15436: $? = 0
configure:15448: result: yes
configure:15461: checking syslog.h usability
configure:15473: gcc -no-cpp-precomp -c -O2 -Wall -Wmissing-prototypes -Wpointer-arith -Winline -Wdeclaration-after-statement -Wendif-labels -fno-strict-aliasing   conftest.c >&5
configure:15479: $? = 0
configure:15483: test -z 
			 || test ! -s conftest.err
configure:15486: $? = 0
configure:15489: test -s conftest.o
configure:15492: $? = 0
configure:15502: result: yes
configure:15506: checking syslog.h presence
configure:15516: gcc -no-cpp-precomp -E   conftest.c
configure:15522: $? = 0
configure:15542: result: yes
configure:15577: checking for syslog.h
configure:15584: result: yes
configure:15600: checking for optreset
configure:15621: gcc -no-cpp-precomp -o conftest -O2 -Wall -Wmissing-prototypes -Wpointer-arith -Winline -Wdeclaration-after-statement -Wendif-labels -fno-strict-aliasing     conftest.c -lz -lreadline -lresolv -ldl -lm  >&5
configure:15627: $? = 0
configure:15631: test -z 
			 || test ! -s conftest.err
configure:15634: $? = 0
configure:15637: test -s conftest
configure:15640: $? = 0
configure:15652: result: yes
configure:15667: checking for strtoll
configure:15724: gcc -no-cpp-precomp -o conftest -O2 -Wall -Wmissing-prototypes -Wpointer-arith -Winline -Wdeclaration-after-statement -Wendif-labels -fno-strict-aliasing     conftest.c -lz -lreadline -lresolv -ldl -lm  >&5
configure:15730: $? = 0
configure:15734: test -z 
			 || test ! -s conftest.err
configure:15737: $? = 0
configure:15740: test -s conftest
configure:15743: $? = 0
configure:15755: result: yes
configure:15770: checking for strtoull
configure:15827: gcc -no-cpp-precomp -o conftest -O2 -Wall -Wmissing-prototypes -Wpointer-arith -Winline -Wdeclaration-after-statement -Wendif-labels -fno-strict-aliasing     conftest.c -lz -lreadline -lresolv -ldl -lm  >&5
configure:15833: $? = 0
configure:15837: test -z 
			 || test ! -s conftest.err
configure:15840: $? = 0
configure:15843: test -s conftest
configure:15846: $? = 0
configure:15858: result: yes
configure:15874: checking for atexit
configure:15931: gcc -no-cpp-precomp -o conftest -O2 -Wall -Wmissing-prototypes -Wpointer-arith -Winline -Wdeclaration-after-statement -Wendif-labels -fno-strict-aliasing     conftest.c -lz -lreadline -lresolv -ldl -lm  >&5
configure:15937: $? = 0
configure:15941: test -z 
			 || test ! -s conftest.err
configure:15944: $? = 0
configure:15947: test -s conftest
configure:15950: $? = 0
configure:15962: result: yes
configure:16080: checking for _LARGEFILE_SOURCE value needed for large files
configure:16103: gcc -no-cpp-precomp -c -O2 -Wall -Wmissing-prototypes -Wpointer-arith -Winline -Wdeclaration-after-statement -Wendif-labels -fno-strict-aliasing   conftest.c >&5
configure:16109: $? = 0
configure:16113: test -z 
			 || test ! -s conftest.err
configure:16116: $? = 0
configure:16119: test -s conftest.o
configure:16122: $? = 0
configure:16179: result: no
configure:16193: checking for fseeko
configure:16245: result: yes
configure:17207: checking test program
configure:17222: gcc -no-cpp-precomp -o conftest -O2 -Wall -Wmissing-prototypes -Wpointer-arith -Winline -Wdeclaration-after-statement -Wendif-labels -fno-strict-aliasing     conftest.c -lz -lreadline -lresolv -ldl -lm  >&5
configure:17225: $? = 0
configure:17227: ./conftest
configure:17230: $? = 0
configure:17232: result: ok
configure:17324: checking whether long int is 64 bits
configure:17414: gcc -no-cpp-precomp -o conftest -O2 -Wall -Wmissing-prototypes -Wpointer-arith -Winline -Wdeclaration-after-statement -Wendif-labels -fno-strict-aliasing     conftest.c -lz -lreadline -lresolv -ldl -lm  >&5
conftest.c:130:5: warning: no previous prototype for function 'does_int64_work' [-Wmissing-prototypes]
int does_int64_work()
    ^
conftest.c:144:1: warning: type specifier missing, defaults to 'int' [-Wimplicit-int]
main() {
^~~~
conftest.c:145:3: warning: implicitly declaring library function 'exit' with type 'void (int) __attribute__((noreturn))'
  exit(! does_int64_work());
  ^
conftest.c:145:3: note: please include the header <stdlib.h> or explicitly provide a declaration for 'exit'
3 warnings generated.
configure:17417: $? = 0
configure:17419: ./conftest
configure:17422: $? = 0
configure:17436: result: yes
configure:17762: checking for unsigned long
configure:17786: gcc -no-cpp-precomp -c -O2 -Wall -Wmissing-prototypes -Wpointer-arith -Winline -Wdeclaration-after-statement -Wendif-labels -fno-strict-aliasing   conftest.c >&5
configure:17792: $? = 0
configure:17796: test -z 
			 || test ! -s conftest.err
configure:17799: $? = 0
configure:17802: test -s conftest.o
configure:17805: $? = 0
configure:17816: result: yes
configure:17819: checking size of unsigned long
configure:18138: gcc -no-cpp-precomp -o conftest -O2 -Wall -Wmissing-prototypes -Wpointer-arith -Winline -Wdeclaration-after-statement -Wendif-labels -fno-strict-aliasing     conftest.c -lz -lreadline -lresolv -ldl -lm  >&5
conftest.c:158:6: warning: no previous prototype for function 'longval' [-Wmissing-prototypes]
long longval () { return (long) (sizeof (unsigned long)); }
     ^
conftest.c:159:15: warning: no previous prototype for function 'ulongval' [-Wmissing-prototypes]
unsigned long ulongval () { return (long) (sizeof (unsigned long)); }
              ^
2 warnings generated.
configure:18141: $? = 0
configure:18143: ./conftest
configure:18146: $? = 0
configure:18169: result: 8
configure:18178: checking for size_t
configure:18202: gcc -no-cpp-precomp -c -O2 -Wall -Wmissing-prototypes -Wpointer-arith -Winline -Wdeclaration-after-statement -Wendif-labels -fno-strict-aliasing   conftest.c >&5
configure:18208: $? = 0
configure:18212: test -z 
			 || test ! -s conftest.err
configure:18215: $? = 0
configure:18218: test -s conftest.o
configure:18221: $? = 0
configure:18232: result: yes
configure:18235: checking size of size_t
configure:18554: gcc -no-cpp-precomp -o conftest -O2 -Wall -Wmissing-prototypes -Wpointer-arith -Winline -Wdeclaration-after-statement -Wendif-labels -fno-strict-aliasing     conftest.c -lz -lreadline -lresolv -ldl -lm  >&5
conftest.c:159:6: warning: no previous prototype for function 'longval' [-Wmissing-prototypes]
long longval () { return (long) (sizeof (size_t)); }
     ^
conftest.c:160:15: warning: no previous prototype for function 'ulongval' [-Wmissing-prototypes]
unsigned long ulongval () { return (long) (sizeof (size_t)); }
              ^
2 warnings generated.
configure:18557: $? = 0
configure:18559: ./conftest
configure:18562: $? = 0
configure:18585: result: 8
configure:18595: checking for short
configure:18619: gcc -no-cpp-precomp -c -O2 -Wall -Wmissing-prototypes -Wpointer-arith -Winline -Wdeclaration-after-statement -Wendif-labels -fno-strict-aliasing   conftest.c >&5
configure:18625: $? = 0
configure:18629: test -z 
			 || test ! -s conftest.err
configure:18632: $? = 0
configure:18635: test -s conftest.o
configure:18638: $? = 0
configure:18649: result: yes
configure:18652: checking alignment of short
configure:18971: gcc -no-cpp-precomp -o conftest -O2 -Wall -Wmissing-prototypes -Wpointer-arith -Winline -Wdeclaration-after-statement -Wendif-labels -fno-strict-aliasing     conftest.c -lz -lreadline -lresolv -ldl -lm  >&5
conftest.c:161:6: warning: no previous prototype for function 'longval' [-Wmissing-prototypes]
long longval () { return ((char*) & pgac_struct.field) - ((char*) & pgac_struct); }
     ^
conftest.c:162:15: warning: no previous prototype for function 'ulongval' [-Wmissing-prototypes]
unsigned long ulongval () { return ((char*) & pgac_struct.field) - ((char*) & pgac_struct); }
              ^
2 warnings generated.
configure:18974: $? = 0
configure:18976: ./conftest
configure:18979: $? = 0
configure:19000: result: 2
configure:19007: checking for int
configure:19031: gcc -no-cpp-precomp -c -O2 -Wall -Wmissing-prototypes -Wpointer-arith -Winline -Wdeclaration-after-statement -Wendif-labels -fno-strict-aliasing   conftest.c >&5
configure:19037: $? = 0
configure:19041: test -z 
			 || test ! -s conftest.err
configure:19044: $? = 0
configure:19047: test -s conftest.o
configure:19050: $? = 0
configure:19061: result: yes
configure:19064: checking alignment of int
configure:19383: gcc -no-cpp-precomp -o conftest -O2 -Wall -Wmissing-prototypes -Wpointer-arith -Winline -Wdeclaration-after-statement -Wendif-labels -fno-strict-aliasing     conftest.c -lz -lreadline -lresolv -ldl -lm  >&5
conftest.c:162:6: warning: no previous prototype for function 'longval' [-Wmissing-prototypes]
long longval () { return ((char*) & pgac_struct.field) - ((char*) & pgac_struct); }
     ^
conftest.c:163:15: warning: no previous prototype for function 'ulongval' [-Wmissing-prototypes]
unsigned long ulongval () { return ((char*) & pgac_struct.field) - ((char*) & pgac_struct); }
              ^
2 warnings generated.
configure:19386: $? = 0
configure:19388: ./conftest
configure:19391: $? = 0
configure:19412: result: 4
configure:19419: checking for long
configure:19443: gcc -no-cpp-precomp -c -O2 -Wall -Wmissing-prototypes -Wpointer-arith -Winline -Wdeclaration-after-statement -Wendif-labels -fno-strict-aliasing   conftest.c >&5
configure:19449: $? = 0
configure:19453: test -z 
			 || test ! -s conftest.err
configure:19456: $? = 0
configure:19459: test -s conftest.o
configure:19462: $? = 0
configure:19473: result: yes
configure:19476: checking alignment of long
configure:19795: gcc -no-cpp-precomp -o conftest -O2 -Wall -Wmissing-prototypes -Wpointer-arith -Winline -Wdeclaration-after-statement -Wendif-labels -fno-strict-aliasing     conftest.c -lz -lreadline -lresolv -ldl -lm  >&5
conftest.c:163:6: warning: no previous prototype for function 'longval' [-Wmissing-prototypes]
long longval () { return ((char*) & pgac_struct.field) - ((char*) & pgac_struct); }
     ^
conftest.c:164:15: warning: no previous prototype for function 'ulongval' [-Wmissing-prototypes]
unsigned long ulongval () { return ((char*) & pgac_struct.field) - ((char*) & pgac_struct); }
              ^
2 warnings generated.
configure:19798: $? = 0
configure:19800: ./conftest
configure:19803: $? = 0
configure:19824: result: 8
configure:20245: checking for double
configure:20269: gcc -no-cpp-precomp -c -O2 -Wall -Wmissing-prototypes -Wpointer-arith -Winline -Wdeclaration-after-statement -Wendif-labels -fno-strict-aliasing   conftest.c >&5
configure:20275: $? = 0
configure:20279: test -z 
			 || test ! -s conftest.err
configure:20282: $? = 0
configure:20285: test -s conftest.o
configure:20288: $? = 0
configure:20299: result: yes
configure:20302: checking alignment of double
configure:20621: gcc -no-cpp-precomp -o conftest -O2 -Wall -Wmissing-prototypes -Wpointer-arith -Winline -Wdeclaration-after-statement -Wendif-labels -fno-strict-aliasing     conftest.c -lz -lreadline -lresolv -ldl -lm  >&5
conftest.c:164:6: warning: no previous prototype for function 'longval' [-Wmissing-prototypes]
long longval () { return ((char*) & pgac_struct.field) - ((char*) & pgac_struct); }
     ^
conftest.c:165:15: warning: no previous prototype for function 'ulongval' [-Wmissing-prototypes]
unsigned long ulongval () { return ((char*) & pgac_struct.field) - ((char*) & pgac_struct); }
              ^
2 warnings generated.
configure:20624: $? = 0
configure:20626: ./conftest
configure:20629: $? = 0
configure:20650: result: 8
configure:20678: checking for int8
configure:20706: gcc -no-cpp-precomp -c -O2 -Wall -Wmissing-prototypes -Wpointer-arith -Winline -Wdeclaration-after-statement -Wendif-labels -fno-strict-aliasing   conftest.c >&5
conftest.c:139:6: error: use of undeclared identifier 'int8'; did you mean 'int'?
if ((int8 *) 0)
     ^
conftest.c:139:12: error: expected expression
if ((int8 *) 0)
           ^
conftest.c:141:13: error: use of undeclared identifier 'int8'; did you mean 'int'?
if (sizeof (int8))
            ^
3 errors generated.
configure:20712: $? = 1
configure: failed program was:
| /* confdefs.h.  */
| 
| #define PACKAGE_NAME "PostgreSQL"
| #define PACKAGE_TARNAME "postgresql"
| #define PACKAGE_VERSION "8.1.7"
| #define PACKAGE_STRING "PostgreSQL 8.1.7"
| #define PACKAGE_BUGREPORT "pgsql-bugs@postgresql.org"
| #define PG_VERSION "8.1.7"
| #define DEF_PGPORT 5432
| #define DEF_PGPORT_STR "5432"
| #define PG_VERSION_STR "PostgreSQL 8.1.7 on i686-apple-darwin13.4.0, compiled by GCC Apple LLVM version 6.0 (clang-600.0.54) (based on LLVM 3.5svn)"
| #define PG_KRB_SRVNAM "postgres"
| #define HAVE_LIBM 1
| #define HAVE_LIBDL 1
| #define HAVE_LIBRESOLV 1
| #define HAVE_LIBREADLINE 1
| #define HAVE_LIBZ 1
| #define HAVE_SPINLOCKS 1
| #define STDC_HEADERS 1
| #define HAVE_SYS_TYPES_H 1
| #define HAVE_SYS_STAT_H 1
| #define HAVE_STDLIB_H 1
| #define HAVE_STRING_H 1
| #define HAVE_MEMORY_H 1
| #define HAVE_STRINGS_H 1
| #define HAVE_INTTYPES_H 1
| #define HAVE_STDINT_H 1
| #define HAVE_UNISTD_H 1
| #define HAVE_GETOPT_H 1
| #define HAVE_LANGINFO_H 1
| #define HAVE_POLL_H 1
| #define HAVE_PWD_H 1
| #define HAVE_SYS_IPC_H 1
| #define HAVE_SYS_POLL_H 1
| #define HAVE_SYS_SELECT_H 1
| #define HAVE_SYS_SEM_H 1
| #define HAVE_SYS_SOCKET_H 1
| #define HAVE_SYS_SHM_H 1
| #define HAVE_SYS_TIME_H 1
| #define HAVE_SYS_UN_H 1
| #define HAVE_TERMIOS_H 1
| #define HAVE_UTIME_H 1
| #define HAVE_WCHAR_H 1
| #define HAVE_WCTYPE_H 1
| #define HAVE_NETINET_IN_H 1
| #define HAVE_NETINET_TCP_H 1
| #define HAVE_READLINE_READLINE_H 1
| #define HAVE_READLINE_HISTORY_H 1
| #define HAVE_STRINGIZE 1
| #define HAVE_FUNCNAME__FUNC 1
| #define HAVE_STRUCT_TM_TM_ZONE 1
| #define HAVE_TM_ZONE 1
| #define HAVE_TZNAME 1
| #define HAVE_UNION_SEMUN 1
| #define HAVE_STRUCT_SOCKADDR_UN 1
| #define HAVE_UNIX_SOCKETS 1
| #define HAVE_STRUCT_SOCKADDR_STORAGE 1
| #define HAVE_STRUCT_SOCKADDR_STORAGE_SS_FAMILY 1
| #define HAVE_STRUCT_SOCKADDR_STORAGE_SS_LEN 1
| #define HAVE_STRUCT_SOCKADDR_SA_LEN 1
| #define HAVE_STRUCT_ADDRINFO 1
| #define HAVE_STRUCT_OPTION 1
| #define HAVE_DECL_F_FULLFSYNC 1
| #define HAVE_INT_TIMEZONE
| #define ACCEPT_TYPE_RETURN int
| #define ACCEPT_TYPE_ARG1 int
| #define ACCEPT_TYPE_ARG2 struct sockaddr *
| #define ACCEPT_TYPE_ARG3 socklen_t
| #define HAVE_CBRT 1
| #define HAVE_DLOPEN 1
| #define HAVE_FCVT 1
| #define HAVE_FDATASYNC 1
| #define HAVE_GETPEEREID 1
| #define HAVE_MEMMOVE 1
| #define HAVE_POLL 1
| #define HAVE_READLINK 1
| #define HAVE_SETSID 1
| #define HAVE_SIGPROCMASK 1
| #define HAVE_SYMLINK 1
| #define HAVE_SYSCONF 1
| #define HAVE_TOWLOWER 1
| #define HAVE_UTIME 1
| #define HAVE_UTIMES 1
| #define HAVE_WAITPID 1
| #define HAVE_WCSTOMBS 1
| #define HAVE_DECL_FDATASYNC 0
| #define HAVE_IPV6 1
| #define HAVE_SNPRINTF 1
| #define HAVE_VSNPRINTF 1
| #define HAVE_DECL_SNPRINTF 1
| #define HAVE_DECL_VSNPRINTF 1
| #define HAVE_ISINF 1
| #define HAVE_CRYPT 1
| #define HAVE_FSEEKO 1
| #define HAVE_GETOPT 1
| #define HAVE_GETRUSAGE 1
| #define HAVE_INET_ATON 1
| #define HAVE_RANDOM 1
| #define HAVE_RINT 1
| #define HAVE_SRANDOM 1
| #define HAVE_STRDUP 1
| #define HAVE_STRERROR 1
| #define HAVE_STRTOL 1
| #define HAVE_STRTOUL 1
| #define HAVE_UNSETENV 1
| #define HAVE_GETADDRINFO 1
| #define HAVE_GETOPT_LONG 1
| #define HAVE_RL_COMPLETION_APPEND_CHARACTER 1
| #define HAVE_RL_COMPLETION_MATCHES 1
| #define HAVE_RL_FILENAME_COMPLETION_FUNCTION 1
| #define HAVE_REPLACE_HISTORY_ENTRY 1
| #define HAVE_FINITE 1
| #define HAVE_SIGSETJMP 1
| #define HAVE_SYSLOG 1
| #define HAVE_INT_OPTRESET 1
| #define HAVE_STRTOLL 1
| #define HAVE_STRTOULL 1
| #define HAVE_ATEXIT 1
| #define HAVE_FSEEKO 1
| #define HAVE_LONG_INT_64
| #define INT64_FORMAT "%ld"
| #define UINT64_FORMAT "%lu"
| #define SIZEOF_UNSIGNED_LONG 8
| #define SIZEOF_SIZE_T 8
| #define ALIGNOF_SHORT 2
| #define ALIGNOF_INT 4
| #define ALIGNOF_LONG 8
| #define ALIGNOF_DOUBLE 8
| #define MAXIMUM_ALIGNOF 8
| /* end confdefs.h.  */
| #include <stdio.h>
| #ifdef HAVE_SUPPORTDEFS_H
| #include <SupportDefs.h>
| #endif
| 
| int
| main ()
| {
| if ((int8 *) 0)
|   return 0;
| if (sizeof (int8))
|   return 0;
|   ;
|   return 0;
| }
configure:20736: result: no
configure:20746: checking for uint8
configure:20774: gcc -no-cpp-precomp -c -O2 -Wall -Wmissing-prototypes -Wpointer-arith -Winline -Wdeclaration-after-statement -Wendif-labels -fno-strict-aliasing   conftest.c >&5
conftest.c:139:6: error: use of undeclared identifier 'uint8'
if ((uint8 *) 0)
     ^
conftest.c:139:13: error: expected expression
if ((uint8 *) 0)
            ^
conftest.c:141:13: error: use of undeclared identifier 'uint8'
if (sizeof (uint8))
            ^
3 errors generated.
configure:20780: $? = 1
configure: failed program was:
| /* confdefs.h.  */
| 
| #define PACKAGE_NAME "PostgreSQL"
| #define PACKAGE_TARNAME "postgresql"
| #define PACKAGE_VERSION "8.1.7"
| #define PACKAGE_STRING "PostgreSQL 8.1.7"
| #define PACKAGE_BUGREPORT "pgsql-bugs@postgresql.org"
| #define PG_VERSION "8.1.7"
| #define DEF_PGPORT 5432
| #define DEF_PGPORT_STR "5432"
| #define PG_VERSION_STR "PostgreSQL 8.1.7 on i686-apple-darwin13.4.0, compiled by GCC Apple LLVM version 6.0 (clang-600.0.54) (based on LLVM 3.5svn)"
| #define PG_KRB_SRVNAM "postgres"
| #define HAVE_LIBM 1
| #define HAVE_LIBDL 1
| #define HAVE_LIBRESOLV 1
| #define HAVE_LIBREADLINE 1
| #define HAVE_LIBZ 1
| #define HAVE_SPINLOCKS 1
| #define STDC_HEADERS 1
| #define HAVE_SYS_TYPES_H 1
| #define HAVE_SYS_STAT_H 1
| #define HAVE_STDLIB_H 1
| #define HAVE_STRING_H 1
| #define HAVE_MEMORY_H 1
| #define HAVE_STRINGS_H 1
| #define HAVE_INTTYPES_H 1
| #define HAVE_STDINT_H 1
| #define HAVE_UNISTD_H 1
| #define HAVE_GETOPT_H 1
| #define HAVE_LANGINFO_H 1
| #define HAVE_POLL_H 1
| #define HAVE_PWD_H 1
| #define HAVE_SYS_IPC_H 1
| #define HAVE_SYS_POLL_H 1
| #define HAVE_SYS_SELECT_H 1
| #define HAVE_SYS_SEM_H 1
| #define HAVE_SYS_SOCKET_H 1
| #define HAVE_SYS_SHM_H 1
| #define HAVE_SYS_TIME_H 1
| #define HAVE_SYS_UN_H 1
| #define HAVE_TERMIOS_H 1
| #define HAVE_UTIME_H 1
| #define HAVE_WCHAR_H 1
| #define HAVE_WCTYPE_H 1
| #define HAVE_NETINET_IN_H 1
| #define HAVE_NETINET_TCP_H 1
| #define HAVE_READLINE_READLINE_H 1
| #define HAVE_READLINE_HISTORY_H 1
| #define HAVE_STRINGIZE 1
| #define HAVE_FUNCNAME__FUNC 1
| #define HAVE_STRUCT_TM_TM_ZONE 1
| #define HAVE_TM_ZONE 1
| #define HAVE_TZNAME 1
| #define HAVE_UNION_SEMUN 1
| #define HAVE_STRUCT_SOCKADDR_UN 1
| #define HAVE_UNIX_SOCKETS 1
| #define HAVE_STRUCT_SOCKADDR_STORAGE 1
| #define HAVE_STRUCT_SOCKADDR_STORAGE_SS_FAMILY 1
| #define HAVE_STRUCT_SOCKADDR_STORAGE_SS_LEN 1
| #define HAVE_STRUCT_SOCKADDR_SA_LEN 1
| #define HAVE_STRUCT_ADDRINFO 1
| #define HAVE_STRUCT_OPTION 1
| #define HAVE_DECL_F_FULLFSYNC 1
| #define HAVE_INT_TIMEZONE
| #define ACCEPT_TYPE_RETURN int
| #define ACCEPT_TYPE_ARG1 int
| #define ACCEPT_TYPE_ARG2 struct sockaddr *
| #define ACCEPT_TYPE_ARG3 socklen_t
| #define HAVE_CBRT 1
| #define HAVE_DLOPEN 1
| #define HAVE_FCVT 1
| #define HAVE_FDATASYNC 1
| #define HAVE_GETPEEREID 1
| #define HAVE_MEMMOVE 1
| #define HAVE_POLL 1
| #define HAVE_READLINK 1
| #define HAVE_SETSID 1
| #define HAVE_SIGPROCMASK 1
| #define HAVE_SYMLINK 1
| #define HAVE_SYSCONF 1
| #define HAVE_TOWLOWER 1
| #define HAVE_UTIME 1
| #define HAVE_UTIMES 1
| #define HAVE_WAITPID 1
| #define HAVE_WCSTOMBS 1
| #define HAVE_DECL_FDATASYNC 0
| #define HAVE_IPV6 1
| #define HAVE_SNPRINTF 1
| #define HAVE_VSNPRINTF 1
| #define HAVE_DECL_SNPRINTF 1
| #define HAVE_DECL_VSNPRINTF 1
| #define HAVE_ISINF 1
| #define HAVE_CRYPT 1
| #define HAVE_FSEEKO 1
| #define HAVE_GETOPT 1
| #define HAVE_GETRUSAGE 1
| #define HAVE_INET_ATON 1
| #define HAVE_RANDOM 1
| #define HAVE_RINT 1
| #define HAVE_SRANDOM 1
| #define HAVE_STRDUP 1
| #define HAVE_STRERROR 1
| #define HAVE_STRTOL 1
| #define HAVE_STRTOUL 1
| #define HAVE_UNSETENV 1
| #define HAVE_GETADDRINFO 1
| #define HAVE_GETOPT_LONG 1
| #define HAVE_RL_COMPLETION_APPEND_CHARACTER 1
| #define HAVE_RL_COMPLETION_MATCHES 1
| #define HAVE_RL_FILENAME_COMPLETION_FUNCTION 1
| #define HAVE_REPLACE_HISTORY_ENTRY 1
| #define HAVE_FINITE 1
| #define HAVE_SIGSETJMP 1
| #define HAVE_SYSLOG 1
| #define HAVE_INT_OPTRESET 1
| #define HAVE_STRTOLL 1
| #define HAVE_STRTOULL 1
| #define HAVE_ATEXIT 1
| #define HAVE_FSEEKO 1
| #define HAVE_LONG_INT_64
| #define INT64_FORMAT "%ld"
| #define UINT64_FORMAT "%lu"
| #define SIZEOF_UNSIGNED_LONG 8
| #define SIZEOF_SIZE_T 8
| #define ALIGNOF_SHORT 2
| #define ALIGNOF_INT 4
| #define ALIGNOF_LONG 8
| #define ALIGNOF_DOUBLE 8
| #define MAXIMUM_ALIGNOF 8
| /* end confdefs.h.  */
| #include <stdio.h>
| #ifdef HAVE_SUPPORTDEFS_H
| #include <SupportDefs.h>
| #endif
| 
| int
| main ()
| {
| if ((uint8 *) 0)
|   return 0;
| if (sizeof (uint8))
|   return 0;
|   ;
|   return 0;
| }
configure:20804: result: no
configure:20814: checking for int64
configure:20842: gcc -no-cpp-precomp -c -O2 -Wall -Wmissing-prototypes -Wpointer-arith -Winline -Wdeclaration-after-statement -Wendif-labels -fno-strict-aliasing   conftest.c >&5
conftest.c:139:6: error: use of undeclared identifier 'int64'
if ((int64 *) 0)
     ^
conftest.c:139:13: error: expected expression
if ((int64 *) 0)
            ^
conftest.c:141:13: error: use of undeclared identifier 'int64'
if (sizeof (int64))
            ^
3 errors generated.
configure:20848: $? = 1
configure: failed program was:
| /* confdefs.h.  */
| 
| #define PACKAGE_NAME "PostgreSQL"
| #define PACKAGE_TARNAME "postgresql"
| #define PACKAGE_VERSION "8.1.7"
| #define PACKAGE_STRING "PostgreSQL 8.1.7"
| #define PACKAGE_BUGREPORT "pgsql-bugs@postgresql.org"
| #define PG_VERSION "8.1.7"
| #define DEF_PGPORT 5432
| #define DEF_PGPORT_STR "5432"
| #define PG_VERSION_STR "PostgreSQL 8.1.7 on i686-apple-darwin13.4.0, compiled by GCC Apple LLVM version 6.0 (clang-600.0.54) (based on LLVM 3.5svn)"
| #define PG_KRB_SRVNAM "postgres"
| #define HAVE_LIBM 1
| #define HAVE_LIBDL 1
| #define HAVE_LIBRESOLV 1
| #define HAVE_LIBREADLINE 1
| #define HAVE_LIBZ 1
| #define HAVE_SPINLOCKS 1
| #define STDC_HEADERS 1
| #define HAVE_SYS_TYPES_H 1
| #define HAVE_SYS_STAT_H 1
| #define HAVE_STDLIB_H 1
| #define HAVE_STRING_H 1
| #define HAVE_MEMORY_H 1
| #define HAVE_STRINGS_H 1
| #define HAVE_INTTYPES_H 1
| #define HAVE_STDINT_H 1
| #define HAVE_UNISTD_H 1
| #define HAVE_GETOPT_H 1
| #define HAVE_LANGINFO_H 1
| #define HAVE_POLL_H 1
| #define HAVE_PWD_H 1
| #define HAVE_SYS_IPC_H 1
| #define HAVE_SYS_POLL_H 1
| #define HAVE_SYS_SELECT_H 1
| #define HAVE_SYS_SEM_H 1
| #define HAVE_SYS_SOCKET_H 1
| #define HAVE_SYS_SHM_H 1
| #define HAVE_SYS_TIME_H 1
| #define HAVE_SYS_UN_H 1
| #define HAVE_TERMIOS_H 1
| #define HAVE_UTIME_H 1
| #define HAVE_WCHAR_H 1
| #define HAVE_WCTYPE_H 1
| #define HAVE_NETINET_IN_H 1
| #define HAVE_NETINET_TCP_H 1
| #define HAVE_READLINE_READLINE_H 1
| #define HAVE_READLINE_HISTORY_H 1
| #define HAVE_STRINGIZE 1
| #define HAVE_FUNCNAME__FUNC 1
| #define HAVE_STRUCT_TM_TM_ZONE 1
| #define HAVE_TM_ZONE 1
| #define HAVE_TZNAME 1
| #define HAVE_UNION_SEMUN 1
| #define HAVE_STRUCT_SOCKADDR_UN 1
| #define HAVE_UNIX_SOCKETS 1
| #define HAVE_STRUCT_SOCKADDR_STORAGE 1
| #define HAVE_STRUCT_SOCKADDR_STORAGE_SS_FAMILY 1
| #define HAVE_STRUCT_SOCKADDR_STORAGE_SS_LEN 1
| #define HAVE_STRUCT_SOCKADDR_SA_LEN 1
| #define HAVE_STRUCT_ADDRINFO 1
| #define HAVE_STRUCT_OPTION 1
| #define HAVE_DECL_F_FULLFSYNC 1
| #define HAVE_INT_TIMEZONE
| #define ACCEPT_TYPE_RETURN int
| #define ACCEPT_TYPE_ARG1 int
| #define ACCEPT_TYPE_ARG2 struct sockaddr *
| #define ACCEPT_TYPE_ARG3 socklen_t
| #define HAVE_CBRT 1
| #define HAVE_DLOPEN 1
| #define HAVE_FCVT 1
| #define HAVE_FDATASYNC 1
| #define HAVE_GETPEEREID 1
| #define HAVE_MEMMOVE 1
| #define HAVE_POLL 1
| #define HAVE_READLINK 1
| #define HAVE_SETSID 1
| #define HAVE_SIGPROCMASK 1
| #define HAVE_SYMLINK 1
| #define HAVE_SYSCONF 1
| #define HAVE_TOWLOWER 1
| #define HAVE_UTIME 1
| #define HAVE_UTIMES 1
| #define HAVE_WAITPID 1
| #define HAVE_WCSTOMBS 1
| #define HAVE_DECL_FDATASYNC 0
| #define HAVE_IPV6 1
| #define HAVE_SNPRINTF 1
| #define HAVE_VSNPRINTF 1
| #define HAVE_DECL_SNPRINTF 1
| #define HAVE_DECL_VSNPRINTF 1
| #define HAVE_ISINF 1
| #define HAVE_CRYPT 1
| #define HAVE_FSEEKO 1
| #define HAVE_GETOPT 1
| #define HAVE_GETRUSAGE 1
| #define HAVE_INET_ATON 1
| #define HAVE_RANDOM 1
| #define HAVE_RINT 1
| #define HAVE_SRANDOM 1
| #define HAVE_STRDUP 1
| #define HAVE_STRERROR 1
| #define HAVE_STRTOL 1
| #define HAVE_STRTOUL 1
| #define HAVE_UNSETENV 1
| #define HAVE_GETADDRINFO 1
| #define HAVE_GETOPT_LONG 1
| #define HAVE_RL_COMPLETION_APPEND_CHARACTER 1
| #define HAVE_RL_COMPLETION_MATCHES 1
| #define HAVE_RL_FILENAME_COMPLETION_FUNCTION 1
| #define HAVE_REPLACE_HISTORY_ENTRY 1
| #define HAVE_FINITE 1
| #define HAVE_SIGSETJMP 1
| #define HAVE_SYSLOG 1
| #define HAVE_INT_OPTRESET 1
| #define HAVE_STRTOLL 1
| #define HAVE_STRTOULL 1
| #define HAVE_ATEXIT 1
| #define HAVE_FSEEKO 1
| #define HAVE_LONG_INT_64
| #define INT64_FORMAT "%ld"
| #define UINT64_FORMAT "%lu"
| #define SIZEOF_UNSIGNED_LONG 8
| #define SIZEOF_SIZE_T 8
| #define ALIGNOF_SHORT 2
| #define ALIGNOF_INT 4
| #define ALIGNOF_LONG 8
| #define ALIGNOF_DOUBLE 8
| #define MAXIMUM_ALIGNOF 8
| /* end confdefs.h.  */
| #include <stdio.h>
| #ifdef HAVE_SUPPORTDEFS_H
| #include <SupportDefs.h>
| #endif
| 
| int
| main ()
| {
| if ((int64 *) 0)
|   return 0;
| if (sizeof (int64))
|   return 0;
|   ;
|   return 0;
| }
configure:20872: result: no
configure:20882: checking for uint64
configure:20910: gcc -no-cpp-precomp -c -O2 -Wall -Wmissing-prototypes -Wpointer-arith -Winline -Wdeclaration-after-statement -Wendif-labels -fno-strict-aliasing   conftest.c >&5
conftest.c:139:6: error: use of undeclared identifier 'uint64'
if ((uint64 *) 0)
     ^
conftest.c:139:14: error: expected expression
if ((uint64 *) 0)
             ^
conftest.c:141:13: error: use of undeclared identifier 'uint64'
if (sizeof (uint64))
            ^
3 errors generated.
configure:20916: $? = 1
configure: failed program was:
| /* confdefs.h.  */
| 
| #define PACKAGE_NAME "PostgreSQL"
| #define PACKAGE_TARNAME "postgresql"
| #define PACKAGE_VERSION "8.1.7"
| #define PACKAGE_STRING "PostgreSQL 8.1.7"
| #define PACKAGE_BUGREPORT "pgsql-bugs@postgresql.org"
| #define PG_VERSION "8.1.7"
| #define DEF_PGPORT 5432
| #define DEF_PGPORT_STR "5432"
| #define PG_VERSION_STR "PostgreSQL 8.1.7 on i686-apple-darwin13.4.0, compiled by GCC Apple LLVM version 6.0 (clang-600.0.54) (based on LLVM 3.5svn)"
| #define PG_KRB_SRVNAM "postgres"
| #define HAVE_LIBM 1
| #define HAVE_LIBDL 1
| #define HAVE_LIBRESOLV 1
| #define HAVE_LIBREADLINE 1
| #define HAVE_LIBZ 1
| #define HAVE_SPINLOCKS 1
| #define STDC_HEADERS 1
| #define HAVE_SYS_TYPES_H 1
| #define HAVE_SYS_STAT_H 1
| #define HAVE_STDLIB_H 1
| #define HAVE_STRING_H 1
| #define HAVE_MEMORY_H 1
| #define HAVE_STRINGS_H 1
| #define HAVE_INTTYPES_H 1
| #define HAVE_STDINT_H 1
| #define HAVE_UNISTD_H 1
| #define HAVE_GETOPT_H 1
| #define HAVE_LANGINFO_H 1
| #define HAVE_POLL_H 1
| #define HAVE_PWD_H 1
| #define HAVE_SYS_IPC_H 1
| #define HAVE_SYS_POLL_H 1
| #define HAVE_SYS_SELECT_H 1
| #define HAVE_SYS_SEM_H 1
| #define HAVE_SYS_SOCKET_H 1
| #define HAVE_SYS_SHM_H 1
| #define HAVE_SYS_TIME_H 1
| #define HAVE_SYS_UN_H 1
| #define HAVE_TERMIOS_H 1
| #define HAVE_UTIME_H 1
| #define HAVE_WCHAR_H 1
| #define HAVE_WCTYPE_H 1
| #define HAVE_NETINET_IN_H 1
| #define HAVE_NETINET_TCP_H 1
| #define HAVE_READLINE_READLINE_H 1
| #define HAVE_READLINE_HISTORY_H 1
| #define HAVE_STRINGIZE 1
| #define HAVE_FUNCNAME__FUNC 1
| #define HAVE_STRUCT_TM_TM_ZONE 1
| #define HAVE_TM_ZONE 1
| #define HAVE_TZNAME 1
| #define HAVE_UNION_SEMUN 1
| #define HAVE_STRUCT_SOCKADDR_UN 1
| #define HAVE_UNIX_SOCKETS 1
| #define HAVE_STRUCT_SOCKADDR_STORAGE 1
| #define HAVE_STRUCT_SOCKADDR_STORAGE_SS_FAMILY 1
| #define HAVE_STRUCT_SOCKADDR_STORAGE_SS_LEN 1
| #define HAVE_STRUCT_SOCKADDR_SA_LEN 1
| #define HAVE_STRUCT_ADDRINFO 1
| #define HAVE_STRUCT_OPTION 1
| #define HAVE_DECL_F_FULLFSYNC 1
| #define HAVE_INT_TIMEZONE
| #define ACCEPT_TYPE_RETURN int
| #define ACCEPT_TYPE_ARG1 int
| #define ACCEPT_TYPE_ARG2 struct sockaddr *
| #define ACCEPT_TYPE_ARG3 socklen_t
| #define HAVE_CBRT 1
| #define HAVE_DLOPEN 1
| #define HAVE_FCVT 1
| #define HAVE_FDATASYNC 1
| #define HAVE_GETPEEREID 1
| #define HAVE_MEMMOVE 1
| #define HAVE_POLL 1
| #define HAVE_READLINK 1
| #define HAVE_SETSID 1
| #define HAVE_SIGPROCMASK 1
| #define HAVE_SYMLINK 1
| #define HAVE_SYSCONF 1
| #define HAVE_TOWLOWER 1
| #define HAVE_UTIME 1
| #define HAVE_UTIMES 1
| #define HAVE_WAITPID 1
| #define HAVE_WCSTOMBS 1
| #define HAVE_DECL_FDATASYNC 0
| #define HAVE_IPV6 1
| #define HAVE_SNPRINTF 1
| #define HAVE_VSNPRINTF 1
| #define HAVE_DECL_SNPRINTF 1
| #define HAVE_DECL_VSNPRINTF 1
| #define HAVE_ISINF 1
| #define HAVE_CRYPT 1
| #define HAVE_FSEEKO 1
| #define HAVE_GETOPT 1
| #define HAVE_GETRUSAGE 1
| #define HAVE_INET_ATON 1
| #define HAVE_RANDOM 1
| #define HAVE_RINT 1
| #define HAVE_SRANDOM 1
| #define HAVE_STRDUP 1
| #define HAVE_STRERROR 1
| #define HAVE_STRTOL 1
| #define HAVE_STRTOUL 1
| #define HAVE_UNSETENV 1
| #define HAVE_GETADDRINFO 1
| #define HAVE_GETOPT_LONG 1
| #define HAVE_RL_COMPLETION_APPEND_CHARACTER 1
| #define HAVE_RL_COMPLETION_MATCHES 1
| #define HAVE_RL_FILENAME_COMPLETION_FUNCTION 1
| #define HAVE_REPLACE_HISTORY_ENTRY 1
| #define HAVE_FINITE 1
| #define HAVE_SIGSETJMP 1
| #define HAVE_SYSLOG 1
| #define HAVE_INT_OPTRESET 1
| #define HAVE_STRTOLL 1
| #define HAVE_STRTOULL 1
| #define HAVE_ATEXIT 1
| #define HAVE_FSEEKO 1
| #define HAVE_LONG_INT_64
| #define INT64_FORMAT "%ld"
| #define UINT64_FORMAT "%lu"
| #define SIZEOF_UNSIGNED_LONG 8
| #define SIZEOF_SIZE_T 8
| #define ALIGNOF_SHORT 2
| #define ALIGNOF_INT 4
| #define ALIGNOF_LONG 8
| #define ALIGNOF_DOUBLE 8
| #define MAXIMUM_ALIGNOF 8
| /* end confdefs.h.  */
| #include <stdio.h>
| #ifdef HAVE_SUPPORTDEFS_H
| #include <SupportDefs.h>
| #endif
| 
| int
| main ()
| {
| if ((uint64 *) 0)
|   return 0;
| if (sizeof (uint64))
|   return 0;
|   ;
|   return 0;
| }
configure:20940: result: no
configure:20954: checking for sig_atomic_t
configure:20979: gcc -no-cpp-precomp -c -O2 -Wall -Wmissing-prototypes -Wpointer-arith -Winline -Wdeclaration-after-statement -Wendif-labels -fno-strict-aliasing   conftest.c >&5
configure:20985: $? = 0
configure:20989: test -z 
			 || test ! -s conftest.err
configure:20992: $? = 0
configure:20995: test -s conftest.o
configure:20998: $? = 0
configure:21009: result: yes
configure:21024: checking for POSIX signal interface
configure:21049: gcc -no-cpp-precomp -o conftest -O2 -Wall -Wmissing-prototypes -Wpointer-arith -Winline -Wdeclaration-after-statement -Wendif-labels -fno-strict-aliasing     conftest.c -lz -lreadline -lresolv -ldl -lm  >&5
configure:21055: $? = 0
configure:21059: test -z 
			 || test ! -s conftest.err
configure:21062: $? = 0
configure:21065: test -s conftest
configure:21068: $? = 0
configure:21080: result: yes
configure:21112: checking for special C compiler options needed for large files
configure:21211: result: no
configure:21217: checking for _FILE_OFFSET_BITS value needed for large files
configure:21248: gcc -no-cpp-precomp -c -O2 -Wall -Wmissing-prototypes -Wpointer-arith -Winline -Wdeclaration-after-statement -Wendif-labels -fno-strict-aliasing   conftest.c >&5
configure:21254: $? = 0
configure:21258: test -z 
			 || test ! -s conftest.err
configure:21261: $? = 0
configure:21264: test -s conftest.o
configure:21267: $? = 0
configure:21332: result: no
configure:21342: checking for _LARGE_FILES value needed for large files
configure:21373: gcc -no-cpp-precomp -c -O2 -Wall -Wmissing-prototypes -Wpointer-arith -Winline -Wdeclaration-after-statement -Wendif-labels -fno-strict-aliasing   conftest.c >&5
configure:21379: $? = 0
configure:21383: test -z 
			 || test ! -s conftest.err
configure:21386: $? = 0
configure:21389: test -s conftest.o
configure:21392: $? = 0
configure:21457: result: no
configure:21472: checking for working memcmp
configure:21520: gcc -no-cpp-precomp -o conftest -O2 -Wall -Wmissing-prototypes -Wpointer-arith -Winline -Wdeclaration-after-statement -Wendif-labels -fno-strict-aliasing     conftest.c -lz -lreadline -lresolv -ldl -lm  >&5
configure:21523: $? = 0
configure:21525: ./conftest
configure:21528: $? = 0
configure:21542: result: yes
configure:22259: checking for onsgmls
configure:22288: result: no
configure:22259: checking for nsgmls
configure:22288: result: no
configure:22299: checking for openjade
configure:22328: result: no
configure:22299: checking for jade
configure:22328: result: no
configure:22336: checking for DocBook V4.2
configure:22365: result: no
configure:22371: checking for DocBook stylesheets
configure:22408: result: no
configure:22461: checking for collateindex.pl
configure:22494: result: no
configure:22506: checking for sgmlspl
configure:22535: result: no
configure:22779: creating ./config.status

## ---------------------- ##
## Running config.status. ##
## ---------------------- ##

This file was extended by PostgreSQL config.status 8.1.7, which was
generated by GNU Autoconf 2.59.  Invocation command line was

  CONFIG_FILES    = 
  CONFIG_HEADERS  = 
  CONFIG_LINKS    = 
  CONFIG_COMMANDS = 
  $ ./config.status 

on Kat'sMacBookPro

config.status:746: creating GNUmakefile
config.status:746: creating src/Makefile.global
config.status:849: creating src/include/pg_config.h
config.status:1301: linking ./src/backend/port/tas/dummy.s to src/backend/port/tas.s
config.status:1301: linking ./src/backend/port/dynloader/darwin.c to src/backend/port/dynloader.c
config.status:1301: linking ./src/backend/port/posix_sema.c to src/backend/port/pg_sema.c
config.status:1301: linking ./src/backend/port/sysv_shmem.c to src/backend/port/pg_shmem.c
config.status:1301: linking ./src/backend/port/dynloader/darwin.h to src/include/dynloader.h
config.status:1301: linking ./src/include/port/darwin.h to src/include/pg_config_os.h
config.status:1301: linking ./src/makefiles/Makefile.darwin to src/Makefile.port

## ---------------- ##
## Cache variables. ##
## ---------------- ##

ac_cv_build=i686-apple-darwin13.4.0
ac_cv_build_alias=i686-apple-darwin13.4.0
ac_cv_c_compiler_gnu=yes
ac_cv_c_const=yes
ac_cv_c_inline=inline
ac_cv_c_stringize=yes
ac_cv_c_volatile=yes
ac_cv_env_CC_set=
ac_cv_env_CC_value=
ac_cv_env_CFLAGS_set=
ac_cv_env_CFLAGS_value=
ac_cv_env_CPPFLAGS_set=
ac_cv_env_CPPFLAGS_value=
ac_cv_env_CPP_set=
ac_cv_env_CPP_value=
ac_cv_env_DOCBOOKSTYLE_set=
ac_cv_env_DOCBOOKSTYLE_value=
ac_cv_env_LDFLAGS_SL_set=
ac_cv_env_LDFLAGS_SL_value=
ac_cv_env_LDFLAGS_set=
ac_cv_env_LDFLAGS_value=
ac_cv_env_build_alias_set=
ac_cv_env_build_alias_value=
ac_cv_env_host_alias_set=
ac_cv_env_host_alias_value=
ac_cv_env_target_alias_set=
ac_cv_env_target_alias_value=
ac_cv_exeext=
ac_cv_func_accept_arg1=int
ac_cv_func_accept_arg2='struct sockaddr *'
ac_cv_func_accept_arg3=socklen_t
ac_cv_func_accept_return=int
ac_cv_func_atexit=yes
ac_cv_func_cbrt=yes
ac_cv_func_crypt=yes
ac_cv_func_dlopen=yes
ac_cv_func_fcvt=yes
ac_cv_func_fdatasync=yes
ac_cv_func_fseeko=yes
ac_cv_func_getaddrinfo=yes
ac_cv_func_getopt=yes
ac_cv_func_getopt_long=yes
ac_cv_func_getpeereid=yes
ac_cv_func_getrusage=yes
ac_cv_func_inet_aton=yes
ac_cv_func_isinf=yes
ac_cv_func_memcmp_working=yes
ac_cv_func_memmove=yes
ac_cv_func_poll=yes
ac_cv_func_pstat=no
ac_cv_func_random=yes
ac_cv_func_readlink=yes
ac_cv_func_replace_history_entry=yes
ac_cv_func_rint=yes
ac_cv_func_rl_completion_matches=yes
ac_cv_func_rl_filename_completion_function=yes
ac_cv_func_setproctitle=no
ac_cv_func_setsid=yes
ac_cv_func_sigprocmask=yes
ac_cv_func_snprintf=yes
ac_cv_func_srandom=yes
ac_cv_func_strdup=yes
ac_cv_func_strerror=yes
ac_cv_func_strtol=yes
ac_cv_func_strtoll=yes
ac_cv_func_strtoul=yes
ac_cv_func_strtoull=yes
ac_cv_func_symlink=yes
ac_cv_func_sysconf=yes
ac_cv_func_syslog=yes
ac_cv_func_towlower=yes
ac_cv_func_unsetenv=yes
ac_cv_func_utime=yes
ac_cv_func_utimes=yes
ac_cv_func_vsnprintf=yes
ac_cv_func_waitpid=yes
ac_cv_func_wcstombs=yes
ac_cv_have_decl_F_FULLFSYNC=yes
ac_cv_have_decl_fdatasync=no
ac_cv_have_decl_snprintf=yes
ac_cv_have_decl_vsnprintf=yes
ac_cv_header_SupportDefs_h=no
ac_cv_header_crypt_h=no
ac_cv_header_dld_h=no
ac_cv_header_endian_h=no
ac_cv_header_fp_class_h=no
ac_cv_header_getopt_h=yes
ac_cv_header_ieeefp_h=no
ac_cv_header_inttypes_h=yes
ac_cv_header_kernel_OS_h=no
ac_cv_header_kernel_image_h=no
ac_cv_header_langinfo_h=yes
ac_cv_header_memory_h=yes
ac_cv_header_netinet_in_h=yes
ac_cv_header_netinet_tcp_h=yes
ac_cv_header_poll_h=yes
ac_cv_header_pwd_h=yes
ac_cv_header_readline_history_h=yes
ac_cv_header_readline_readline_h=yes
ac_cv_header_stdc=yes
ac_cv_header_stdint_h=yes
ac_cv_header_stdlib_h=yes
ac_cv_header_string_h=yes
ac_cv_header_strings_h=yes
ac_cv_header_sys_ipc_h=yes
ac_cv_header_sys_poll_h=yes
ac_cv_header_sys_pstat_h=no
ac_cv_header_sys_select_h=yes
ac_cv_header_sys_sem_h=yes
ac_cv_header_sys_shm_h=yes
ac_cv_header_sys_socket_h=yes
ac_cv_header_sys_stat_h=yes
ac_cv_header_sys_time_h=yes
ac_cv_header_sys_types_h=yes
ac_cv_header_sys_un_h=yes
ac_cv_header_syslog_h=yes
ac_cv_header_termios_h=yes
ac_cv_header_unistd_h=yes
ac_cv_header_utime_h=yes
ac_cv_header_wchar_h=yes
ac_cv_header_wctype_h=yes
ac_cv_header_zlib_h=yes
ac_cv_host=i686-apple-darwin13.4.0
ac_cv_host_alias=i686-apple-darwin13.4.0
ac_cv_lib_BSD_main=no
ac_cv_lib_IPC_main=no
ac_cv_lib_PW_main=no
ac_cv_lib_bsd_main=no
ac_cv_lib_compat_main=no
ac_cv_lib_cygipc_shmget=no
ac_cv_lib_dl_main=yes
ac_cv_lib_dld_main=no
ac_cv_lib_gen_main=no
ac_cv_lib_ipc_main=no
ac_cv_lib_lc_main=no
ac_cv_lib_ld_main=no
ac_cv_lib_m_main=yes
ac_cv_lib_nsl_main=no
ac_cv_lib_resolv_main=yes
ac_cv_lib_socket_main=no
ac_cv_lib_unix_main=no
ac_cv_lib_util_setproctitle=no
ac_cv_lib_z_inflate=yes
ac_cv_member_struct_sockaddr_sa_len=yes
ac_cv_member_struct_sockaddr_storage___ss_family=no
ac_cv_member_struct_sockaddr_storage___ss_len=no
ac_cv_member_struct_sockaddr_storage_ss_family=yes
ac_cv_member_struct_sockaddr_storage_ss_len=yes
ac_cv_member_struct_tm_tm_zone=yes
ac_cv_objext=o
ac_cv_path_LD=/Applications/Xcode.app/Contents/Developer/Toolchains/XcodeDefault.xctoolchain/usr/bin/ld
ac_cv_path_PERL=/usr/bin/perl
ac_cv_path_TAR=/usr/bin/tar
ac_cv_prog_AWK=awk
ac_cv_prog_CPP='gcc -no-cpp-precomp -E'
ac_cv_prog_LORDER=lorder
ac_cv_prog_YACC='bison -y'
ac_cv_prog_ac_ct_CC=gcc
ac_cv_prog_ac_ct_RANLIB=ranlib
ac_cv_prog_ac_ct_STRIP=strip
ac_cv_prog_cc_g=yes
ac_cv_prog_cc_stdc=
ac_cv_prog_egrep='grep -E'
ac_cv_prog_gnu_ld=no
ac_cv_search_crypt='none required'
ac_cv_search_fdatasync='none required'
ac_cv_search_getopt_long='none required'
ac_cv_sizeof_size_t=8
ac_cv_sizeof_unsigned_long=8
ac_cv_struct_tm=time.h
ac_cv_sys_file_offset_bits=no
ac_cv_sys_large_files=no
ac_cv_sys_largefile_CC=no
ac_cv_sys_largefile_source=no
ac_cv_type_double=yes
ac_cv_type_int=yes
ac_cv_type_int64=no
ac_cv_type_int8=no
ac_cv_type_long=yes
ac_cv_type_short=yes
ac_cv_type_sig_atomic_t=yes
ac_cv_type_size_t=yes
ac_cv_type_struct_addrinfo=yes
ac_cv_type_struct_cmsgcred=no
ac_cv_type_struct_fcred=no
ac_cv_type_struct_option=yes
ac_cv_type_struct_sockaddr_in6=yes
ac_cv_type_struct_sockaddr_storage=yes
ac_cv_type_struct_sockaddr_un=yes
ac_cv_type_struct_sockcred=no
ac_cv_type_uint64=no
ac_cv_type_uint8=no
ac_cv_type_union_semun=yes
ac_cv_type_unsigned_long=yes
ac_cv_type_z_streamp=yes
ac_cv_var_tzname=yes
pgac_cv_alignof_double=8
pgac_cv_alignof_int=4
pgac_cv_alignof_long=8
pgac_cv_alignof_short=2
pgac_cv_c_signed=yes
pgac_cv_check_docbook=no
pgac_cv_check_readline=-lreadline
pgac_cv_func_gettimeofday_1arg=no
pgac_cv_func_posix_signals=yes
pgac_cv_funcname_func_support=yes
pgac_cv_path_flex=/usr/bin/flex
pgac_cv_type_long_int_64=yes
pgac_cv_var_PS_STRINGS=no
pgac_cv_var_int_optreset=yes
pgac_cv_var_int_timezone=yes

## ----------------- ##
## Output variables. ##
## ----------------- ##

AWK='awk'
CC='gcc -no-cpp-precomp'
CFLAGS='-O2 -Wall -Wmissing-prototypes -Wpointer-arith -Winline -Wdeclaration-after-statement -Wendif-labels -fno-strict-aliasing'
COLLATEINDEX=''
CPP='gcc -no-cpp-precomp -E'
CPPFLAGS=' '
DEFS='-DHAVE_CONFIG_H'
DOCBOOKSTYLE=''
ECHO_C='ECHO_N=''
ECHO_T=''
EGREP='grep -E'
ELF_SYS=''
EXEEXT=''
FLEX='/usr/bin/flex'
FLEXFLAGS=''
GCC='yes'
HAVE_IPV6='yes'
HAVE_POSIX_SIGNALS='yes'
INCLUDES=''
JADE=''
LD='/Applications/Xcode.app/Contents/Developer/Toolchains/XcodeDefault.xctoolchain/usr/bin/ld'
LDFLAGS=' '
LDFLAGS_SL=''
LIBOBJS=''
LIBS='-lz -lreadline -lresolv -ldl -lm '
LN_S='ln -s'
LORDER='lorder'
LTLIBOBJS=''
MSGFMT=''
MSGMERGE=''
NSGMLS=''
OBJEXT='o'
PACKAGE_BUGREPORT='pgsql-bugs@postgresql.org'
PACKAGE_NAME='PostgreSQL'
PACKAGE_STRING='PostgreSQL 8.1.7'
PACKAGE_TARNAME='postgresql'
PACKAGE_VERSION='8.1.7'
PATH_SEPARATOR=':'
PERL='/usr/bin/perl'
PORTNAME='darwin'
PTHREAD_CC=''
PTHREAD_CFLAGS=''
PTHREAD_LIBS=''
PYTHON=''
RANLIB='ranlib'
SGMLSPL=''
SHELL='/bin/sh'
STRIP='strip'
STRIP_SHARED_LIB=':'
STRIP_STATIC_LIB=':'
TAR='/usr/bin/tar'
TAS=''
TCLSH=''
TCL_CONFIG_SH=''
TCL_INCLUDE_SPEC=''
TCL_LIBS=''
TCL_LIB_FILE=''
TCL_LIB_SPEC=''
TCL_SHARED_BUILD=''
TCL_SHLIB_LD_LIBS=''
WANTED_LANGUAGES=''
XGETTEXT=''
YACC='bison -y'
YFLAGS=''
ac_ct_CC='gcc'
ac_ct_RANLIB='ranlib'
ac_ct_STRIP='strip'
acx_pthread_config=''
autodepend=''
bindir='${exec_prefix}/bin'
build='i686-apple-darwin13.4.0'
build_alias=''
build_cpu='i686'
build_os='darwin13.4.0'
build_vendor='apple'
configure_args=''
datadir='${prefix}/share'
default_port='5432'
docdir='${prefix}/doc'
enable_debug='no'
enable_nls='no'
enable_rpath='yes'
enable_shared='yes'
enable_thread_safety='no'
exec_prefix='${prefix}'
have_docbook='no'
host='i686-apple-darwin13.4.0'
host_alias=''
host_cpu='i686'
host_os='darwin13.4.0'
host_vendor='apple'
includedir='${prefix}/include'
infodir='${prefix}/info'
krb_srvtab=''
ld_R_works=''
libdir='${exec_prefix}/lib'
libexecdir='${exec_prefix}/libexec'
localedir=''
localstatedir='${prefix}/var'
mandir='${prefix}/man'
oldincludedir='/usr/include'
perl_archlibexp=''
perl_embed_ldflags=''
perl_privlibexp=''
perl_useshrplib=''
prefix='/usr/local/pgsql'
program_transform_name='s,x,x,'
python_additional_libs=''
python_configdir=''
python_includespec=''
python_libdir=''
python_libspec=''
python_version=''
sbindir='${exec_prefix}/sbin'
sharedstatedir='${prefix}/com'
sysconfdir='${prefix}/etc'
target_alias=''
vpath_build='no'
with_bonjour='no'
with_gnu_ld='no'
with_krb5='no'
with_openssl='no'
with_pam='no'
with_perl='no'
with_python='no'
with_tcl='no'
with_zlib='yes'

## ----------- ##
## confdefs.h. ##
## ----------- ##

#define ACCEPT_TYPE_ARG1 int
#define ACCEPT_TYPE_ARG2 struct sockaddr *
#define ACCEPT_TYPE_ARG3 socklen_t
#define ACCEPT_TYPE_RETURN int
#define ALIGNOF_DOUBLE 8
#define ALIGNOF_INT 4
#define ALIGNOF_LONG 8
#define ALIGNOF_SHORT 2
#define DEF_PGPORT 5432
#define DEF_PGPORT_STR "5432"
#define HAVE_ATEXIT 1
#define HAVE_CBRT 1
#define HAVE_CRYPT 1
#define HAVE_DECL_FDATASYNC 0
#define HAVE_DECL_F_FULLFSYNC 1
#define HAVE_DECL_SNPRINTF 1
#define HAVE_DECL_VSNPRINTF 1
#define HAVE_DLOPEN 1
#define HAVE_FCVT 1
#define HAVE_FDATASYNC 1
#define HAVE_FINITE 1
#define HAVE_FSEEKO 1
#define HAVE_FSEEKO 1
#define HAVE_FUNCNAME__FUNC 1
#define HAVE_GETADDRINFO 1
#define HAVE_GETOPT 1
#define HAVE_GETOPT_H 1
#define HAVE_GETOPT_LONG 1
#define HAVE_GETPEEREID 1
#define HAVE_GETRUSAGE 1
#define HAVE_INET_ATON 1
#define HAVE_INTTYPES_H 1
#define HAVE_INT_OPTRESET 1
#define HAVE_INT_TIMEZONE
#define HAVE_IPV6 1
#define HAVE_ISINF 1
#define HAVE_LANGINFO_H 1
#define HAVE_LIBDL 1
#define HAVE_LIBM 1
#define HAVE_LIBREADLINE 1
#define HAVE_LIBRESOLV 1
#define HAVE_LIBZ 1
#define HAVE_LONG_INT_64
#define HAVE_MEMMOVE 1
#define HAVE_MEMORY_H 1
#define HAVE_NETINET_IN_H 1
#define HAVE_NETINET_TCP_H 1
#define HAVE_POLL 1
#define HAVE_POLL_H 1
#define HAVE_POSIX_SIGNALS
#define HAVE_PWD_H 1
#define HAVE_RANDOM 1
#define HAVE_READLINE_HISTORY_H 1
#define HAVE_READLINE_READLINE_H 1
#define HAVE_READLINK 1
#define HAVE_REPLACE_HISTORY_ENTRY 1
#define HAVE_RINT 1
#define HAVE_RL_COMPLETION_APPEND_CHARACTER 1
#define HAVE_RL_COMPLETION_MATCHES 1
#define HAVE_RL_FILENAME_COMPLETION_FUNCTION 1
#define HAVE_SETSID 1
#define HAVE_SIGPROCMASK 1
#define HAVE_SIGSETJMP 1
#define HAVE_SIG_ATOMIC_T 1
#define HAVE_SNPRINTF 1
#define HAVE_SPINLOCKS 1
#define HAVE_SRANDOM 1
#define HAVE_STDINT_H 1
#define HAVE_STDLIB_H 1
#define HAVE_STRDUP 1
#define HAVE_STRERROR 1
#define HAVE_STRINGIZE 1
#define HAVE_STRINGS_H 1
#define HAVE_STRING_H 1
#define HAVE_STRTOL 1
#define HAVE_STRTOLL 1
#define HAVE_STRTOUL 1
#define HAVE_STRTOULL 1
#define HAVE_STRUCT_ADDRINFO 1
#define HAVE_STRUCT_OPTION 1
#define HAVE_STRUCT_SOCKADDR_SA_LEN 1
#define HAVE_STRUCT_SOCKADDR_STORAGE 1
#define HAVE_STRUCT_SOCKADDR_STORAGE_SS_FAMILY 1
#define HAVE_STRUCT_SOCKADDR_STORAGE_SS_LEN 1
#define HAVE_STRUCT_SOCKADDR_UN 1
#define HAVE_STRUCT_TM_TM_ZONE 1
#define HAVE_SYMLINK 1
#define HAVE_SYSCONF 1
#define HAVE_SYSLOG 1
#define HAVE_SYS_IPC_H 1
#define HAVE_SYS_POLL_H 1
#define HAVE_SYS_SELECT_H 1
#define HAVE_SYS_SEM_H 1
#define HAVE_SYS_SHM_H 1
#define HAVE_SYS_SOCKET_H 1
#define HAVE_SYS_STAT_H 1
#define HAVE_SYS_TIME_H 1
#define HAVE_SYS_TYPES_H 1
#define HAVE_SYS_UN_H 1
#define HAVE_TERMIOS_H 1
#define HAVE_TM_ZONE 1
#define HAVE_TOWLOWER 1
#define HAVE_TZNAME 1
#define HAVE_UNION_SEMUN 1
#define HAVE_UNISTD_H 1
#define HAVE_UNIX_SOCKETS 1
#define HAVE_UNSETENV 1
#define HAVE_UTIME 1
#define HAVE_UTIMES 1
#define HAVE_UTIME_H 1
#define HAVE_VSNPRINTF 1
#define HAVE_WAITPID 1
#define HAVE_WCHAR_H 1
#define HAVE_WCSTOMBS 1
#define HAVE_WCTYPE_H 1
#define INT64_FORMAT "%ld"
#define MAXIMUM_ALIGNOF 8
#define PACKAGE_BUGREPORT "pgsql-bugs@postgresql.org"
#define PACKAGE_NAME "PostgreSQL"
#define PACKAGE_STRING "PostgreSQL 8.1.7"
#define PACKAGE_TARNAME "postgresql"
#define PACKAGE_VERSION "8.1.7"
#define PG_KRB_SRVNAM "postgres"
#define PG_VERSION "8.1.7"
#define PG_VERSION_STR "PostgreSQL 8.1.7 on i686-apple-darwin13.4.0, compiled by GCC Apple LLVM version 6.0 (clang-600.0.54) (based on LLVM 3.5svn)"
#define SIZEOF_SIZE_T 8
#define SIZEOF_UNSIGNED_LONG 8
#define STDC_HEADERS 1
#define UINT64_FORMAT "%lu"
#define USE_NAMED_POSIX_SEMAPHORES 1
#define USE_SYSV_SHARED_MEMORY 1

configure: exit 0
